===2018-04-03 09:01:44.063 [main] INFO  com.army.util.TimerTask Line:18 -start.............
===2018-04-03 09:03:28.334 [main] INFO  com.army.util.TimerTask Line:18 -start.............
===2018-04-03 09:21:53.881 [main] INFO  com.army.util.TimerTask Line:18 -start.............
===2018-04-03 09:23:34.814 [main] INFO  com.army.util.TimerTask Line:18 -start.............
===2018-04-03 09:24:32.266 [main] INFO  com.army.util.TimerTask Line:18 -start.............
===2018-04-03 09:31:50.888 [main] INFO  com.army.util.TimerTask Line:18 -start.............
===2018-04-03 10:08:37.753 [main] INFO  com.army.util.TimerTask Line:18 -start.............
===2018-04-03 10:14:07.583 [main] INFO  com.army.util.TimerTask Line:18 -start.............
===2018-04-03 10:23:52.706 [main] INFO  com.army.util.TimerTask Line:18 -start.............
===2018-04-03 10:39:05.719 [main] INFO  com.army.util.TimerTask Line:18 -start.............
===2018-04-03 10:40:08.485 [http-nio-8080-exec-10] INFO  com.army.util.UpLoadImageUtil Line:79 -media:上传{}{"tipStatusContent":"上传成功","error":0,"url":"/upload/music/20180403104003405_1.mp3"}
===2018-04-03 11:41:29.017 [main] INFO  com.army.util.TimerTask Line:18 -start.............
===2018-04-03 11:55:26.967 [main] INFO  com.army.util.TimerTask Line:18 -start.............
===2018-04-03 13:15:19.970 [main] INFO  com.army.util.TimerTask Line:18 -start.............
===2018-04-03 13:34:36.960 [main] INFO  com.army.util.TimerTask Line:18 -start.............
===2018-04-03 13:36:23.259 [http-nio-8080-exec-7] INFO  com.army.util.UpLoadImageUtil Line:78 -media:上传{}{"tipStatusContent":"上传成功","error":0,"url":"/upload/music/20180403133623059_1.mp3"}
===2018-04-03 13:37:46.075 [http-nio-8080-exec-4] INFO  com.army.util.UpLoadImageUtil Line:84 -vedio:上传{}{"tipStatusContent":"上传成功","error":0,"url":"/upload/vedio/20180403133740246_2.mp4"}
===2018-04-03 14:37:07.033 [main] INFO  com.army.util.TimerTask Line:18 -start.............
===2018-04-03 14:53:28.691 [main] INFO  com.army.util.TimerTask Line:18 -start.............
===2018-04-03 15:47:38.960 [main] INFO  com.army.util.TimerTask Line:18 -start.............
===2018-04-03 15:54:34.503 [main] INFO  com.army.util.TimerTask Line:18 -start.............
===2018-04-03 15:58:05.530 [main] INFO  com.army.util.TimerTask Line:18 -start.............
===2018-04-03 16:13:05.669 [main] INFO  com.army.util.TimerTask Line:18 -start.............
===2018-04-03 17:03:32.997 [main] INFO  com.army.util.TimerTask Line:18 -start.............
===2018-04-03 17:07:17.663 [main] INFO  com.army.util.TimerTask Line:18 -start.............
===2018-04-03 17:16:42.995 [main] INFO  com.army.util.TimerTask Line:18 -start.............
===2018-04-03 17:18:12.342 [http-nio-8080-exec-9] INFO  com.army.util.UpLoadImageUtil Line:84 -vedio:上传{}{"tipStatusContent":"上传成功","error":0,"url":"/upload/vedio/20180403171805869_1.mp4"}
===2018-04-03 18:58:25.272 [main] INFO  com.army.util.TimerTask Line:18 -start.............
===2018-04-03 18:58:33.668 [http-nio-8080-exec-5] INFO  com.army.util.Count Line:40 -天下杂谈访问量 : 0
===2018-04-03 18:58:33.683 [http-nio-8080-exec-4] INFO  com.army.util.Count Line:35 -头条访问量 : 1
===2018-04-03 18:59:33.584 [main] INFO  com.army.util.TimerTask Line:18 -start.............
===2018-04-03 18:59:37.103 [http-nio-8080-exec-4] INFO  com.army.util.Count Line:40 -天下杂谈访问量 : 0
===2018-04-03 18:59:37.105 [http-nio-8080-exec-5] INFO  com.army.util.Count Line:35 -头条访问量 : 1
===2018-04-03 18:59:41.143 [http-nio-8080-exec-10] INFO  com.army.util.Count Line:40 -天下杂谈访问量 : 1
===2018-04-03 18:59:56.988 [http-nio-8080-exec-7] INFO  com.army.util.Count Line:35 -头条访问量 : 2
===2018-04-03 18:59:58.852 [http-nio-8080-exec-5] INFO  com.army.util.Count Line:35 -头条访问量 : 3
===2018-04-03 18:59:59.708 [http-nio-8080-exec-1] INFO  com.army.util.Count Line:40 -天下杂谈访问量 : 3
===2018-04-03 19:00:01.398 [http-nio-8080-exec-4] INFO  com.army.util.Count Line:40 -天下杂谈访问量 : 3
===2018-04-03 19:00:03.335 [http-nio-8080-exec-7] INFO  com.army.util.Count Line:40 -天下杂谈访问量 : 3
===2018-04-03 19:00:04.477 [http-nio-8080-exec-5] INFO  com.army.util.Count Line:40 -天下杂谈访问量 : 3
===2018-04-03 19:00:06.883 [http-nio-8080-exec-1] INFO  com.army.util.Count Line:40 -天下杂谈访问量 : 3
===2018-04-03 19:00:08.341 [http-nio-8080-exec-6] INFO  com.army.util.Count Line:40 -天下杂谈访问量 : 3
===2018-04-03 19:00:09.988 [http-nio-8080-exec-5] INFO  com.army.util.Count Line:40 -天下杂谈访问量 : 3
===2018-04-03 19:00:11.312 [http-nio-8080-exec-2] INFO  com.army.util.Count Line:40 -天下杂谈访问量 : 3
===2018-04-03 19:00:12.254 [http-nio-8080-exec-3] INFO  com.army.util.Count Line:40 -天下杂谈访问量 : 3
===2018-04-03 19:00:13.522 [http-nio-8080-exec-7] INFO  com.army.util.Count Line:40 -天下杂谈访问量 : 3
===2018-04-03 19:00:14.891 [http-nio-8080-exec-9] INFO  com.army.util.Count Line:40 -天下杂谈访问量 : 3
===2018-04-03 19:00:16.112 [http-nio-8080-exec-5] INFO  com.army.util.Count Line:40 -天下杂谈访问量 : 3
===2018-04-03 19:00:17.223 [http-nio-8080-exec-1] INFO  com.army.util.Count Line:40 -天下杂谈访问量 : 3
===2018-04-03 19:00:19.638 [http-nio-8080-exec-8] INFO  com.army.util.Count Line:40 -天下杂谈访问量 : 3
===2018-04-03 19:00:20.958 [http-nio-8080-exec-9] INFO  com.army.util.Count Line:40 -天下杂谈访问量 : 3
===2018-04-03 19:00:26.420 [http-nio-8080-exec-10] INFO  com.army.util.Count Line:40 -天下杂谈访问量 : 3
===2018-04-03 19:00:31.926 [http-nio-8080-exec-5] INFO  com.army.util.Count Line:40 -天下杂谈访问量 : 3
===2018-04-03 19:00:33.667 [http-nio-8080-exec-3] INFO  com.army.util.Count Line:40 -天下杂谈访问量 : 3
===2018-04-03 19:03:00.247 [http-nio-8080-exec-2] INFO  com.army.util.Count Line:40 -天下杂谈访问量 : 3
===2018-04-03 19:03:01.999 [http-nio-8080-exec-8] INFO  com.army.util.Count Line:40 -天下杂谈访问量 : 3
===2018-04-03 19:03:30.471 [http-nio-8080-exec-3] INFO  com.army.util.Count Line:35 -头条访问量 : 4
===2018-04-03 19:03:37.461 [http-nio-8080-exec-10] INFO  com.army.util.Count Line:35 -头条访问量 : 5
===2018-04-03 19:03:41.661 [http-nio-8080-exec-6] INFO  com.army.util.Count Line:35 -头条访问量 : 6
===2018-04-03 19:40:06.310 [main] INFO  com.army.util.TimerTask Line:18 -start.............
===2018-04-03 19:40:07.001 [pool-2-thread-1] INFO  com.army.util.Count Line:143-刷新访问量:头条访问量：0
天下杂谈问量：0
软件下载量：0
音乐访问量：0
视频访问量：0

===2018-04-03 19:40:09.001 [pool-2-thread-1] INFO  com.army.util.Count Line:100-刷新当天访问量:2018-04-03 19:40:09头条访问量：0
2018-04-03 19:40:09天下杂谈问量：0
2018-04-03 19:40:09软件下载量：0
2018-04-03 19:40:09音乐访问量：0
2018-04-03 19:40:09视频访问量：0
------------------------------2018-04-03 19:40:09----------------------------------
===2018-04-03 19:40:09.002 [pool-2-thread-1] INFO  com.army.util.Count Line:101-凌晨十二点，重置当天访问量成功,当前时间:2018-4-3 19:40:09
===2018-04-03 19:40:14.001 [pool-2-thread-1] INFO  com.army.util.Count Line:143-刷新访问量:头条访问量：0
天下杂谈问量：0
软件下载量：0
音乐访问量：0
视频访问量：0

===2018-04-03 19:43:02.840 [main] INFO  com.army.util.TimerTask Line:18 -start.............
===2018-04-03 19:43:07.001 [pool-2-thread-1] INFO  com.army.util.Count Line:141-刷新访问量:头条访问量：0
天下杂谈问量：0
软件下载量：0
音乐访问量：0
视频访问量：0

===2018-04-03 19:43:09.003 [pool-2-thread-1] INFO  com.army.util.Count Line:98 -刷新当天访问量:2018-04-03,头条访问量：0
2018-04-03,天下杂谈问量：0
2018-04-03,软件下载量：0
2018-04-03,音乐访问量：0
2018-04-03,视频访问量：0
------------------------------2018-04-03----------------------------------
===2018-04-03 19:43:09.006 [pool-2-thread-1] INFO  com.army.util.Count Line:99 -凌晨十二点，重置当天访问量成功,当前时间:2018-4-3 19:43:09
===2018-04-03 19:43:14.016 [pool-2-thread-1] INFO  com.army.util.Count Line:141-刷新访问量:头条访问量：0
天下杂谈问量：0
软件下载量：0
音乐访问量：0
视频访问量：0

===2018-04-03 19:43:18.001 [pool-2-thread-1] INFO  com.army.util.Count Line:98 -刷新当天访问量:2018-04-03,头条访问量：0
2018-04-03,天下杂谈问量：0
2018-04-03,软件下载量：0
2018-04-03,音乐访问量：0
2018-04-03,视频访问量：0
------------------------------2018-04-03----------------------------------
===2018-04-03 19:43:18.002 [pool-2-thread-1] INFO  com.army.util.Count Line:99 -凌晨十二点，重置当天访问量成功,当前时间:2018-4-3 19:43:18
===2018-04-03 19:43:21.006 [pool-2-thread-1] INFO  com.army.util.Count Line:141-刷新访问量:头条访问量：0
天下杂谈问量：0
软件下载量：0
音乐访问量：0
视频访问量：0

===2018-04-03 19:43:27.002 [pool-2-thread-1] INFO  com.army.util.Count Line:98 -刷新当天访问量:2018-04-03,头条访问量：0
2018-04-03,天下杂谈问量：0
2018-04-03,软件下载量：0
2018-04-03,音乐访问量：0
2018-04-03,视频访问量：0
------------------------------2018-04-03----------------------------------
===2018-04-03 19:43:27.002 [pool-2-thread-1] INFO  com.army.util.Count Line:99 -凌晨十二点，重置当天访问量成功,当前时间:2018-4-3 19:43:27
===2018-04-03 19:43:28.006 [pool-2-thread-1] INFO  com.army.util.Count Line:141-刷新访问量:头条访问量：0
天下杂谈问量：0
软件下载量：0
音乐访问量：0
视频访问量：0

===2018-04-03 19:43:35.006 [pool-2-thread-1] INFO  com.army.util.Count Line:141-刷新访问量:头条访问量：0
天下杂谈问量：0
软件下载量：0
音乐访问量：0
视频访问量：0

===2018-04-03 19:43:36.005 [pool-2-thread-1] INFO  com.army.util.Count Line:98 -刷新当天访问量:2018-04-03,头条访问量：0
2018-04-03,天下杂谈问量：0
2018-04-03,软件下载量：0
2018-04-03,音乐访问量：0
2018-04-03,视频访问量：0
------------------------------2018-04-03----------------------------------
===2018-04-03 19:43:36.006 [pool-2-thread-1] INFO  com.army.util.Count Line:99 -凌晨十二点，重置当天访问量成功,当前时间:2018-4-3 19:43:36
===2018-04-03 19:43:42.002 [pool-2-thread-1] INFO  com.army.util.Count Line:141-刷新访问量:头条访问量：0
天下杂谈问量：0
软件下载量：0
音乐访问量：0
视频访问量：0

===2018-04-03 19:43:45.006 [pool-2-thread-1] INFO  com.army.util.Count Line:98 -刷新当天访问量:2018-04-03,头条访问量：0
2018-04-03,天下杂谈问量：0
2018-04-03,软件下载量：0
2018-04-03,音乐访问量：0
2018-04-03,视频访问量：0
------------------------------2018-04-03----------------------------------
===2018-04-03 19:43:45.007 [pool-2-thread-1] INFO  com.army.util.Count Line:99 -凌晨十二点，重置当天访问量成功,当前时间:2018-4-3 19:43:45
===2018-04-03 19:43:49.002 [pool-2-thread-1] INFO  com.army.util.Count Line:141-刷新访问量:头条访问量：0
天下杂谈问量：0
软件下载量：0
音乐访问量：0
视频访问量：0

===2018-04-03 19:43:54.011 [pool-2-thread-1] INFO  com.army.util.Count Line:98 -刷新当天访问量:2018-04-03,头条访问量：0
2018-04-03,天下杂谈问量：0
2018-04-03,软件下载量：0
2018-04-03,音乐访问量：0
2018-04-03,视频访问量：0
------------------------------2018-04-03----------------------------------
===2018-04-03 19:43:54.012 [pool-2-thread-1] INFO  com.army.util.Count Line:99 -凌晨十二点，重置当天访问量成功,当前时间:2018-4-3 19:43:54
===2018-04-03 19:43:56.001 [pool-2-thread-1] INFO  com.army.util.Count Line:141-刷新访问量:头条访问量：0
天下杂谈问量：0
软件下载量：0
音乐访问量：0
视频访问量：0

===2018-04-03 19:44:00.012 [pool-2-thread-1] INFO  com.army.util.Count Line:98 -刷新当天访问量:2018-04-03,头条访问量：0
2018-04-03,天下杂谈问量：0
2018-04-03,软件下载量：0
2018-04-03,音乐访问量：0
2018-04-03,视频访问量：0
------------------------------2018-04-03----------------------------------
===2018-04-03 19:44:00.014 [pool-2-thread-1] INFO  com.army.util.Count Line:99 -凌晨十二点，重置当天访问量成功,当前时间:2018-4-3 19:44:00
===2018-04-03 19:44:00.014 [pool-2-thread-1] INFO  com.army.util.Count Line:141-刷新访问量:头条访问量：0
天下杂谈问量：0
软件下载量：0
音乐访问量：0
视频访问量：0

===2018-04-03 19:44:07.000 [pool-2-thread-1] INFO  com.army.util.Count Line:141-刷新访问量:头条访问量：0
天下杂谈问量：0
软件下载量：0
音乐访问量：0
视频访问量：0

===2018-04-03 19:44:09.013 [pool-2-thread-1] INFO  com.army.util.Count Line:98 -刷新当天访问量:2018-04-03,头条访问量：0
2018-04-03,天下杂谈问量：0
2018-04-03,软件下载量：0
2018-04-03,音乐访问量：0
2018-04-03,视频访问量：0
------------------------------2018-04-03----------------------------------
===2018-04-03 19:44:09.013 [pool-2-thread-1] INFO  com.army.util.Count Line:99 -凌晨十二点，重置当天访问量成功,当前时间:2018-4-3 19:44:09
===2018-04-03 19:44:14.002 [pool-2-thread-1] INFO  com.army.util.Count Line:141-刷新访问量:头条访问量：0
天下杂谈问量：0
软件下载量：0
音乐访问量：0
视频访问量：0

===2018-04-03 19:44:18.006 [pool-2-thread-1] INFO  com.army.util.Count Line:98 -刷新当天访问量:2018-04-03,头条访问量：0
2018-04-03,天下杂谈问量：0
2018-04-03,软件下载量：0
2018-04-03,音乐访问量：0
2018-04-03,视频访问量：0
------------------------------2018-04-03----------------------------------
===2018-04-03 19:44:18.007 [pool-2-thread-1] INFO  com.army.util.Count Line:99 -凌晨十二点，重置当天访问量成功,当前时间:2018-4-3 19:44:18
===2018-04-03 19:44:21.002 [pool-2-thread-1] INFO  com.army.util.Count Line:141-刷新访问量:头条访问量：0
天下杂谈问量：0
软件下载量：0
音乐访问量：0
视频访问量：0

===2018-04-03 19:44:34.787 [main] INFO  com.army.util.TimerTask Line:18 -start.............
===2018-04-03 19:44:35.001 [pool-2-thread-1] INFO  com.army.util.Count Line:141-刷新访问量:头条访问量：0
天下杂谈问量：0
软件下载量：0
音乐访问量：0
视频访问量：0

===2018-04-03 19:44:36.005 [pool-2-thread-1] INFO  com.army.util.Count Line:98 -刷新当天访问量:2018-04-03,头条访问量：0
2018-04-03,天下杂谈问量：0
2018-04-03,软件下载量：0
2018-04-03,音乐访问量：0
2018-04-03,视频访问量：0
------------------------------2018-04-03----------------------------------

===2018-04-03 19:44:36.006 [pool-2-thread-1] INFO  com.army.util.Count Line:99 -凌晨十二点，重置当天访问量成功,当前时间:2018-4-3 19:44:36
===2018-04-03 19:44:42.001 [pool-2-thread-1] INFO  com.army.util.Count Line:141-刷新访问量:头条访问量：0
天下杂谈问量：0
软件下载量：0
音乐访问量：0
视频访问量：0

===2018-04-03 19:44:45.004 [pool-2-thread-1] INFO  com.army.util.Count Line:98 -刷新当天访问量:2018-04-03,头条访问量：0
2018-04-03,天下杂谈问量：0
2018-04-03,软件下载量：0
2018-04-03,音乐访问量：0
2018-04-03,视频访问量：0
------------------------------2018-04-03----------------------------------

===2018-04-03 19:44:45.005 [pool-2-thread-1] INFO  com.army.util.Count Line:99 -凌晨十二点，重置当天访问量成功,当前时间:2018-4-3 19:44:45
===2018-04-03 19:44:49.003 [pool-2-thread-1] INFO  com.army.util.Count Line:141-刷新访问量:头条访问量：0
天下杂谈问量：0
软件下载量：0
音乐访问量：0
视频访问量：0

===2018-04-03 19:44:54.008 [pool-2-thread-1] INFO  com.army.util.Count Line:98 -刷新当天访问量:2018-04-03,头条访问量：0
2018-04-03,天下杂谈问量：0
2018-04-03,软件下载量：0
2018-04-03,音乐访问量：0
2018-04-03,视频访问量：0
------------------------------2018-04-03----------------------------------

===2018-04-03 19:44:54.009 [pool-2-thread-1] INFO  com.army.util.Count Line:99 -凌晨十二点，重置当天访问量成功,当前时间:2018-4-3 19:44:54
===2018-04-03 19:44:56.000 [pool-2-thread-1] INFO  com.army.util.Count Line:141-刷新访问量:头条访问量：0
天下杂谈问量：0
软件下载量：0
音乐访问量：0
视频访问量：0

===2018-04-03 19:45:00.001 [pool-2-thread-1] INFO  com.army.util.Count Line:141-刷新访问量:头条访问量：0
天下杂谈问量：0
软件下载量：0
音乐访问量：0
视频访问量：0

===2018-04-03 19:45:00.008 [pool-2-thread-1] INFO  com.army.util.Count Line:98 -刷新当天访问量:2018-04-03,头条访问量：0
2018-04-03,天下杂谈问量：0
2018-04-03,软件下载量：0
2018-04-03,音乐访问量：0
2018-04-03,视频访问量：0
------------------------------2018-04-03----------------------------------

===2018-04-03 19:45:00.009 [pool-2-thread-1] INFO  com.army.util.Count Line:99 -凌晨十二点，重置当天访问量成功,当前时间:2018-4-3 19:45:00
===2018-04-03 19:45:07.004 [pool-2-thread-1] INFO  com.army.util.Count Line:141-刷新访问量:头条访问量：0
天下杂谈问量：0
软件下载量：0
音乐访问量：0
视频访问量：0

===2018-04-03 19:45:09.009 [pool-2-thread-1] INFO  com.army.util.Count Line:98 -刷新当天访问量:2018-04-03,头条访问量：0
2018-04-03,天下杂谈问量：0
2018-04-03,软件下载量：0
2018-04-03,音乐访问量：0
2018-04-03,视频访问量：0
------------------------------2018-04-03----------------------------------

===2018-04-03 19:45:09.010 [pool-2-thread-1] INFO  com.army.util.Count Line:99 -凌晨十二点，重置当天访问量成功,当前时间:2018-4-3 19:45:09
===2018-04-03 19:45:14.000 [pool-2-thread-1] INFO  com.army.util.Count Line:141-刷新访问量:头条访问量：0
天下杂谈问量：0
软件下载量：0
音乐访问量：0
视频访问量：0

===2018-04-03 19:45:18.006 [pool-2-thread-1] INFO  com.army.util.Count Line:98 -刷新当天访问量:2018-04-03,头条访问量：0
2018-04-03,天下杂谈问量：0
2018-04-03,软件下载量：0
2018-04-03,音乐访问量：0
2018-04-03,视频访问量：0
------------------------------2018-04-03----------------------------------

===2018-04-03 19:45:18.006 [pool-2-thread-1] INFO  com.army.util.Count Line:99 -凌晨十二点，重置当天访问量成功,当前时间:2018-4-3 19:45:18
===2018-04-03 19:45:21.002 [pool-2-thread-1] INFO  com.army.util.Count Line:141-刷新访问量:头条访问量：0
天下杂谈问量：0
软件下载量：0
音乐访问量：0
视频访问量：0

===2018-04-03 19:46:45.968 [main] INFO  com.army.util.TimerTask Line:18 -start.............
===2018-04-03 19:47:00.002 [pool-2-thread-1] INFO  com.army.util.Count Line:141-刷新访问量:头条访问量：0
天下杂谈问量：0
软件下载量：0
音乐访问量：0
视频访问量：0

===2018-04-03 19:47:24.110 [http-nio-8080-exec-5] INFO  com.army.util.Count Line:52 -头条访问量 : 1
===2018-04-03 19:47:24.114 [http-nio-8080-exec-6] INFO  com.army.util.Count Line:58 -天下杂谈访问量 : 1
===2018-04-03 19:48:00.005 [pool-2-thread-1] INFO  com.army.util.Count Line:141-刷新访问量:头条访问量：1
天下杂谈问量：1
软件下载量：0
音乐访问量：0
视频访问量：0

===2018-04-03 19:49:00.005 [pool-2-thread-1] INFO  com.army.util.Count Line:141-刷新访问量:头条访问量：1
天下杂谈问量：1
软件下载量：0
音乐访问量：0
视频访问量：0

===2018-04-03 19:50:00.011 [pool-2-thread-1] INFO  com.army.util.Count Line:141-刷新访问量:头条访问量：1
天下杂谈问量：1
软件下载量：0
音乐访问量：0
视频访问量：0

===2018-04-03 19:51:00.005 [pool-2-thread-1] INFO  com.army.util.Count Line:141-刷新访问量:头条访问量：1
天下杂谈问量：1
软件下载量：0
音乐访问量：0
视频访问量：0

===2018-04-03 19:52:00.005 [pool-2-thread-1] INFO  com.army.util.Count Line:141-刷新访问量:头条访问量：1
天下杂谈问量：1
软件下载量：0
音乐访问量：0
视频访问量：0

===2018-04-03 19:53:00.009 [pool-2-thread-1] INFO  com.army.util.Count Line:141-刷新访问量:头条访问量：1
天下杂谈问量：1
软件下载量：0
音乐访问量：0
视频访问量：0

===2018-04-03 19:54:00.006 [pool-2-thread-1] INFO  com.army.util.Count Line:141-刷新访问量:头条访问量：1
天下杂谈问量：1
软件下载量：0
音乐访问量：0
视频访问量：0

===2018-04-03 19:55:02.619 [main] INFO  com.army.util.TimerTask Line:25 -start.............
===2018-04-03 19:56:00.012 [pool-2-thread-1] INFO  com.army.util.Count Line:144-刷新访问量:头条访问量：0
天下杂谈问量：0
音乐访问量：0
视频访问量：0

===2018-04-03 19:57:00.005 [pool-2-thread-1] INFO  com.army.util.Count Line:144-刷新访问量:头条访问量：0
天下杂谈问量：0
音乐访问量：0
视频访问量：0

===2018-04-03 19:58:00.006 [pool-2-thread-1] INFO  com.army.util.Count Line:144-刷新访问量:头条访问量：0
天下杂谈问量：0
音乐访问量：0
视频访问量：0

===2018-04-03 19:59:00.008 [pool-2-thread-1] INFO  com.army.util.Count Line:144-刷新访问量:头条访问量：0
天下杂谈问量：0
音乐访问量：0
视频访问量：0

===2018-04-03 20:00:00.015 [pool-2-thread-1] INFO  com.army.util.Count Line:144-刷新访问量:头条访问量：0
天下杂谈问量：0
音乐访问量：0
视频访问量：0

===2018-04-03 20:06:04.409 [pool-2-thread-1] INFO  com.army.util.Count Line:144-刷新访问量:头条访问量：0
天下杂谈问量：0
音乐访问量：0
视频访问量：0

===2018-04-03 20:06:22.862 [http-nio-8080-exec-6] INFO  com.army.util.Count Line:56 -天下杂谈访问量 : 1
===2018-04-03 20:06:22.877 [http-nio-8080-exec-5] INFO  com.army.util.Count Line:50 -头条访问量 : 1
===2018-04-03 20:06:35.793 [http-nio-8080-exec-1] INFO  com.army.util.Count Line:50 -头条访问量 : 2
===2018-04-03 20:06:37.879 [http-nio-8080-exec-3] INFO  com.army.util.Count Line:50 -头条访问量 : 3
===2018-04-03 20:06:39.696 [http-nio-8080-exec-4] INFO  com.army.util.Count Line:50 -头条访问量 : 4
===2018-04-03 20:06:52.087 [http-nio-8080-exec-9] INFO  com.army.util.Count Line:50 -头条访问量 : 5
===2018-04-03 20:06:52.093 [http-nio-8080-exec-7] INFO  com.army.util.Count Line:56 -天下杂谈访问量 : 2
===2018-04-03 20:07:00.002 [pool-2-thread-1] INFO  com.army.util.Count Line:144-刷新访问量:头条访问量：5
天下杂谈问量：2
音乐访问量：0
视频访问量：0

===2018-04-03 20:07:22.731 [http-nio-8080-exec-10] INFO  com.army.util.Count Line:50 -头条访问量 : 6
===2018-04-03 20:07:22.745 [http-nio-8080-exec-8] INFO  com.army.util.Count Line:56 -天下杂谈访问量 : 3
===2018-04-03 20:08:00.008 [pool-2-thread-1] INFO  com.army.util.Count Line:144-刷新访问量:头条访问量：6
天下杂谈问量：3
音乐访问量：0
视频访问量：0

===2018-04-03 20:08:34.443 [main] INFO  com.army.util.TimerTask Line:31 -start.............
===2018-04-03 20:09:59.503 [main] INFO  com.army.util.TimerTask Line:31 -start.............
===2018-04-03 20:10:00.002 [pool-2-thread-1] INFO  com.army.util.Count Line:144-刷新访问量:头条访问量：3213545
天下杂谈问量：15445
音乐访问量：12454
视频访问量：35454

===2018-04-03 20:10:12.038 [http-nio-8080-exec-7] INFO  com.army.util.Count Line:56 -天下杂谈访问量 : 15446
===2018-04-03 20:10:12.045 [http-nio-8080-exec-6] INFO  com.army.util.Count Line:50 -头条访问量 : 3213546
===2018-04-03 20:11:00.003 [pool-2-thread-1] INFO  com.army.util.Count Line:144-刷新访问量:头条访问量：3213546
天下杂谈问量：15446
音乐访问量：12454
视频访问量：35454

===2018-04-03 20:11:13.494 [http-nio-8080-exec-7] INFO  com.army.util.Count Line:56 -天下杂谈访问量 : 15447
===2018-04-03 20:11:13.500 [http-nio-8080-exec-6] INFO  com.army.util.Count Line:50 -头条访问量 : 3213547
===2018-04-03 20:12:00.001 [pool-2-thread-1] INFO  com.army.util.Count Line:144-刷新访问量:头条访问量：3213547
天下杂谈问量：15447
音乐访问量：12454
视频访问量：35454

===2018-04-03 20:13:00.001 [pool-2-thread-1] INFO  com.army.util.Count Line:144-刷新访问量:头条访问量：3213547
天下杂谈问量：15447
音乐访问量：12454
视频访问量：35454

===2018-04-03 20:14:00.004 [pool-2-thread-1] INFO  com.army.util.Count Line:144-刷新访问量:头条访问量：3213547
天下杂谈问量：15447
音乐访问量：12454
视频访问量：35454

===2018-04-03 20:15:00.002 [pool-2-thread-1] INFO  com.army.util.Count Line:144-刷新访问量:头条访问量：3213547
天下杂谈问量：15447
音乐访问量：12454
视频访问量：35454

===2018-04-03 20:15:44.056 [http-nio-8080-exec-6] INFO  com.army.util.Count Line:50 -头条访问量 : 3213548
===2018-04-03 20:15:44.056 [http-nio-8080-exec-10] INFO  com.army.util.Count Line:56 -天下杂谈访问量 : 15448
===2018-04-03 20:16:00.003 [pool-2-thread-1] INFO  com.army.util.Count Line:144-刷新访问量:头条访问量：3213548
天下杂谈问量：15448
音乐访问量：12454
视频访问量：35454

===2018-04-03 20:16:05.139 [http-nio-8080-exec-9] INFO  com.army.util.Count Line:50 -头条访问量 : 3213549
===2018-04-03 20:16:05.151 [http-nio-8080-exec-1] INFO  com.army.util.Count Line:56 -天下杂谈访问量 : 15449
===2018-04-03 20:17:00.003 [pool-2-thread-1] INFO  com.army.util.Count Line:144-刷新访问量:头条访问量：3213549
天下杂谈问量：15449
音乐访问量：12454
视频访问量：35454

===2018-04-03 20:17:09.836 [http-nio-8080-exec-10] INFO  com.army.util.Count Line:56 -天下杂谈访问量 : 15450
===2018-04-03 20:17:09.845 [http-nio-8080-exec-7] INFO  com.army.util.Count Line:50 -头条访问量 : 3213550
===2018-04-03 20:18:00.003 [pool-2-thread-1] INFO  com.army.util.Count Line:144-刷新访问量:头条访问量：3213550
天下杂谈问量：15450
音乐访问量：12454
视频访问量：35454

===2018-04-03 20:18:07.090 [http-nio-8080-exec-1] INFO  com.army.util.Count Line:50 -头条访问量 : 3213551
===2018-04-03 20:18:07.097 [http-nio-8080-exec-4] INFO  com.army.util.Count Line:56 -天下杂谈访问量 : 15451
===2018-04-03 20:18:20.329 [http-nio-8080-exec-1] INFO  com.army.util.Count Line:50 -头条访问量 : 3213552
===2018-04-03 20:18:20.335 [http-nio-8080-exec-9] INFO  com.army.util.Count Line:56 -天下杂谈访问量 : 15452
===2018-04-03 20:19:00.002 [pool-2-thread-1] INFO  com.army.util.Count Line:144-刷新访问量:头条访问量：3213552
天下杂谈问量：15452
音乐访问量：12454
视频访问量：35454

===2018-04-03 20:19:48.038 [http-nio-8080-exec-7] INFO  com.army.util.Count Line:50 -头条访问量 : 3213553
===2018-04-03 20:19:48.046 [http-nio-8080-exec-3] INFO  com.army.util.Count Line:56 -天下杂谈访问量 : 15453
===2018-04-03 20:19:56.277 [http-nio-8080-exec-1] INFO  com.army.util.Count Line:50 -头条访问量 : 3213554
===2018-04-03 20:19:56.287 [http-nio-8080-exec-5] INFO  com.army.util.Count Line:56 -天下杂谈访问量 : 15454
===2018-04-03 20:20:00.002 [pool-2-thread-1] INFO  com.army.util.Count Line:144-刷新访问量:头条访问量：3213554
天下杂谈问量：15454
音乐访问量：12454
视频访问量：35454

===2018-04-03 20:20:02.607 [http-nio-8080-exec-6] INFO  com.army.util.Count Line:50 -头条访问量 : 3213555
===2018-04-03 20:20:02.611 [http-nio-8080-exec-8] INFO  com.army.util.Count Line:56 -天下杂谈访问量 : 15455
===2018-04-03 20:20:39.003 [http-nio-8080-exec-3] INFO  com.army.util.Count Line:56 -天下杂谈访问量 : 15456
===2018-04-03 20:20:42.780 [http-nio-8080-exec-5] INFO  com.army.util.Count Line:56 -天下杂谈访问量 : 15457
===2018-04-03 20:20:43.839 [http-nio-8080-exec-3] INFO  com.army.util.Count Line:50 -头条访问量 : 3213556
===2018-04-03 20:20:45.439 [http-nio-8080-exec-8] INFO  com.army.util.Count Line:50 -头条访问量 : 3213557
===2018-04-03 20:20:46.335 [http-nio-8080-exec-1] INFO  com.army.util.Count Line:56 -天下杂谈访问量 : 15458
===2018-04-03 20:20:47.511 [http-nio-8080-exec-7] INFO  com.army.util.Count Line:56 -天下杂谈访问量 : 15459
===2018-04-03 20:20:48.374 [http-nio-8080-exec-10] INFO  com.army.util.Count Line:50 -头条访问量 : 3213558
===2018-04-03 20:20:48.379 [http-nio-8080-exec-9] INFO  com.army.util.Count Line:56 -天下杂谈访问量 : 15460
===2018-04-03 20:20:57.107 [http-nio-8080-exec-2] INFO  com.army.util.Count Line:50 -头条访问量 : 3213559
===2018-04-03 20:20:58.368 [http-nio-8080-exec-7] INFO  com.army.util.Count Line:50 -头条访问量 : 3213560
===2018-04-03 20:20:59.827 [http-nio-8080-exec-8] INFO  com.army.util.Count Line:50 -头条访问量 : 3213561
===2018-04-03 20:21:00.003 [pool-2-thread-1] INFO  com.army.util.Count Line:144-刷新访问量:头条访问量：3213561
天下杂谈问量：15460
音乐访问量：12454
视频访问量：35454

===2018-04-03 20:21:00.893 [http-nio-8080-exec-9] INFO  com.army.util.Count Line:50 -头条访问量 : 3213562
===2018-04-03 20:21:02.162 [http-nio-8080-exec-2] INFO  com.army.util.Count Line:50 -头条访问量 : 3213563
===2018-04-03 20:21:02.980 [http-nio-8080-exec-3] INFO  com.army.util.Count Line:50 -头条访问量 : 3213564
===2018-04-03 20:21:04.919 [http-nio-8080-exec-4] INFO  com.army.util.Count Line:50 -头条访问量 : 3213565
===2018-04-03 20:21:06.523 [http-nio-8080-exec-9] INFO  com.army.util.Count Line:50 -头条访问量 : 3213566
===2018-04-03 20:21:07.293 [http-nio-8080-exec-1] INFO  com.army.util.Count Line:50 -头条访问量 : 3213567
===2018-04-03 20:21:08.529 [http-nio-8080-exec-7] INFO  com.army.util.Count Line:50 -头条访问量 : 3213568
===2018-04-03 20:21:09.140 [http-nio-8080-exec-4] INFO  com.army.util.Count Line:50 -头条访问量 : 3213569
===2018-04-03 20:21:09.876 [http-nio-8080-exec-10] INFO  com.army.util.Count Line:50 -头条访问量 : 3213570
===2018-04-03 20:21:10.890 [http-nio-8080-exec-7] INFO  com.army.util.Count Line:50 -头条访问量 : 3213571
===2018-04-03 20:21:10.893 [http-nio-8080-exec-3] INFO  com.army.util.Count Line:56 -天下杂谈访问量 : 15461
===2018-04-03 20:22:00.003 [pool-2-thread-1] INFO  com.army.util.Count Line:144-刷新访问量:头条访问量：3213571
天下杂谈问量：15461
音乐访问量：12454
视频访问量：35454

===2018-04-03 20:23:00.002 [pool-2-thread-1] INFO  com.army.util.Count Line:144-刷新访问量:头条访问量：3213571
天下杂谈问量：15461
音乐访问量：12454
视频访问量：35454

===2018-04-03 20:24:00.004 [pool-2-thread-1] INFO  com.army.util.Count Line:144-刷新访问量:头条访问量：3213571
天下杂谈问量：15461
音乐访问量：12454
视频访问量：35454

===2018-04-03 20:25:00.003 [pool-2-thread-1] INFO  com.army.util.Count Line:144-刷新访问量:头条访问量：3213571
天下杂谈问量：15461
音乐访问量：12454
视频访问量：35454

===2018-04-03 20:26:00.001 [pool-2-thread-1] INFO  com.army.util.Count Line:144-刷新访问量:头条访问量：3213571
天下杂谈问量：15461
音乐访问量：12454
视频访问量：35454

===2018-04-03 20:27:00.003 [pool-2-thread-1] INFO  com.army.util.Count Line:144-刷新访问量:头条访问量：3213571
天下杂谈问量：15461
音乐访问量：12454
视频访问量：35454

===2018-04-03 20:28:00.003 [pool-2-thread-1] INFO  com.army.util.Count Line:144-刷新访问量:头条访问量：3213571
天下杂谈问量：15461
音乐访问量：12454
视频访问量：35454

===2018-04-03 20:29:00.004 [pool-2-thread-1] INFO  com.army.util.Count Line:144-刷新访问量:头条访问量：3213571
天下杂谈问量：15461
音乐访问量：12454
视频访问量：35454

===2018-04-03 20:30:00.002 [pool-2-thread-1] INFO  com.army.util.Count Line:144-刷新访问量:头条访问量：3213571
天下杂谈问量：15461
音乐访问量：12454
视频访问量：35454

===2018-04-03 20:31:00.001 [pool-2-thread-1] INFO  com.army.util.Count Line:144-刷新访问量:头条访问量：3213571
天下杂谈问量：15461
音乐访问量：12454
视频访问量：35454

===2018-04-03 20:32:00.004 [pool-2-thread-1] INFO  com.army.util.Count Line:144-刷新访问量:头条访问量：3213571
天下杂谈问量：15461
音乐访问量：12454
视频访问量：35454

===2018-04-03 20:33:00.002 [pool-2-thread-1] INFO  com.army.util.Count Line:144-刷新访问量:头条访问量：3213571
天下杂谈问量：15461
音乐访问量：12454
视频访问量：35454

===2018-04-03 20:34:00.002 [pool-2-thread-1] INFO  com.army.util.Count Line:144-刷新访问量:头条访问量：3213571
天下杂谈问量：15461
音乐访问量：12454
视频访问量：35454

===2018-04-03 20:35:00.002 [pool-2-thread-1] INFO  com.army.util.Count Line:144-刷新访问量:头条访问量：3213571
天下杂谈问量：15461
音乐访问量：12454
视频访问量：35454

===2018-04-03 20:36:00.001 [pool-2-thread-1] INFO  com.army.util.Count Line:144-刷新访问量:头条访问量：3213571
天下杂谈问量：15461
音乐访问量：12454
视频访问量：35454

===2018-04-03 20:37:00.003 [pool-2-thread-1] INFO  com.army.util.Count Line:144-刷新访问量:头条访问量：3213571
天下杂谈问量：15461
音乐访问量：12454
视频访问量：35454

===2018-04-03 20:38:00.001 [pool-2-thread-1] INFO  com.army.util.Count Line:144-刷新访问量:头条访问量：3213571
天下杂谈问量：15461
音乐访问量：12454
视频访问量：35454

===2018-04-03 20:39:00.003 [pool-2-thread-1] INFO  com.army.util.Count Line:144-刷新访问量:头条访问量：3213571
天下杂谈问量：15461
音乐访问量：12454
视频访问量：35454

===2018-04-03 20:40:00.002 [pool-2-thread-1] INFO  com.army.util.Count Line:144-刷新访问量:头条访问量：3213571
天下杂谈问量：15461
音乐访问量：12454
视频访问量：35454

===2018-04-03 20:41:00.002 [pool-2-thread-1] INFO  com.army.util.Count Line:144-刷新访问量:头条访问量：3213571
天下杂谈问量：15461
音乐访问量：12454
视频访问量：35454

===2018-04-03 20:42:00.002 [pool-2-thread-1] INFO  com.army.util.Count Line:144-刷新访问量:头条访问量：3213571
天下杂谈问量：15461
音乐访问量：12454
视频访问量：35454

===2018-04-03 20:43:00.001 [pool-2-thread-1] INFO  com.army.util.Count Line:144-刷新访问量:头条访问量：3213571
天下杂谈问量：15461
音乐访问量：12454
视频访问量：35454

===2018-04-03 20:44:00.003 [pool-2-thread-1] INFO  com.army.util.Count Line:144-刷新访问量:头条访问量：3213571
天下杂谈问量：15461
音乐访问量：12454
视频访问量：35454

===2018-04-03 20:45:00.002 [pool-2-thread-1] INFO  com.army.util.Count Line:144-刷新访问量:头条访问量：3213571
天下杂谈问量：15461
音乐访问量：12454
视频访问量：35454

===2018-04-03 20:46:00.003 [pool-2-thread-1] INFO  com.army.util.Count Line:144-刷新访问量:头条访问量：3213571
天下杂谈问量：15461
音乐访问量：12454
视频访问量：35454

===2018-04-03 20:47:00.001 [pool-2-thread-1] INFO  com.army.util.Count Line:144-刷新访问量:头条访问量：3213571
天下杂谈问量：15461
音乐访问量：12454
视频访问量：35454

===2018-04-03 20:48:00.004 [pool-2-thread-1] INFO  com.army.util.Count Line:144-刷新访问量:头条访问量：3213571
天下杂谈问量：15461
音乐访问量：12454
视频访问量：35454

===2018-04-03 20:49:00.002 [pool-2-thread-1] INFO  com.army.util.Count Line:144-刷新访问量:头条访问量：3213571
天下杂谈问量：15461
音乐访问量：12454
视频访问量：35454

===2018-04-03 20:50:00.002 [pool-2-thread-1] INFO  com.army.util.Count Line:144-刷新访问量:头条访问量：3213571
天下杂谈问量：15461
音乐访问量：12454
视频访问量：35454

===2018-04-03 20:51:00.002 [pool-2-thread-1] INFO  com.army.util.Count Line:144-刷新访问量:头条访问量：3213571
天下杂谈问量：15461
音乐访问量：12454
视频访问量：35454

===2018-04-03 20:52:00.002 [pool-2-thread-1] INFO  com.army.util.Count Line:144-刷新访问量:头条访问量：3213571
天下杂谈问量：15461
音乐访问量：12454
视频访问量：35454

===2018-04-03 20:59:09.526 [pool-2-thread-1] INFO  com.army.util.Count Line:144-刷新访问量:头条访问量：3213571
天下杂谈问量：15461
音乐访问量：12454
视频访问量：35454

===2018-04-03 21:00:00.001 [pool-2-thread-1] INFO  com.army.util.Count Line:144-刷新访问量:头条访问量：3213571
天下杂谈问量：15461
音乐访问量：12454
视频访问量：35454

===2018-04-03 21:06:05.137 [pool-2-thread-1] INFO  com.army.util.Count Line:144-刷新访问量:头条访问量：3213571
天下杂谈问量：15461
音乐访问量：12454
视频访问量：35454

===2018-04-03 21:07:00.001 [pool-2-thread-1] INFO  com.army.util.Count Line:144-刷新访问量:头条访问量：3213571
天下杂谈问量：15461
音乐访问量：12454
视频访问量：35454

===2018-04-03 21:08:00.003 [pool-2-thread-1] INFO  com.army.util.Count Line:144-刷新访问量:头条访问量：3213571
天下杂谈问量：15461
音乐访问量：12454
视频访问量：35454

===2018-04-03 21:09:00.001 [pool-2-thread-1] INFO  com.army.util.Count Line:144-刷新访问量:头条访问量：3213571
天下杂谈问量：15461
音乐访问量：12454
视频访问量：35454

===2018-04-03 21:10:00.003 [pool-2-thread-1] INFO  com.army.util.Count Line:144-刷新访问量:头条访问量：3213571
天下杂谈问量：15461
音乐访问量：12454
视频访问量：35454

===2018-04-03 21:11:00.002 [pool-2-thread-1] INFO  com.army.util.Count Line:144-刷新访问量:头条访问量：3213571
天下杂谈问量：15461
音乐访问量：12454
视频访问量：35454

===2018-04-03 21:12:00.003 [pool-2-thread-1] INFO  com.army.util.Count Line:144-刷新访问量:头条访问量：3213571
天下杂谈问量：15461
音乐访问量：12454
视频访问量：35454

===2018-04-03 21:13:00.003 [pool-2-thread-1] INFO  com.army.util.Count Line:144-刷新访问量:头条访问量：3213571
天下杂谈问量：15461
音乐访问量：12454
视频访问量：35454

===2018-04-03 21:14:00.001 [pool-2-thread-1] INFO  com.army.util.Count Line:144-刷新访问量:头条访问量：3213571
天下杂谈问量：15461
音乐访问量：12454
视频访问量：35454

===2018-04-03 21:15:00.002 [pool-2-thread-1] INFO  com.army.util.Count Line:144-刷新访问量:头条访问量：3213571
天下杂谈问量：15461
音乐访问量：12454
视频访问量：35454

===2018-04-03 21:16:00.001 [pool-2-thread-1] INFO  com.army.util.Count Line:144-刷新访问量:头条访问量：3213571
天下杂谈问量：15461
音乐访问量：12454
视频访问量：35454

===2018-04-03 21:17:00.002 [pool-2-thread-1] INFO  com.army.util.Count Line:144-刷新访问量:头条访问量：3213571
天下杂谈问量：15461
音乐访问量：12454
视频访问量：35454

===2018-04-03 21:18:00.002 [pool-2-thread-1] INFO  com.army.util.Count Line:144-刷新访问量:头条访问量：3213571
天下杂谈问量：15461
音乐访问量：12454
视频访问量：35454

===2018-04-03 21:19:00.002 [pool-2-thread-1] INFO  com.army.util.Count Line:144-刷新访问量:头条访问量：3213571
天下杂谈问量：15461
音乐访问量：12454
视频访问量：35454

===2018-04-03 21:20:00.001 [pool-2-thread-1] INFO  com.army.util.Count Line:144-刷新访问量:头条访问量：3213571
天下杂谈问量：15461
音乐访问量：12454
视频访问量：35454

===2018-04-03 21:21:00.002 [pool-2-thread-1] INFO  com.army.util.Count Line:144-刷新访问量:头条访问量：3213571
天下杂谈问量：15461
音乐访问量：12454
视频访问量：35454

===2018-04-03 21:22:00.003 [pool-2-thread-1] INFO  com.army.util.Count Line:144-刷新访问量:头条访问量：3213571
天下杂谈问量：15461
音乐访问量：12454
视频访问量：35454

===2018-04-03 21:23:00.001 [pool-2-thread-1] INFO  com.army.util.Count Line:144-刷新访问量:头条访问量：3213571
天下杂谈问量：15461
音乐访问量：12454
视频访问量：35454

===2018-04-03 21:24:00.002 [pool-2-thread-1] INFO  com.army.util.Count Line:144-刷新访问量:头条访问量：3213571
天下杂谈问量：15461
音乐访问量：12454
视频访问量：35454

===2018-04-03 21:25:00.002 [pool-2-thread-1] INFO  com.army.util.Count Line:144-刷新访问量:头条访问量：3213571
天下杂谈问量：15461
音乐访问量：12454
视频访问量：35454

===2018-04-03 21:26:00.002 [pool-2-thread-1] INFO  com.army.util.Count Line:144-刷新访问量:头条访问量：3213571
天下杂谈问量：15461
音乐访问量：12454
视频访问量：35454

===2018-04-03 21:27:00.001 [pool-2-thread-1] INFO  com.army.util.Count Line:144-刷新访问量:头条访问量：3213571
天下杂谈问量：15461
音乐访问量：12454
视频访问量：35454

===2018-04-03 21:28:00.001 [pool-2-thread-1] INFO  com.army.util.Count Line:144-刷新访问量:头条访问量：3213571
天下杂谈问量：15461
音乐访问量：12454
视频访问量：35454

===2018-04-03 21:31:24.532 [pool-2-thread-1] INFO  com.army.util.Count Line:144-刷新访问量:头条访问量：3213571
天下杂谈问量：15461
音乐访问量：12454
视频访问量：35454

===2018-04-03 21:32:00.002 [pool-2-thread-1] INFO  com.army.util.Count Line:144-刷新访问量:头条访问量：3213571
天下杂谈问量：15461
音乐访问量：12454
视频访问量：35454

===2018-04-03 21:33:00.002 [pool-2-thread-1] INFO  com.army.util.Count Line:144-刷新访问量:头条访问量：3213571
天下杂谈问量：15461
音乐访问量：12454
视频访问量：35454

===2018-04-03 21:34:00.002 [pool-2-thread-1] INFO  com.army.util.Count Line:144-刷新访问量:头条访问量：3213571
天下杂谈问量：15461
音乐访问量：12454
视频访问量：35454

===2018-04-03 21:35:00.002 [pool-2-thread-1] INFO  com.army.util.Count Line:144-刷新访问量:头条访问量：3213571
天下杂谈问量：15461
音乐访问量：12454
视频访问量：35454

===2018-04-03 21:36:00.001 [pool-2-thread-1] INFO  com.army.util.Count Line:144-刷新访问量:头条访问量：3213571
天下杂谈问量：15461
音乐访问量：12454
视频访问量：35454

===2018-04-03 21:37:00.003 [pool-2-thread-1] INFO  com.army.util.Count Line:144-刷新访问量:头条访问量：3213571
天下杂谈问量：15461
音乐访问量：12454
视频访问量：35454

===2018-04-03 21:38:00.002 [pool-2-thread-1] INFO  com.army.util.Count Line:144-刷新访问量:头条访问量：3213571
天下杂谈问量：15461
音乐访问量：12454
视频访问量：35454

===2018-04-03 21:39:00.003 [pool-2-thread-1] INFO  com.army.util.Count Line:144-刷新访问量:头条访问量：3213571
天下杂谈问量：15461
音乐访问量：12454
视频访问量：35454

===2018-04-03 21:40:00.001 [pool-2-thread-1] INFO  com.army.util.Count Line:144-刷新访问量:头条访问量：3213571
天下杂谈问量：15461
音乐访问量：12454
视频访问量：35454

===2018-04-03 21:41:00.001 [pool-2-thread-1] INFO  com.army.util.Count Line:144-刷新访问量:头条访问量：3213571
天下杂谈问量：15461
音乐访问量：12454
视频访问量：35454

===2018-04-03 21:42:00.003 [pool-2-thread-1] INFO  com.army.util.Count Line:144-刷新访问量:头条访问量：3213571
天下杂谈问量：15461
音乐访问量：12454
视频访问量：35454

===2018-04-03 21:43:00.001 [pool-2-thread-1] INFO  com.army.util.Count Line:144-刷新访问量:头条访问量：3213571
天下杂谈问量：15461
音乐访问量：12454
视频访问量：35454

===2018-04-03 21:44:00.003 [pool-2-thread-1] INFO  com.army.util.Count Line:144-刷新访问量:头条访问量：3213571
天下杂谈问量：15461
音乐访问量：12454
视频访问量：35454

===2018-04-03 21:45:00.002 [pool-2-thread-1] INFO  com.army.util.Count Line:144-刷新访问量:头条访问量：3213571
天下杂谈问量：15461
音乐访问量：12454
视频访问量：35454

===2018-04-03 21:46:00.003 [pool-2-thread-1] INFO  com.army.util.Count Line:144-刷新访问量:头条访问量：3213571
天下杂谈问量：15461
音乐访问量：12454
视频访问量：35454

===2018-04-03 21:47:00.001 [pool-2-thread-1] INFO  com.army.util.Count Line:144-刷新访问量:头条访问量：3213571
天下杂谈问量：15461
音乐访问量：12454
视频访问量：35454

===2018-04-03 21:48:00.002 [pool-2-thread-1] INFO  com.army.util.Count Line:144-刷新访问量:头条访问量：3213571
天下杂谈问量：15461
音乐访问量：12454
视频访问量：35454

===2018-04-03 21:49:00.004 [pool-2-thread-1] INFO  com.army.util.Count Line:144-刷新访问量:头条访问量：3213571
天下杂谈问量：15461
音乐访问量：12454
视频访问量：35454

===2018-04-03 21:50:00.001 [pool-2-thread-1] INFO  com.army.util.Count Line:144-刷新访问量:头条访问量：3213571
天下杂谈问量：15461
音乐访问量：12454
视频访问量：35454

===2018-04-03 21:51:00.003 [pool-2-thread-1] INFO  com.army.util.Count Line:144-刷新访问量:头条访问量：3213571
天下杂谈问量：15461
音乐访问量：12454
视频访问量：35454

===2018-04-03 21:52:00.001 [pool-2-thread-1] INFO  com.army.util.Count Line:144-刷新访问量:头条访问量：3213571
天下杂谈问量：15461
音乐访问量：12454
视频访问量：35454

===2018-04-03 21:53:00.003 [pool-2-thread-1] INFO  com.army.util.Count Line:144-刷新访问量:头条访问量：3213571
天下杂谈问量：15461
音乐访问量：12454
视频访问量：35454

===2018-04-03 21:54:00.001 [pool-2-thread-1] INFO  com.army.util.Count Line:144-刷新访问量:头条访问量：3213571
天下杂谈问量：15461
音乐访问量：12454
视频访问量：35454

===2018-04-03 21:55:00.002 [pool-2-thread-1] INFO  com.army.util.Count Line:144-刷新访问量:头条访问量：3213571
天下杂谈问量：15461
音乐访问量：12454
视频访问量：35454

===2018-04-03 21:56:00.002 [pool-2-thread-1] INFO  com.army.util.Count Line:144-刷新访问量:头条访问量：3213571
天下杂谈问量：15461
音乐访问量：12454
视频访问量：35454

===2018-04-03 21:57:00.003 [pool-2-thread-1] INFO  com.army.util.Count Line:144-刷新访问量:头条访问量：3213571
天下杂谈问量：15461
音乐访问量：12454
视频访问量：35454

===2018-04-03 21:58:00.002 [pool-2-thread-1] INFO  com.army.util.Count Line:144-刷新访问量:头条访问量：3213571
天下杂谈问量：15461
音乐访问量：12454
视频访问量：35454

===2018-04-03 21:59:00.002 [pool-2-thread-1] INFO  com.army.util.Count Line:144-刷新访问量:头条访问量：3213571
天下杂谈问量：15461
音乐访问量：12454
视频访问量：35454

===2018-04-03 22:00:00.002 [pool-2-thread-1] INFO  com.army.util.Count Line:144-刷新访问量:头条访问量：3213571
天下杂谈问量：15461
音乐访问量：12454
视频访问量：35454

===2018-04-03 22:10:19.762 [pool-2-thread-1] INFO  com.army.util.Count Line:144-刷新访问量:头条访问量：3213571
天下杂谈问量：15461
音乐访问量：12454
视频访问量：35454

===2018-04-03 22:11:00.002 [pool-2-thread-1] INFO  com.army.util.Count Line:144-刷新访问量:头条访问量：3213571
天下杂谈问量：15461
音乐访问量：12454
视频访问量：35454

===2018-04-03 22:12:00.002 [pool-2-thread-1] INFO  com.army.util.Count Line:144-刷新访问量:头条访问量：3213571
天下杂谈问量：15461
音乐访问量：12454
视频访问量：35454

===2018-04-03 22:13:00.002 [pool-2-thread-1] INFO  com.army.util.Count Line:144-刷新访问量:头条访问量：3213571
天下杂谈问量：15461
音乐访问量：12454
视频访问量：35454

===2018-04-03 22:14:00.001 [pool-2-thread-1] INFO  com.army.util.Count Line:144-刷新访问量:头条访问量：3213571
天下杂谈问量：15461
音乐访问量：12454
视频访问量：35454

===2018-04-03 22:15:00.002 [pool-2-thread-1] INFO  com.army.util.Count Line:144-刷新访问量:头条访问量：3213571
天下杂谈问量：15461
音乐访问量：12454
视频访问量：35454

===2018-04-03 22:16:00.001 [pool-2-thread-1] INFO  com.army.util.Count Line:144-刷新访问量:头条访问量：3213571
天下杂谈问量：15461
音乐访问量：12454
视频访问量：35454

===2018-04-03 22:17:00.001 [pool-2-thread-1] INFO  com.army.util.Count Line:144-刷新访问量:头条访问量：3213571
天下杂谈问量：15461
音乐访问量：12454
视频访问量：35454

===2018-04-03 22:18:00.003 [pool-2-thread-1] INFO  com.army.util.Count Line:144-刷新访问量:头条访问量：3213571
天下杂谈问量：15461
音乐访问量：12454
视频访问量：35454

===2018-04-03 22:19:00.002 [pool-2-thread-1] INFO  com.army.util.Count Line:144-刷新访问量:头条访问量：3213571
天下杂谈问量：15461
音乐访问量：12454
视频访问量：35454

===2018-04-03 22:20:00.002 [pool-2-thread-1] INFO  com.army.util.Count Line:144-刷新访问量:头条访问量：3213571
天下杂谈问量：15461
音乐访问量：12454
视频访问量：35454

===2018-04-03 22:21:00.001 [pool-2-thread-1] INFO  com.army.util.Count Line:144-刷新访问量:头条访问量：3213571
天下杂谈问量：15461
音乐访问量：12454
视频访问量：35454

===2018-04-03 22:22:00.002 [pool-2-thread-1] INFO  com.army.util.Count Line:144-刷新访问量:头条访问量：3213571
天下杂谈问量：15461
音乐访问量：12454
视频访问量：35454

===2018-04-03 22:23:00.002 [pool-2-thread-1] INFO  com.army.util.Count Line:144-刷新访问量:头条访问量：3213571
天下杂谈问量：15461
音乐访问量：12454
视频访问量：35454

===2018-04-03 22:24:00.002 [pool-2-thread-1] INFO  com.army.util.Count Line:144-刷新访问量:头条访问量：3213571
天下杂谈问量：15461
音乐访问量：12454
视频访问量：35454

===2018-04-03 22:25:00.002 [pool-2-thread-1] INFO  com.army.util.Count Line:144-刷新访问量:头条访问量：3213571
天下杂谈问量：15461
音乐访问量：12454
视频访问量：35454

===2018-04-03 22:26:00.001 [pool-2-thread-1] INFO  com.army.util.Count Line:144-刷新访问量:头条访问量：3213571
天下杂谈问量：15461
音乐访问量：12454
视频访问量：35454

===2018-04-03 22:27:00.003 [pool-2-thread-1] INFO  com.army.util.Count Line:144-刷新访问量:头条访问量：3213571
天下杂谈问量：15461
音乐访问量：12454
视频访问量：35454

===2018-04-03 22:28:00.001 [pool-2-thread-1] INFO  com.army.util.Count Line:144-刷新访问量:头条访问量：3213571
天下杂谈问量：15461
音乐访问量：12454
视频访问量：35454

===2018-04-03 22:29:00.002 [pool-2-thread-1] INFO  com.army.util.Count Line:144-刷新访问量:头条访问量：3213571
天下杂谈问量：15461
音乐访问量：12454
视频访问量：35454

===2018-04-03 22:30:00.001 [pool-2-thread-1] INFO  com.army.util.Count Line:144-刷新访问量:头条访问量：3213571
天下杂谈问量：15461
音乐访问量：12454
视频访问量：35454

===2018-04-03 22:31:00.003 [pool-2-thread-1] INFO  com.army.util.Count Line:144-刷新访问量:头条访问量：3213571
天下杂谈问量：15461
音乐访问量：12454
视频访问量：35454

===2018-04-03 22:32:00.001 [pool-2-thread-1] INFO  com.army.util.Count Line:144-刷新访问量:头条访问量：3213571
天下杂谈问量：15461
音乐访问量：12454
视频访问量：35454

===2018-04-03 22:33:00.001 [pool-2-thread-1] INFO  com.army.util.Count Line:144-刷新访问量:头条访问量：3213571
天下杂谈问量：15461
音乐访问量：12454
视频访问量：35454

===2018-04-03 22:34:00.003 [pool-2-thread-1] INFO  com.army.util.Count Line:144-刷新访问量:头条访问量：3213571
天下杂谈问量：15461
音乐访问量：12454
视频访问量：35454

===2018-04-03 22:35:00.002 [pool-2-thread-1] INFO  com.army.util.Count Line:144-刷新访问量:头条访问量：3213571
天下杂谈问量：15461
音乐访问量：12454
视频访问量：35454

===2018-04-03 22:36:00.003 [pool-2-thread-1] INFO  com.army.util.Count Line:144-刷新访问量:头条访问量：3213571
天下杂谈问量：15461
音乐访问量：12454
视频访问量：35454

===2018-04-03 22:37:00.002 [pool-2-thread-1] INFO  com.army.util.Count Line:144-刷新访问量:头条访问量：3213571
天下杂谈问量：15461
音乐访问量：12454
视频访问量：35454

===2018-04-03 22:38:00.002 [pool-2-thread-1] INFO  com.army.util.Count Line:144-刷新访问量:头条访问量：3213571
天下杂谈问量：15461
音乐访问量：12454
视频访问量：35454

===2018-04-03 22:39:09.534 [pool-2-thread-1] INFO  com.army.util.Count Line:144-刷新访问量:头条访问量：3213571
天下杂谈问量：15461
音乐访问量：12454
视频访问量：35454

===2018-04-03 22:40:00.001 [pool-2-thread-1] INFO  com.army.util.Count Line:144-刷新访问量:头条访问量：3213571
天下杂谈问量：15461
音乐访问量：12454
视频访问量：35454

===2018-04-03 22:41:00.003 [pool-2-thread-1] INFO  com.army.util.Count Line:144-刷新访问量:头条访问量：3213571
天下杂谈问量：15461
音乐访问量：12454
视频访问量：35454

===2018-04-03 22:42:00.001 [pool-2-thread-1] INFO  com.army.util.Count Line:144-刷新访问量:头条访问量：3213571
天下杂谈问量：15461
音乐访问量：12454
视频访问量：35454

===2018-04-03 22:43:00.003 [pool-2-thread-1] INFO  com.army.util.Count Line:144-刷新访问量:头条访问量：3213571
天下杂谈问量：15461
音乐访问量：12454
视频访问量：35454

===2018-04-03 22:44:00.001 [pool-2-thread-1] INFO  com.army.util.Count Line:144-刷新访问量:头条访问量：3213571
天下杂谈问量：15461
音乐访问量：12454
视频访问量：35454

===2018-04-03 22:45:00.002 [pool-2-thread-1] INFO  com.army.util.Count Line:144-刷新访问量:头条访问量：3213571
天下杂谈问量：15461
音乐访问量：12454
视频访问量：35454

===2018-04-03 22:46:00.002 [pool-2-thread-1] INFO  com.army.util.Count Line:144-刷新访问量:头条访问量：3213571
天下杂谈问量：15461
音乐访问量：12454
视频访问量：35454

===2018-04-03 22:47:00.002 [pool-2-thread-1] INFO  com.army.util.Count Line:144-刷新访问量:头条访问量：3213571
天下杂谈问量：15461
音乐访问量：12454
视频访问量：35454

===2018-04-03 22:48:00.002 [pool-2-thread-1] INFO  com.army.util.Count Line:144-刷新访问量:头条访问量：3213571
天下杂谈问量：15461
音乐访问量：12454
视频访问量：35454

===2018-04-03 22:49:00.001 [pool-2-thread-1] INFO  com.army.util.Count Line:144-刷新访问量:头条访问量：3213571
天下杂谈问量：15461
音乐访问量：12454
视频访问量：35454

===2018-04-03 22:50:00.003 [pool-2-thread-1] INFO  com.army.util.Count Line:144-刷新访问量:头条访问量：3213571
天下杂谈问量：15461
音乐访问量：12454
视频访问量：35454

===2018-04-03 22:51:00.001 [pool-2-thread-1] INFO  com.army.util.Count Line:144-刷新访问量:头条访问量：3213571
天下杂谈问量：15461
音乐访问量：12454
视频访问量：35454

===2018-04-03 22:52:00.003 [pool-2-thread-1] INFO  com.army.util.Count Line:144-刷新访问量:头条访问量：3213571
天下杂谈问量：15461
音乐访问量：12454
视频访问量：35454

===2018-04-03 22:53:00.002 [pool-2-thread-1] INFO  com.army.util.Count Line:144-刷新访问量:头条访问量：3213571
天下杂谈问量：15461
音乐访问量：12454
视频访问量：35454

===2018-04-03 22:54:00.002 [pool-2-thread-1] INFO  com.army.util.Count Line:144-刷新访问量:头条访问量：3213571
天下杂谈问量：15461
音乐访问量：12454
视频访问量：35454

===2018-04-03 22:55:00.004 [pool-2-thread-1] INFO  com.army.util.Count Line:144-刷新访问量:头条访问量：3213571
天下杂谈问量：15461
音乐访问量：12454
视频访问量：35454

===2018-04-03 22:56:00.001 [pool-2-thread-1] INFO  com.army.util.Count Line:144-刷新访问量:头条访问量：3213571
天下杂谈问量：15461
音乐访问量：12454
视频访问量：35454

===2018-04-03 22:57:00.002 [pool-2-thread-1] INFO  com.army.util.Count Line:144-刷新访问量:头条访问量：3213571
天下杂谈问量：15461
音乐访问量：12454
视频访问量：35454

===2018-04-03 22:58:00.001 [pool-2-thread-1] INFO  com.army.util.Count Line:144-刷新访问量:头条访问量：3213571
天下杂谈问量：15461
音乐访问量：12454
视频访问量：35454

===2018-04-03 22:59:00.002 [pool-2-thread-1] INFO  com.army.util.Count Line:144-刷新访问量:头条访问量：3213571
天下杂谈问量：15461
音乐访问量：12454
视频访问量：35454

===2018-04-03 23:00:00.002 [pool-2-thread-1] INFO  com.army.util.Count Line:144-刷新访问量:头条访问量：3213571
天下杂谈问量：15461
音乐访问量：12454
视频访问量：35454

===2018-04-03 23:04:04.775 [pool-2-thread-1] INFO  com.army.util.Count Line:144-刷新访问量:头条访问量：3213571
天下杂谈问量：15461
音乐访问量：12454
视频访问量：35454

===2018-04-03 23:05:00.001 [pool-2-thread-1] INFO  com.army.util.Count Line:144-刷新访问量:头条访问量：3213571
天下杂谈问量：15461
音乐访问量：12454
视频访问量：35454

===2018-04-03 23:06:00.003 [pool-2-thread-1] INFO  com.army.util.Count Line:144-刷新访问量:头条访问量：3213571
天下杂谈问量：15461
音乐访问量：12454
视频访问量：35454

===2018-04-03 23:07:00.001 [pool-2-thread-1] INFO  com.army.util.Count Line:144-刷新访问量:头条访问量：3213571
天下杂谈问量：15461
音乐访问量：12454
视频访问量：35454

===2018-04-03 23:08:00.002 [pool-2-thread-1] INFO  com.army.util.Count Line:144-刷新访问量:头条访问量：3213571
天下杂谈问量：15461
音乐访问量：12454
视频访问量：35454

===2018-04-03 23:11:24.541 [pool-2-thread-1] INFO  com.army.util.Count Line:144-刷新访问量:头条访问量：3213571
天下杂谈问量：15461
音乐访问量：12454
视频访问量：35454

===2018-04-03 23:12:00.001 [pool-2-thread-1] INFO  com.army.util.Count Line:144-刷新访问量:头条访问量：3213571
天下杂谈问量：15461
音乐访问量：12454
视频访问量：35454

===2018-04-03 23:13:00.002 [pool-2-thread-1] INFO  com.army.util.Count Line:144-刷新访问量:头条访问量：3213571
天下杂谈问量：15461
音乐访问量：12454
视频访问量：35454

===2018-04-03 23:14:00.001 [pool-2-thread-1] INFO  com.army.util.Count Line:144-刷新访问量:头条访问量：3213571
天下杂谈问量：15461
音乐访问量：12454
视频访问量：35454

===2018-04-03 23:15:00.004 [pool-2-thread-1] INFO  com.army.util.Count Line:144-刷新访问量:头条访问量：3213571
天下杂谈问量：15461
音乐访问量：12454
视频访问量：35454

===2018-04-03 23:16:00.002 [pool-2-thread-1] INFO  com.army.util.Count Line:144-刷新访问量:头条访问量：3213571
天下杂谈问量：15461
音乐访问量：12454
视频访问量：35454

===2018-04-03 23:17:00.003 [pool-2-thread-1] INFO  com.army.util.Count Line:144-刷新访问量:头条访问量：3213571
天下杂谈问量：15461
音乐访问量：12454
视频访问量：35454

===2018-04-03 23:18:00.001 [pool-2-thread-1] INFO  com.army.util.Count Line:144-刷新访问量:头条访问量：3213571
天下杂谈问量：15461
音乐访问量：12454
视频访问量：35454

===2018-04-03 23:19:00.003 [pool-2-thread-1] INFO  com.army.util.Count Line:144-刷新访问量:头条访问量：3213571
天下杂谈问量：15461
音乐访问量：12454
视频访问量：35454

===2018-04-03 23:20:00.002 [pool-2-thread-1] INFO  com.army.util.Count Line:144-刷新访问量:头条访问量：3213571
天下杂谈问量：15461
音乐访问量：12454
视频访问量：35454

===2018-04-03 23:21:00.002 [pool-2-thread-1] INFO  com.army.util.Count Line:144-刷新访问量:头条访问量：3213571
天下杂谈问量：15461
音乐访问量：12454
视频访问量：35454

===2018-04-03 23:22:00.003 [pool-2-thread-1] INFO  com.army.util.Count Line:144-刷新访问量:头条访问量：3213571
天下杂谈问量：15461
音乐访问量：12454
视频访问量：35454

===2018-04-03 23:23:00.001 [pool-2-thread-1] INFO  com.army.util.Count Line:144-刷新访问量:头条访问量：3213571
天下杂谈问量：15461
音乐访问量：12454
视频访问量：35454

===2018-04-03 23:24:00.003 [pool-2-thread-1] INFO  com.army.util.Count Line:144-刷新访问量:头条访问量：3213571
天下杂谈问量：15461
音乐访问量：12454
视频访问量：35454

===2018-04-03 23:25:00.002 [pool-2-thread-1] INFO  com.army.util.Count Line:144-刷新访问量:头条访问量：3213571
天下杂谈问量：15461
音乐访问量：12454
视频访问量：35454

===2018-04-03 23:26:00.002 [pool-2-thread-1] INFO  com.army.util.Count Line:144-刷新访问量:头条访问量：3213571
天下杂谈问量：15461
音乐访问量：12454
视频访问量：35454

===2018-04-03 23:27:00.001 [pool-2-thread-1] INFO  com.army.util.Count Line:144-刷新访问量:头条访问量：3213571
天下杂谈问量：15461
音乐访问量：12454
视频访问量：35454

===2018-04-03 23:28:00.001 [pool-2-thread-1] INFO  com.army.util.Count Line:144-刷新访问量:头条访问量：3213571
天下杂谈问量：15461
音乐访问量：12454
视频访问量：35454

===2018-04-03 23:29:00.002 [pool-2-thread-1] INFO  com.army.util.Count Line:144-刷新访问量:头条访问量：3213571
天下杂谈问量：15461
音乐访问量：12454
视频访问量：35454

===2018-04-03 23:30:00.002 [pool-2-thread-1] INFO  com.army.util.Count Line:144-刷新访问量:头条访问量：3213571
天下杂谈问量：15461
音乐访问量：12454
视频访问量：35454

===2018-04-03 23:31:00.002 [pool-2-thread-1] INFO  com.army.util.Count Line:144-刷新访问量:头条访问量：3213571
天下杂谈问量：15461
音乐访问量：12454
视频访问量：35454

===2018-04-03 23:32:00.001 [pool-2-thread-1] INFO  com.army.util.Count Line:144-刷新访问量:头条访问量：3213571
天下杂谈问量：15461
音乐访问量：12454
视频访问量：35454

===2018-04-03 23:33:00.002 [pool-2-thread-1] INFO  com.army.util.Count Line:144-刷新访问量:头条访问量：3213571
天下杂谈问量：15461
音乐访问量：12454
视频访问量：35454

===2018-04-03 23:34:00.001 [pool-2-thread-1] INFO  com.army.util.Count Line:144-刷新访问量:头条访问量：3213571
天下杂谈问量：15461
音乐访问量：12454
视频访问量：35454

===2018-04-03 23:35:00.002 [pool-2-thread-1] INFO  com.army.util.Count Line:144-刷新访问量:头条访问量：3213571
天下杂谈问量：15461
音乐访问量：12454
视频访问量：35454

===2018-04-03 23:36:00.003 [pool-2-thread-1] INFO  com.army.util.Count Line:144-刷新访问量:头条访问量：3213571
天下杂谈问量：15461
音乐访问量：12454
视频访问量：35454

===2018-04-03 23:37:00.002 [pool-2-thread-1] INFO  com.army.util.Count Line:144-刷新访问量:头条访问量：3213571
天下杂谈问量：15461
音乐访问量：12454
视频访问量：35454

===2018-04-03 23:38:00.002 [pool-2-thread-1] INFO  com.army.util.Count Line:144-刷新访问量:头条访问量：3213571
天下杂谈问量：15461
音乐访问量：12454
视频访问量：35454

===2018-04-03 23:39:00.001 [pool-2-thread-1] INFO  com.army.util.Count Line:144-刷新访问量:头条访问量：3213571
天下杂谈问量：15461
音乐访问量：12454
视频访问量：35454

===2018-04-03 23:40:00.002 [pool-2-thread-1] INFO  com.army.util.Count Line:144-刷新访问量:头条访问量：3213571
天下杂谈问量：15461
音乐访问量：12454
视频访问量：35454

===2018-04-03 23:41:00.002 [pool-2-thread-1] INFO  com.army.util.Count Line:144-刷新访问量:头条访问量：3213571
天下杂谈问量：15461
音乐访问量：12454
视频访问量：35454

===2018-04-03 23:42:00.002 [pool-2-thread-1] INFO  com.army.util.Count Line:144-刷新访问量:头条访问量：3213571
天下杂谈问量：15461
音乐访问量：12454
视频访问量：35454

===2018-04-03 23:51:24.529 [pool-2-thread-1] INFO  com.army.util.Count Line:144-刷新访问量:头条访问量：3213571
天下杂谈问量：15461
音乐访问量：12454
视频访问量：35454

===2018-04-03 23:52:00.001 [pool-2-thread-1] INFO  com.army.util.Count Line:144-刷新访问量:头条访问量：3213571
天下杂谈问量：15461
音乐访问量：12454
视频访问量：35454

===2018-04-03 23:53:00.001 [pool-2-thread-1] INFO  com.army.util.Count Line:144-刷新访问量:头条访问量：3213571
天下杂谈问量：15461
音乐访问量：12454
视频访问量：35454

===2018-04-03 23:54:00.001 [pool-2-thread-1] INFO  com.army.util.Count Line:144-刷新访问量:头条访问量：3213571
天下杂谈问量：15461
音乐访问量：12454
视频访问量：35454

===2018-04-03 23:55:00.002 [pool-2-thread-1] INFO  com.army.util.Count Line:144-刷新访问量:头条访问量：3213571
天下杂谈问量：15461
音乐访问量：12454
视频访问量：35454

===2018-04-03 23:56:00.001 [pool-2-thread-1] INFO  com.army.util.Count Line:144-刷新访问量:头条访问量：3213571
天下杂谈问量：15461
音乐访问量：12454
视频访问量：35454

===2018-04-03 23:57:00.002 [pool-2-thread-1] INFO  com.army.util.Count Line:144-刷新访问量:头条访问量：3213571
天下杂谈问量：15461
音乐访问量：12454
视频访问量：35454

===2018-04-03 23:58:00.002 [pool-2-thread-1] INFO  com.army.util.Count Line:144-刷新访问量:头条访问量：3213571
天下杂谈问量：15461
音乐访问量：12454
视频访问量：35454

===2018-04-03 23:59:00.003 [pool-2-thread-1] INFO  com.army.util.Count Line:144-刷新访问量:头条访问量：3213571
天下杂谈问量：15461
音乐访问量：12454
视频访问量：35454

