===2018-04-06 09:57:29.282 [main] INFO  com.army.util.TimerTask Line:57 -start.............
===2018-04-06 09:58:11.872 [main] INFO  com.army.util.TimerTask Line:57 -start.............
===2018-04-06 09:59:11.272 [main] INFO  com.army.util.TimerTask Line:57 -start.............
===2018-04-06 10:05:01.008 [pool-2-thread-1] INFO  com.army.util.Count Line:141-刷新访问量:头条访问量：3213643
天下杂谈问量：15512
音乐访问量：12470
视频访问量：35474

===2018-04-06 10:06:00.003 [pool-2-thread-1] INFO  com.army.util.Count Line:141-刷新访问量:头条访问量：3213643
天下杂谈问量：15512
音乐访问量：12470
视频访问量：35474

===2018-04-06 10:07:00.004 [pool-2-thread-1] INFO  com.army.util.Count Line:141-刷新访问量:头条访问量：3213643
天下杂谈问量：15512
音乐访问量：12470
视频访问量：35474

===2018-04-06 10:08:00.002 [pool-2-thread-1] INFO  com.army.util.Count Line:141-刷新访问量:头条访问量：3213643
天下杂谈问量：15512
音乐访问量：12470
视频访问量：35474

===2018-04-06 11:00:50.440 [main] INFO  com.army.util.TimerTask Line:57 -start.............
===2018-04-06 11:01:00.002 [pool-2-thread-1] INFO  com.army.util.Count Line:136-刷新访问量:头条访问量：3213643
天下杂谈问量：15512
音乐访问量：12470
视频访问量：35474

===2018-04-06 11:04:03.298 [main] INFO  com.army.util.TimerTask Line:57 -start.............
===2018-04-06 11:05:00.004 [pool-2-thread-1] INFO  com.army.util.Count Line:136-刷新访问量:头条访问量：3213643
天下杂谈问量：15512
音乐访问量：12470
视频访问量：35474

===2018-04-06 11:06:00.002 [pool-2-thread-1] INFO  com.army.util.Count Line:136-刷新访问量:头条访问量：3213643
天下杂谈问量：15512
音乐访问量：12470
视频访问量：35474

===2018-04-06 11:07:00.002 [pool-2-thread-1] INFO  com.army.util.Count Line:136-刷新访问量:头条访问量：3213643
天下杂谈问量：15512
音乐访问量：12470
视频访问量：35474

===2018-04-06 11:08:00.001 [pool-2-thread-1] INFO  com.army.util.Count Line:136-刷新访问量:头条访问量：3213643
天下杂谈问量：15512
音乐访问量：12470
视频访问量：35474

===2018-04-06 11:09:00.002 [pool-2-thread-1] INFO  com.army.util.Count Line:136-刷新访问量:头条访问量：3213643
天下杂谈问量：15512
音乐访问量：12470
视频访问量：35474

===2018-04-06 11:10:00.002 [pool-2-thread-1] INFO  com.army.util.Count Line:136-刷新访问量:头条访问量：3213643
天下杂谈问量：15512
音乐访问量：12470
视频访问量：35474

===2018-04-06 11:12:01.891 [main] INFO  com.army.util.TimerTask Line:57 -start.............
===2018-04-06 11:13:00.003 [pool-2-thread-1] INFO  com.army.util.Count Line:136-刷新访问量:头条访问量：3213643
天下杂谈问量：15512
音乐访问量：12470
视频访问量：35474

===2018-04-06 11:14:00.002 [pool-2-thread-1] INFO  com.army.util.Count Line:136-刷新访问量:头条访问量：3213643
天下杂谈问量：15512
音乐访问量：12470
视频访问量：35474

===2018-04-06 11:15:00.002 [pool-2-thread-1] INFO  com.army.util.Count Line:136-刷新访问量:头条访问量：3213643
天下杂谈问量：15512
音乐访问量：12470
视频访问量：35474

===2018-04-06 11:16:00.003 [pool-2-thread-1] INFO  com.army.util.Count Line:136-刷新访问量:头条访问量：3213643
天下杂谈问量：15512
音乐访问量：12470
视频访问量：35474

===2018-04-06 11:17:00.002 [pool-2-thread-1] INFO  com.army.util.Count Line:136-刷新访问量:头条访问量：3213643
天下杂谈问量：15512
音乐访问量：12470
视频访问量：35474

===2018-04-06 11:18:00.004 [pool-2-thread-1] INFO  com.army.util.Count Line:136-刷新访问量:头条访问量：3213643
天下杂谈问量：15512
音乐访问量：12470
视频访问量：35474

===2018-04-06 11:19:00.051 [pool-2-thread-1] INFO  com.army.util.Count Line:136-刷新访问量:头条访问量：3213643
天下杂谈问量：15512
音乐访问量：12470
视频访问量：35474

===2018-04-06 11:20:00.003 [pool-2-thread-1] INFO  com.army.util.Count Line:136-刷新访问量:头条访问量：3213643
天下杂谈问量：15512
音乐访问量：12470
视频访问量：35474

===2018-04-06 11:21:00.003 [pool-2-thread-1] INFO  com.army.util.Count Line:136-刷新访问量:头条访问量：3213643
天下杂谈问量：15512
音乐访问量：12470
视频访问量：35474

===2018-04-06 11:22:00.002 [pool-2-thread-1] INFO  com.army.util.Count Line:136-刷新访问量:头条访问量：3213643
天下杂谈问量：15512
音乐访问量：12470
视频访问量：35474

===2018-04-06 11:23:00.007 [pool-2-thread-1] INFO  com.army.util.Count Line:136-刷新访问量:头条访问量：3213643
天下杂谈问量：15512
音乐访问量：12470
视频访问量：35474

===2018-04-06 11:24:00.002 [pool-2-thread-1] INFO  com.army.util.Count Line:136-刷新访问量:头条访问量：3213643
天下杂谈问量：15512
音乐访问量：12470
视频访问量：35474

===2018-04-06 11:25:09.890 [main] INFO  com.army.util.TimerTask Line:57 -start.............
===2018-04-06 11:26:00.004 [pool-2-thread-1] INFO  com.army.util.Count Line:136-刷新访问量:头条访问量：3213643
天下杂谈问量：15512
音乐访问量：12470
视频访问量：35474

===2018-04-06 11:27:00.002 [pool-2-thread-1] INFO  com.army.util.Count Line:136-刷新访问量:头条访问量：3213643
天下杂谈问量：15512
音乐访问量：12470
视频访问量：35474

===2018-04-06 11:28:00.003 [pool-2-thread-1] INFO  com.army.util.Count Line:136-刷新访问量:头条访问量：3213643
天下杂谈问量：15512
音乐访问量：12470
视频访问量：35474

===2018-04-06 11:29:19.622 [main] INFO  com.army.util.TimerTask Line:57 -start.............
===2018-04-06 11:30:00.006 [pool-2-thread-1] INFO  com.army.util.Count Line:136-刷新访问量:头条访问量：3213643
天下杂谈问量：15512
音乐访问量：12470
视频访问量：35474

===2018-04-06 11:31:00.076 [pool-2-thread-1] INFO  com.army.util.Count Line:136-刷新访问量:头条访问量：3213643
天下杂谈问量：15512
音乐访问量：12470
视频访问量：35474

===2018-04-06 11:32:00.002 [pool-2-thread-1] INFO  com.army.util.Count Line:136-刷新访问量:头条访问量：3213643
天下杂谈问量：15512
音乐访问量：12470
视频访问量：35474

===2018-04-06 11:33:00.003 [pool-2-thread-1] INFO  com.army.util.Count Line:136-刷新访问量:头条访问量：3213643
天下杂谈问量：15512
音乐访问量：12470
视频访问量：35474

===2018-04-06 11:34:00.002 [pool-2-thread-1] INFO  com.army.util.Count Line:136-刷新访问量:头条访问量：3213643
天下杂谈问量：15512
音乐访问量：12470
视频访问量：35474

===2018-04-06 11:35:00.003 [pool-2-thread-1] INFO  com.army.util.Count Line:136-刷新访问量:头条访问量：3213643
天下杂谈问量：15512
音乐访问量：12470
视频访问量：35474

===2018-04-06 11:36:00.001 [pool-2-thread-1] INFO  com.army.util.Count Line:136-刷新访问量:头条访问量：3213643
天下杂谈问量：15512
音乐访问量：12470
视频访问量：35474

===2018-04-06 11:37:00.003 [pool-2-thread-1] INFO  com.army.util.Count Line:136-刷新访问量:头条访问量：3213643
天下杂谈问量：15512
音乐访问量：12470
视频访问量：35474

===2018-04-06 11:38:00.044 [pool-2-thread-1] INFO  com.army.util.Count Line:136-刷新访问量:头条访问量：3213643
天下杂谈问量：15512
音乐访问量：12470
视频访问量：35474

===2018-04-06 11:39:00.002 [pool-2-thread-1] INFO  com.army.util.Count Line:136-刷新访问量:头条访问量：3213643
天下杂谈问量：15512
音乐访问量：12470
视频访问量：35474

===2018-04-06 11:40:00.002 [pool-2-thread-1] INFO  com.army.util.Count Line:136-刷新访问量:头条访问量：3213643
天下杂谈问量：15512
音乐访问量：12470
视频访问量：35474

===2018-04-06 11:41:00.001 [pool-2-thread-1] INFO  com.army.util.Count Line:136-刷新访问量:头条访问量：3213643
天下杂谈问量：15512
音乐访问量：12470
视频访问量：35474

===2018-04-06 11:41:44.409 [main] INFO  com.army.util.TimerTask Line:57 -start.............
===2018-04-06 11:42:00.003 [pool-2-thread-1] INFO  com.army.util.Count Line:136-刷新访问量:头条访问量：3213643
天下杂谈问量：15512
音乐访问量：12470
视频访问量：35474

===2018-04-06 11:43:00.002 [pool-2-thread-1] INFO  com.army.util.Count Line:136-刷新访问量:头条访问量：3213643
天下杂谈问量：15512
音乐访问量：12470
视频访问量：35474

===2018-04-06 11:44:00.002 [pool-2-thread-1] INFO  com.army.util.Count Line:136-刷新访问量:头条访问量：3213643
天下杂谈问量：15512
音乐访问量：12470
视频访问量：35474

===2018-04-06 11:45:00.001 [pool-2-thread-1] INFO  com.army.util.Count Line:136-刷新访问量:头条访问量：3213643
天下杂谈问量：15512
音乐访问量：12470
视频访问量：35474

===2018-04-06 11:46:00.003 [pool-2-thread-1] INFO  com.army.util.Count Line:136-刷新访问量:头条访问量：3213643
天下杂谈问量：15512
音乐访问量：12470
视频访问量：35474

===2018-04-06 11:47:00.009 [pool-2-thread-1] INFO  com.army.util.Count Line:136-刷新访问量:头条访问量：3213643
天下杂谈问量：15512
音乐访问量：12470
视频访问量：35474

===2018-04-06 11:48:00.003 [pool-2-thread-1] INFO  com.army.util.Count Line:136-刷新访问量:头条访问量：3213643
天下杂谈问量：15512
音乐访问量：12470
视频访问量：35474

===2018-04-06 11:49:00.004 [pool-2-thread-1] INFO  com.army.util.Count Line:136-刷新访问量:头条访问量：3213643
天下杂谈问量：15512
音乐访问量：12470
视频访问量：35474

===2018-04-06 11:50:00.001 [pool-2-thread-1] INFO  com.army.util.Count Line:136-刷新访问量:头条访问量：3213643
天下杂谈问量：15512
音乐访问量：12470
视频访问量：35474

===2018-04-06 11:50:27.136 [main] INFO  com.army.util.TimerTask Line:57 -start.............
===2018-04-06 11:51:00.002 [pool-2-thread-1] INFO  com.army.util.Count Line:136-刷新访问量:头条访问量：3213643
天下杂谈问量：15512
音乐访问量：12470
视频访问量：35474

===2018-04-06 11:52:00.013 [pool-2-thread-1] INFO  com.army.util.Count Line:136-刷新访问量:头条访问量：3213643
天下杂谈问量：15512
音乐访问量：12470
视频访问量：35474

===2018-04-06 11:53:00.002 [pool-2-thread-1] INFO  com.army.util.Count Line:136-刷新访问量:头条访问量：3213643
天下杂谈问量：15512
音乐访问量：12470
视频访问量：35474

===2018-04-06 11:54:00.004 [pool-2-thread-1] INFO  com.army.util.Count Line:136-刷新访问量:头条访问量：3213643
天下杂谈问量：15512
音乐访问量：12470
视频访问量：35474

===2018-04-06 11:55:00.023 [pool-2-thread-1] INFO  com.army.util.Count Line:136-刷新访问量:头条访问量：3213643
天下杂谈问量：15512
音乐访问量：12470
视频访问量：35474

===2018-04-06 11:56:00.002 [pool-2-thread-1] INFO  com.army.util.Count Line:136-刷新访问量:头条访问量：3213643
天下杂谈问量：15512
音乐访问量：12470
视频访问量：35474

===2018-04-06 11:57:00.002 [pool-2-thread-1] INFO  com.army.util.Count Line:136-刷新访问量:头条访问量：3213643
天下杂谈问量：15512
音乐访问量：12470
视频访问量：35474

===2018-04-06 11:58:00.004 [pool-2-thread-1] INFO  com.army.util.Count Line:136-刷新访问量:头条访问量：3213643
天下杂谈问量：15512
音乐访问量：12470
视频访问量：35474

===2018-04-06 11:59:00.086 [pool-2-thread-1] INFO  com.army.util.Count Line:136-刷新访问量:头条访问量：3213643
天下杂谈问量：15512
音乐访问量：12470
视频访问量：35474

===2018-04-06 12:00:00.002 [pool-2-thread-1] INFO  com.army.util.Count Line:136-刷新访问量:头条访问量：3213643
天下杂谈问量：15512
音乐访问量：12470
视频访问量：35474

===2018-04-06 12:05:15.540 [pool-2-thread-1] INFO  com.army.util.Count Line:136-刷新访问量:头条访问量：3213643
天下杂谈问量：15512
音乐访问量：12470
视频访问量：35474

===2018-04-06 12:06:00.001 [pool-2-thread-1] INFO  com.army.util.Count Line:136-刷新访问量:头条访问量：3213643
天下杂谈问量：15512
音乐访问量：12470
视频访问量：35474

===2018-04-06 12:07:00.003 [pool-2-thread-1] INFO  com.army.util.Count Line:136-刷新访问量:头条访问量：3213643
天下杂谈问量：15512
音乐访问量：12470
视频访问量：35474

===2018-04-06 12:08:00.015 [pool-2-thread-1] INFO  com.army.util.Count Line:136-刷新访问量:头条访问量：3213643
天下杂谈问量：15512
音乐访问量：12470
视频访问量：35474

===2018-04-06 12:09:00.003 [pool-2-thread-1] INFO  com.army.util.Count Line:136-刷新访问量:头条访问量：3213643
天下杂谈问量：15512
音乐访问量：12470
视频访问量：35474

===2018-04-06 12:10:00.003 [pool-2-thread-1] INFO  com.army.util.Count Line:136-刷新访问量:头条访问量：3213643
天下杂谈问量：15512
音乐访问量：12470
视频访问量：35474

===2018-04-06 12:11:00.002 [pool-2-thread-1] INFO  com.army.util.Count Line:136-刷新访问量:头条访问量：3213643
天下杂谈问量：15512
音乐访问量：12470
视频访问量：35474

===2018-04-06 12:12:00.003 [pool-2-thread-1] INFO  com.army.util.Count Line:136-刷新访问量:头条访问量：3213643
天下杂谈问量：15512
音乐访问量：12470
视频访问量：35474

===2018-04-06 12:13:00.002 [pool-2-thread-1] INFO  com.army.util.Count Line:136-刷新访问量:头条访问量：3213643
天下杂谈问量：15512
音乐访问量：12470
视频访问量：35474

===2018-04-06 12:14:00.003 [pool-2-thread-1] INFO  com.army.util.Count Line:136-刷新访问量:头条访问量：3213643
天下杂谈问量：15512
音乐访问量：12470
视频访问量：35474

===2018-04-06 12:15:00.002 [pool-2-thread-1] INFO  com.army.util.Count Line:136-刷新访问量:头条访问量：3213643
天下杂谈问量：15512
音乐访问量：12470
视频访问量：35474

===2018-04-06 12:16:00.002 [pool-2-thread-1] INFO  com.army.util.Count Line:136-刷新访问量:头条访问量：3213643
天下杂谈问量：15512
音乐访问量：12470
视频访问量：35474

===2018-04-06 12:17:00.003 [pool-2-thread-1] INFO  com.army.util.Count Line:136-刷新访问量:头条访问量：3213643
天下杂谈问量：15512
音乐访问量：12470
视频访问量：35474

===2018-04-06 12:18:00.002 [pool-2-thread-1] INFO  com.army.util.Count Line:136-刷新访问量:头条访问量：3213643
天下杂谈问量：15512
音乐访问量：12470
视频访问量：35474

===2018-04-06 12:19:00.003 [pool-2-thread-1] INFO  com.army.util.Count Line:136-刷新访问量:头条访问量：3213643
天下杂谈问量：15512
音乐访问量：12470
视频访问量：35474

===2018-04-06 12:20:00.003 [pool-2-thread-1] INFO  com.army.util.Count Line:136-刷新访问量:头条访问量：3213643
天下杂谈问量：15512
音乐访问量：12470
视频访问量：35474

===2018-04-06 12:21:00.003 [pool-2-thread-1] INFO  com.army.util.Count Line:136-刷新访问量:头条访问量：3213643
天下杂谈问量：15512
音乐访问量：12470
视频访问量：35474

===2018-04-06 12:22:00.001 [pool-2-thread-1] INFO  com.army.util.Count Line:136-刷新访问量:头条访问量：3213643
天下杂谈问量：15512
音乐访问量：12470
视频访问量：35474

===2018-04-06 12:23:00.004 [pool-2-thread-1] INFO  com.army.util.Count Line:136-刷新访问量:头条访问量：3213643
天下杂谈问量：15512
音乐访问量：12470
视频访问量：35474

===2018-04-06 12:24:00.003 [pool-2-thread-1] INFO  com.army.util.Count Line:136-刷新访问量:头条访问量：3213643
天下杂谈问量：15512
音乐访问量：12470
视频访问量：35474

===2018-04-06 12:25:00.003 [pool-2-thread-1] INFO  com.army.util.Count Line:136-刷新访问量:头条访问量：3213643
天下杂谈问量：15512
音乐访问量：12470
视频访问量：35474

===2018-04-06 12:26:00.003 [pool-2-thread-1] INFO  com.army.util.Count Line:136-刷新访问量:头条访问量：3213643
天下杂谈问量：15512
音乐访问量：12470
视频访问量：35474

===2018-04-06 12:27:00.002 [pool-2-thread-1] INFO  com.army.util.Count Line:136-刷新访问量:头条访问量：3213643
天下杂谈问量：15512
音乐访问量：12470
视频访问量：35474

===2018-04-06 12:28:00.004 [pool-2-thread-1] INFO  com.army.util.Count Line:136-刷新访问量:头条访问量：3213643
天下杂谈问量：15512
音乐访问量：12470
视频访问量：35474

===2018-04-06 12:29:00.002 [pool-2-thread-1] INFO  com.army.util.Count Line:136-刷新访问量:头条访问量：3213643
天下杂谈问量：15512
音乐访问量：12470
视频访问量：35474

===2018-04-06 12:30:00.002 [pool-2-thread-1] INFO  com.army.util.Count Line:136-刷新访问量:头条访问量：3213643
天下杂谈问量：15512
音乐访问量：12470
视频访问量：35474

===2018-04-06 12:31:00.003 [pool-2-thread-1] INFO  com.army.util.Count Line:136-刷新访问量:头条访问量：3213643
天下杂谈问量：15512
音乐访问量：12470
视频访问量：35474

===2018-04-06 12:32:00.002 [pool-2-thread-1] INFO  com.army.util.Count Line:136-刷新访问量:头条访问量：3213643
天下杂谈问量：15512
音乐访问量：12470
视频访问量：35474

===2018-04-06 12:33:00.005 [pool-2-thread-1] INFO  com.army.util.Count Line:136-刷新访问量:头条访问量：3213643
天下杂谈问量：15512
音乐访问量：12470
视频访问量：35474

===2018-04-06 12:34:00.010 [pool-2-thread-1] INFO  com.army.util.Count Line:136-刷新访问量:头条访问量：3213643
天下杂谈问量：15512
音乐访问量：12470
视频访问量：35474

===2018-04-06 12:35:00.003 [pool-2-thread-1] INFO  com.army.util.Count Line:136-刷新访问量:头条访问量：3213643
天下杂谈问量：15512
音乐访问量：12470
视频访问量：35474

===2018-04-06 12:36:00.002 [pool-2-thread-1] INFO  com.army.util.Count Line:136-刷新访问量:头条访问量：3213643
天下杂谈问量：15512
音乐访问量：12470
视频访问量：35474

===2018-04-06 12:37:00.003 [pool-2-thread-1] INFO  com.army.util.Count Line:136-刷新访问量:头条访问量：3213643
天下杂谈问量：15512
音乐访问量：12470
视频访问量：35474

===2018-04-06 12:38:00.003 [pool-2-thread-1] INFO  com.army.util.Count Line:136-刷新访问量:头条访问量：3213643
天下杂谈问量：15512
音乐访问量：12470
视频访问量：35474

===2018-04-06 12:39:00.002 [pool-2-thread-1] INFO  com.army.util.Count Line:136-刷新访问量:头条访问量：3213643
天下杂谈问量：15512
音乐访问量：12470
视频访问量：35474

===2018-04-06 12:40:00.004 [pool-2-thread-1] INFO  com.army.util.Count Line:136-刷新访问量:头条访问量：3213643
天下杂谈问量：15512
音乐访问量：12470
视频访问量：35474

===2018-04-06 12:41:00.001 [pool-2-thread-1] INFO  com.army.util.Count Line:136-刷新访问量:头条访问量：3213643
天下杂谈问量：15512
音乐访问量：12470
视频访问量：35474

===2018-04-06 12:42:00.002 [pool-2-thread-1] INFO  com.army.util.Count Line:136-刷新访问量:头条访问量：3213643
天下杂谈问量：15512
音乐访问量：12470
视频访问量：35474

===2018-04-06 12:43:00.002 [pool-2-thread-1] INFO  com.army.util.Count Line:136-刷新访问量:头条访问量：3213643
天下杂谈问量：15512
音乐访问量：12470
视频访问量：35474

===2018-04-06 12:44:00.003 [pool-2-thread-1] INFO  com.army.util.Count Line:136-刷新访问量:头条访问量：3213643
天下杂谈问量：15512
音乐访问量：12470
视频访问量：35474

===2018-04-06 12:45:00.002 [pool-2-thread-1] INFO  com.army.util.Count Line:136-刷新访问量:头条访问量：3213643
天下杂谈问量：15512
音乐访问量：12470
视频访问量：35474

===2018-04-06 12:46:00.004 [pool-2-thread-1] INFO  com.army.util.Count Line:136-刷新访问量:头条访问量：3213643
天下杂谈问量：15512
音乐访问量：12470
视频访问量：35474

===2018-04-06 12:47:00.003 [pool-2-thread-1] INFO  com.army.util.Count Line:136-刷新访问量:头条访问量：3213643
天下杂谈问量：15512
音乐访问量：12470
视频访问量：35474

===2018-04-06 12:48:00.003 [pool-2-thread-1] INFO  com.army.util.Count Line:136-刷新访问量:头条访问量：3213643
天下杂谈问量：15512
音乐访问量：12470
视频访问量：35474

===2018-04-06 12:49:00.003 [pool-2-thread-1] INFO  com.army.util.Count Line:136-刷新访问量:头条访问量：3213643
天下杂谈问量：15512
音乐访问量：12470
视频访问量：35474

===2018-04-06 12:50:00.003 [pool-2-thread-1] INFO  com.army.util.Count Line:136-刷新访问量:头条访问量：3213643
天下杂谈问量：15512
音乐访问量：12470
视频访问量：35474

===2018-04-06 12:51:00.003 [pool-2-thread-1] INFO  com.army.util.Count Line:136-刷新访问量:头条访问量：3213643
天下杂谈问量：15512
音乐访问量：12470
视频访问量：35474

===2018-04-06 12:52:00.040 [pool-2-thread-1] INFO  com.army.util.Count Line:136-刷新访问量:头条访问量：3213643
天下杂谈问量：15512
音乐访问量：12470
视频访问量：35474

===2018-04-06 12:53:00.003 [pool-2-thread-1] INFO  com.army.util.Count Line:136-刷新访问量:头条访问量：3213643
天下杂谈问量：15512
音乐访问量：12470
视频访问量：35474

===2018-04-06 12:54:00.003 [pool-2-thread-1] INFO  com.army.util.Count Line:136-刷新访问量:头条访问量：3213643
天下杂谈问量：15512
音乐访问量：12470
视频访问量：35474

===2018-04-06 12:55:00.003 [pool-2-thread-1] INFO  com.army.util.Count Line:136-刷新访问量:头条访问量：3213643
天下杂谈问量：15512
音乐访问量：12470
视频访问量：35474

===2018-04-06 12:56:00.003 [pool-2-thread-1] INFO  com.army.util.Count Line:136-刷新访问量:头条访问量：3213643
天下杂谈问量：15512
音乐访问量：12470
视频访问量：35474

===2018-04-06 12:57:00.002 [pool-2-thread-1] INFO  com.army.util.Count Line:136-刷新访问量:头条访问量：3213643
天下杂谈问量：15512
音乐访问量：12470
视频访问量：35474

===2018-04-06 12:58:00.003 [pool-2-thread-1] INFO  com.army.util.Count Line:136-刷新访问量:头条访问量：3213643
天下杂谈问量：15512
音乐访问量：12470
视频访问量：35474

===2018-04-06 12:59:00.002 [pool-2-thread-1] INFO  com.army.util.Count Line:136-刷新访问量:头条访问量：3213643
天下杂谈问量：15512
音乐访问量：12470
视频访问量：35474

===2018-04-06 13:00:00.003 [pool-2-thread-1] INFO  com.army.util.Count Line:136-刷新访问量:头条访问量：3213643
天下杂谈问量：15512
音乐访问量：12470
视频访问量：35474

===2018-04-06 13:04:19.682 [pool-2-thread-1] INFO  com.army.util.Count Line:136-刷新访问量:头条访问量：3213643
天下杂谈问量：15512
音乐访问量：12470
视频访问量：35474

===2018-04-06 13:05:00.002 [pool-2-thread-1] INFO  com.army.util.Count Line:136-刷新访问量:头条访问量：3213643
天下杂谈问量：15512
音乐访问量：12470
视频访问量：35474

===2018-04-06 13:06:00.002 [pool-2-thread-1] INFO  com.army.util.Count Line:136-刷新访问量:头条访问量：3213643
天下杂谈问量：15512
音乐访问量：12470
视频访问量：35474

===2018-04-06 13:07:00.005 [pool-2-thread-1] INFO  com.army.util.Count Line:136-刷新访问量:头条访问量：3213643
天下杂谈问量：15512
音乐访问量：12470
视频访问量：35474

===2018-04-06 13:08:00.002 [pool-2-thread-1] INFO  com.army.util.Count Line:136-刷新访问量:头条访问量：3213643
天下杂谈问量：15512
音乐访问量：12470
视频访问量：35474

===2018-04-06 13:09:00.027 [pool-2-thread-1] INFO  com.army.util.Count Line:136-刷新访问量:头条访问量：3213643
天下杂谈问量：15512
音乐访问量：12470
视频访问量：35474

===2018-04-06 13:10:00.004 [pool-2-thread-1] INFO  com.army.util.Count Line:136-刷新访问量:头条访问量：3213643
天下杂谈问量：15512
音乐访问量：12470
视频访问量：35474

===2018-04-06 13:11:00.002 [pool-2-thread-1] INFO  com.army.util.Count Line:136-刷新访问量:头条访问量：3213643
天下杂谈问量：15512
音乐访问量：12470
视频访问量：35474

===2018-04-06 13:12:00.003 [pool-2-thread-1] INFO  com.army.util.Count Line:136-刷新访问量:头条访问量：3213643
天下杂谈问量：15512
音乐访问量：12470
视频访问量：35474

===2018-04-06 13:13:00.070 [pool-2-thread-1] INFO  com.army.util.Count Line:136-刷新访问量:头条访问量：3213643
天下杂谈问量：15512
音乐访问量：12470
视频访问量：35474

===2018-04-06 13:14:00.039 [pool-2-thread-1] INFO  com.army.util.Count Line:136-刷新访问量:头条访问量：3213643
天下杂谈问量：15512
音乐访问量：12470
视频访问量：35474

===2018-04-06 13:15:00.001 [pool-2-thread-1] INFO  com.army.util.Count Line:136-刷新访问量:头条访问量：3213643
天下杂谈问量：15512
音乐访问量：12470
视频访问量：35474

===2018-04-06 13:16:20.299 [main] INFO  com.army.util.TimerTask Line:57 -start.............
===2018-04-06 13:17:00.002 [pool-2-thread-1] INFO  com.army.util.Count Line:136-刷新访问量:头条访问量：3213643
天下杂谈问量：15512
音乐访问量：12470
视频访问量：35474

===2018-04-06 13:18:00.003 [pool-2-thread-1] INFO  com.army.util.Count Line:136-刷新访问量:头条访问量：3213643
天下杂谈问量：15512
音乐访问量：12470
视频访问量：35474

===2018-04-06 13:19:00.003 [pool-2-thread-1] INFO  com.army.util.Count Line:136-刷新访问量:头条访问量：3213643
天下杂谈问量：15512
音乐访问量：12470
视频访问量：35474

===2018-04-06 13:20:00.003 [pool-2-thread-1] INFO  com.army.util.Count Line:136-刷新访问量:头条访问量：3213643
天下杂谈问量：15512
音乐访问量：12470
视频访问量：35474

===2018-04-06 13:21:00.004 [pool-2-thread-1] INFO  com.army.util.Count Line:136-刷新访问量:头条访问量：3213643
天下杂谈问量：15512
音乐访问量：12470
视频访问量：35474

===2018-04-06 13:22:00.002 [pool-2-thread-1] INFO  com.army.util.Count Line:136-刷新访问量:头条访问量：3213643
天下杂谈问量：15512
音乐访问量：12470
视频访问量：35474

===2018-04-06 13:23:00.001 [pool-2-thread-1] INFO  com.army.util.Count Line:136-刷新访问量:头条访问量：3213643
天下杂谈问量：15512
音乐访问量：12470
视频访问量：35474

===2018-04-06 13:24:00.004 [pool-2-thread-1] INFO  com.army.util.Count Line:136-刷新访问量:头条访问量：3213643
天下杂谈问量：15512
音乐访问量：12470
视频访问量：35474

===2018-04-06 13:25:00.002 [pool-2-thread-1] INFO  com.army.util.Count Line:136-刷新访问量:头条访问量：3213643
天下杂谈问量：15512
音乐访问量：12470
视频访问量：35474

===2018-04-06 13:26:00.002 [pool-2-thread-1] INFO  com.army.util.Count Line:136-刷新访问量:头条访问量：3213643
天下杂谈问量：15512
音乐访问量：12470
视频访问量：35474

===2018-04-06 13:27:00.003 [pool-2-thread-1] INFO  com.army.util.Count Line:136-刷新访问量:头条访问量：3213643
天下杂谈问量：15512
音乐访问量：12470
视频访问量：35474

===2018-04-06 13:28:00.003 [pool-2-thread-1] INFO  com.army.util.Count Line:136-刷新访问量:头条访问量：3213643
天下杂谈问量：15512
音乐访问量：12470
视频访问量：35474

===2018-04-06 13:29:00.001 [pool-2-thread-1] INFO  com.army.util.Count Line:136-刷新访问量:头条访问量：3213643
天下杂谈问量：15512
音乐访问量：12470
视频访问量：35474

===2018-04-06 13:30:00.002 [pool-2-thread-1] INFO  com.army.util.Count Line:136-刷新访问量:头条访问量：3213643
天下杂谈问量：15512
音乐访问量：12470
视频访问量：35474

===2018-04-06 13:31:00.002 [pool-2-thread-1] INFO  com.army.util.Count Line:136-刷新访问量:头条访问量：3213643
天下杂谈问量：15512
音乐访问量：12470
视频访问量：35474

===2018-04-06 13:32:00.003 [pool-2-thread-1] INFO  com.army.util.Count Line:136-刷新访问量:头条访问量：3213643
天下杂谈问量：15512
音乐访问量：12470
视频访问量：35474

===2018-04-06 13:33:00.002 [pool-2-thread-1] INFO  com.army.util.Count Line:136-刷新访问量:头条访问量：3213643
天下杂谈问量：15512
音乐访问量：12470
视频访问量：35474

===2018-04-06 13:34:00.003 [pool-2-thread-1] INFO  com.army.util.Count Line:136-刷新访问量:头条访问量：3213643
天下杂谈问量：15512
音乐访问量：12470
视频访问量：35474

===2018-04-06 13:35:00.003 [pool-2-thread-1] INFO  com.army.util.Count Line:136-刷新访问量:头条访问量：3213643
天下杂谈问量：15512
音乐访问量：12470
视频访问量：35474

===2018-04-06 13:36:00.002 [pool-2-thread-1] INFO  com.army.util.Count Line:136-刷新访问量:头条访问量：3213643
天下杂谈问量：15512
音乐访问量：12470
视频访问量：35474

===2018-04-06 13:37:00.041 [pool-2-thread-1] INFO  com.army.util.Count Line:136-刷新访问量:头条访问量：3213643
天下杂谈问量：15512
音乐访问量：12470
视频访问量：35474

===2018-04-06 13:38:00.002 [pool-2-thread-1] INFO  com.army.util.Count Line:136-刷新访问量:头条访问量：3213643
天下杂谈问量：15512
音乐访问量：12470
视频访问量：35474

===2018-04-06 13:39:00.002 [pool-2-thread-1] INFO  com.army.util.Count Line:136-刷新访问量:头条访问量：3213643
天下杂谈问量：15512
音乐访问量：12470
视频访问量：35474

===2018-04-06 13:40:00.003 [pool-2-thread-1] INFO  com.army.util.Count Line:136-刷新访问量:头条访问量：3213643
天下杂谈问量：15512
音乐访问量：12470
视频访问量：35474

===2018-04-06 13:41:00.003 [pool-2-thread-1] INFO  com.army.util.Count Line:136-刷新访问量:头条访问量：3213643
天下杂谈问量：15512
音乐访问量：12470
视频访问量：35474

