===2018-03-27 13:27:21.548 [main] INFO  com.army.util.TimerTask Line:18 -start.............
===2018-03-27 13:39:46.009 [main] INFO  com.army.util.TimerTask Line:18 -start.............
===2018-03-27 13:48:05.634 [main] INFO  com.army.util.TimerTask Line:18 -start.............
===2018-03-27 14:07:37.254 [main] INFO  com.army.util.TimerTask Line:18 -start.............
===2018-03-27 14:11:57.648 [main] INFO  com.army.util.TimerTask Line:18 -start.............
===2018-03-27 14:14:59.507 [main] INFO  com.army.util.TimerTask Line:18 -start.............
===2018-03-27 14:17:29.275 [http-nio-8080-exec-1] INFO  com.army.util.UpLoadImageUtil Line:101-不支持的扩展名
===2018-03-27 14:17:48.422 [http-nio-8080-exec-2] INFO  com.army.util.UpLoadImageUtil Line:90 -image:上传{}{"tipStatusContent":"上传成功","error":0,"url":"/upload/image/20180327141748395_2.jpg"}
===2018-03-27 14:22:10.242 [main] INFO  com.army.util.TimerTask Line:18 -start.............
===2018-03-27 14:34:13.471 [http-nio-8080-exec-4] INFO  com.army.util.UpLoadImageUtil Line:90 -image:上传{}{"tipStatusContent":"上传成功","error":0,"url":"/upload/image/20180327143413451_1.jpg"}
===2018-03-27 14:41:21.283 [main] INFO  com.army.util.TimerTask Line:18 -start.............
===2018-03-27 14:47:26.629 [main] INFO  com.army.util.TimerTask Line:18 -start.............
===2018-03-27 14:50:22.317 [main] INFO  com.army.util.TimerTask Line:18 -start.............
===2018-03-27 14:54:09.219 [main] INFO  com.army.util.TimerTask Line:18 -start.............
===2018-03-27 14:58:14.801 [main] INFO  com.army.util.TimerTask Line:18 -start.............
===2018-03-27 15:01:26.306 [main] INFO  com.army.util.TimerTask Line:18 -start.............
===2018-03-27 15:07:07.275 [main] INFO  com.army.util.TimerTask Line:18 -start.............
===2018-03-27 15:13:26.725 [http-nio-8080-exec-9] INFO  com.army.util.UpLoadImageUtil Line:90 -image:上传{}{"tipStatusContent":"上传成功","error":0,"url":"/upload/image/20180327151326704_1.png"}
===2018-03-27 15:18:07.452 [http-nio-8080-exec-9] INFO  com.army.util.UpLoadImageUtil Line:84 -vedio:上传{}{"tipStatusContent":"上传成功","error":0,"url":"/upload/vedio/20180327151805316_2.mp4"}
===2018-03-27 15:20:53.223 [main] INFO  com.army.util.TimerTask Line:18 -start.............
===2018-03-27 15:23:05.589 [http-nio-8080-exec-8] INFO  com.army.util.UpLoadImageUtil Line:84 -vedio:上传{}{"tipStatusContent":"上传成功","error":0,"url":"/upload/vedio/20180327152303223_1.mp4"}
===2018-03-27 15:24:16.431 [http-nio-8080-exec-8] INFO  com.army.util.UpLoadImageUtil Line:78 -media:上传{}{"tipStatusContent":"上传成功","error":0,"url":"/upload/music/20180327152416295_2.mp3"}
===2018-03-27 15:26:47.454 [main] INFO  com.army.util.TimerTask Line:18 -start.............
===2018-03-27 15:28:35.570 [main] INFO  com.army.util.TimerTask Line:18 -start.............
===2018-03-27 15:32:33.320 [main] INFO  com.army.util.TimerTask Line:18 -start.............
===2018-03-27 15:46:59.549 [http-nio-8080-exec-7] INFO  com.army.util.UpLoadImageUtil Line:84 -vedio:上传{}{"tipStatusContent":"上传成功","error":0,"url":"/upload/vedio/20180327154655897_1.mp4"}
===2018-03-27 15:51:03.136 [main] INFO  com.army.util.TimerTask Line:18 -start.............
===2018-03-27 15:55:18.665 [main] INFO  com.army.util.TimerTask Line:18 -start.............
===2018-03-27 15:57:34.617 [http-nio-8080-exec-5] INFO  com.army.util.UpLoadImageUtil Line:84 -vedio:上传{}{"tipStatusContent":"上传成功","error":0,"url":"/upload/vedio/20180327155732236_1.mp4"}
===2018-03-27 16:00:34.337 [http-nio-8080-exec-10] INFO  com.army.util.UpLoadImageUtil Line:78 -media:上传{}{"tipStatusContent":"上传成功","error":0,"url":"/upload/music/20180327160034137_2.mp3"}
===2018-03-27 16:40:12.391 [main] INFO  com.army.util.TimerTask Line:18 -start.............
===2018-03-27 16:48:27.309 [main] INFO  com.army.util.TimerTask Line:18 -start.............
===2018-03-27 16:59:46.643 [main] INFO  com.army.util.TimerTask Line:18 -start.............
===2018-03-27 17:06:57.310 [main] INFO  com.army.util.TimerTask Line:18 -start.............
===2018-03-27 17:17:00.177 [main] INFO  com.army.util.TimerTask Line:18 -start.............
===2018-03-27 17:22:46.882 [main] INFO  com.army.util.TimerTask Line:18 -start.............
===2018-03-27 17:28:44.357 [main] INFO  com.army.util.TimerTask Line:18 -start.............
===2018-03-27 17:32:45.318 [main] INFO  com.army.util.TimerTask Line:18 -start.............
===2018-03-27 17:39:02.875 [main] INFO  com.army.util.TimerTask Line:18 -start.............
===2018-03-27 17:42:08.598 [main] INFO  com.army.util.TimerTask Line:18 -start.............
===2018-03-27 17:46:34.908 [main] INFO  com.army.util.TimerTask Line:18 -start.............
===2018-03-27 17:48:49.303 [main] INFO  com.army.util.TimerTask Line:18 -start.............
===2018-03-27 17:52:21.278 [main] INFO  com.army.util.TimerTask Line:18 -start.............
===2018-03-27 18:27:45.600 [main] INFO  com.army.util.TimerTask Line:18 -start.............
===2018-03-27 18:32:56.191 [main] INFO  com.army.util.TimerTask Line:18 -start.............
===2018-03-27 18:35:21.855 [main] INFO  com.army.util.TimerTask Line:18 -start.............
===2018-03-27 18:41:44.667 [main] INFO  com.army.util.TimerTask Line:18 -start.............
===2018-03-27 18:46:01.046 [main] INFO  com.army.util.TimerTask Line:18 -start.............
===2018-03-27 18:47:21.772 [main] INFO  com.army.util.TimerTask Line:18 -start.............
===2018-03-27 18:57:08.478 [main] INFO  com.army.util.TimerTask Line:18 -start.............
===2018-03-27 19:11:19.182 [main] INFO  com.army.util.TimerTask Line:18 -start.............
===2018-03-27 19:37:13.851 [main] INFO  com.army.util.TimerTask Line:18 -start.............
===2018-03-27 19:46:47.056 [main] INFO  com.army.util.TimerTask Line:18 -start.............
===2018-03-27 19:51:33.029 [main] INFO  com.army.util.TimerTask Line:18 -start.............
===2018-03-27 19:58:57.913 [main] INFO  com.army.util.TimerTask Line:18 -start.............
===2018-03-27 20:07:18.914 [main] INFO  com.army.util.TimerTask Line:18 -start.............
===2018-03-27 20:10:12.718 [main] INFO  com.army.util.TimerTask Line:18 -start.............
===2018-03-27 20:14:54.833 [main] INFO  com.army.util.TimerTask Line:18 -start.............
===2018-03-27 20:18:38.992 [main] INFO  com.army.util.TimerTask Line:18 -start.............
===2018-03-27 20:20:20.305 [main] INFO  com.army.util.TimerTask Line:18 -start.............
===2018-03-27 20:23:33.523 [main] INFO  com.army.util.TimerTask Line:18 -start.............
===2018-03-27 20:32:02.004 [main] INFO  com.army.util.TimerTask Line:18 -start.............
===2018-03-27 20:57:53.738 [main] INFO  com.army.util.TimerTask Line:18 -start.............
===2018-03-27 21:02:33.255 [main] INFO  com.army.util.TimerTask Line:18 -start.............
===2018-03-27 21:05:30.458 [main] INFO  com.army.util.TimerTask Line:18 -start.............
===2018-03-27 21:07:40.743 [main] INFO  com.army.util.TimerTask Line:18 -start.............
===2018-03-27 21:09:29.974 [main] INFO  com.army.util.TimerTask Line:18 -start.............
