===2018-04-05 09:00:24.976 [main] INFO  com.army.util.TimerTask Line:34 -start.............
===2018-04-05 09:01:00.005 [pool-2-thread-1] INFO  com.army.util.Count Line:141-刷新访问量:头条访问量：3213624
天下杂谈问量：15497
音乐访问量：12463
视频访问量：35454

===2018-04-05 09:02:00.001 [pool-2-thread-1] INFO  com.army.util.Count Line:141-刷新访问量:头条访问量：3213624
天下杂谈问量：15497
音乐访问量：12463
视频访问量：35454

===2018-04-05 09:03:00.002 [pool-2-thread-1] INFO  com.army.util.Count Line:141-刷新访问量:头条访问量：3213624
天下杂谈问量：15497
音乐访问量：12463
视频访问量：35454

===2018-04-05 09:04:00.001 [pool-2-thread-1] INFO  com.army.util.Count Line:141-刷新访问量:头条访问量：3213624
天下杂谈问量：15497
音乐访问量：12463
视频访问量：35454

===2018-04-05 09:05:00.001 [pool-2-thread-1] INFO  com.army.util.Count Line:141-刷新访问量:头条访问量：3213624
天下杂谈问量：15497
音乐访问量：12463
视频访问量：35454

===2018-04-05 09:06:00.003 [pool-2-thread-1] INFO  com.army.util.Count Line:141-刷新访问量:头条访问量：3213624
天下杂谈问量：15497
音乐访问量：12463
视频访问量：35454

===2018-04-05 09:07:00.002 [pool-2-thread-1] INFO  com.army.util.Count Line:141-刷新访问量:头条访问量：3213624
天下杂谈问量：15497
音乐访问量：12463
视频访问量：35454

===2018-04-05 09:08:00.002 [pool-2-thread-1] INFO  com.army.util.Count Line:141-刷新访问量:头条访问量：3213624
天下杂谈问量：15497
音乐访问量：12463
视频访问量：35454

===2018-04-05 09:09:00.002 [pool-2-thread-1] INFO  com.army.util.Count Line:141-刷新访问量:头条访问量：3213624
天下杂谈问量：15497
音乐访问量：12463
视频访问量：35454

===2018-04-05 09:10:00.001 [pool-2-thread-1] INFO  com.army.util.Count Line:141-刷新访问量:头条访问量：3213624
天下杂谈问量：15497
音乐访问量：12463
视频访问量：35454

===2018-04-05 09:11:00.002 [pool-2-thread-1] INFO  com.army.util.Count Line:141-刷新访问量:头条访问量：3213624
天下杂谈问量：15497
音乐访问量：12463
视频访问量：35454

===2018-04-05 09:12:00.004 [pool-2-thread-1] INFO  com.army.util.Count Line:141-刷新访问量:头条访问量：3213624
天下杂谈问量：15497
音乐访问量：12463
视频访问量：35454

===2018-04-05 09:13:00.007 [pool-2-thread-1] INFO  com.army.util.Count Line:141-刷新访问量:头条访问量：3213624
天下杂谈问量：15497
音乐访问量：12463
视频访问量：35454

===2018-04-05 09:14:00.002 [pool-2-thread-1] INFO  com.army.util.Count Line:141-刷新访问量:头条访问量：3213624
天下杂谈问量：15497
音乐访问量：12463
视频访问量：35454

===2018-04-05 09:15:00.003 [pool-2-thread-1] INFO  com.army.util.Count Line:141-刷新访问量:头条访问量：3213624
天下杂谈问量：15497
音乐访问量：12463
视频访问量：35454

===2018-04-05 09:16:00.002 [pool-2-thread-1] INFO  com.army.util.Count Line:141-刷新访问量:头条访问量：3213624
天下杂谈问量：15497
音乐访问量：12463
视频访问量：35454

===2018-04-05 09:17:00.003 [pool-2-thread-1] INFO  com.army.util.Count Line:141-刷新访问量:头条访问量：3213624
天下杂谈问量：15497
音乐访问量：12463
视频访问量：35454

===2018-04-05 09:18:00.002 [pool-2-thread-1] INFO  com.army.util.Count Line:141-刷新访问量:头条访问量：3213624
天下杂谈问量：15497
音乐访问量：12463
视频访问量：35454

===2018-04-05 09:18:38.159 [main] INFO  com.army.util.TimerTask Line:34 -start.............
===2018-04-05 09:19:00.002 [pool-2-thread-1] INFO  com.army.util.Count Line:141-刷新访问量:头条访问量：3213624
天下杂谈问量：15497
音乐访问量：12463
视频访问量：35454

===2018-04-05 09:20:09.683 [main] INFO  com.army.util.TimerTask Line:34 -start.............
===2018-04-05 09:21:00.001 [pool-2-thread-1] INFO  com.army.util.Count Line:141-刷新访问量:头条访问量：3213624
天下杂谈问量：15497
音乐访问量：12463
视频访问量：35454

===2018-04-05 09:22:00.004 [pool-2-thread-1] INFO  com.army.util.Count Line:141-刷新访问量:头条访问量：3213624
天下杂谈问量：15497
音乐访问量：12463
视频访问量：35454

===2018-04-05 09:23:00.002 [pool-2-thread-1] INFO  com.army.util.Count Line:141-刷新访问量:头条访问量：3213624
天下杂谈问量：15497
音乐访问量：12463
视频访问量：35454

===2018-04-05 09:24:06.093 [main] INFO  com.army.util.TimerTask Line:34 -start.............
===2018-04-05 09:25:00.002 [pool-2-thread-1] INFO  com.army.util.Count Line:141-刷新访问量:头条访问量：3213624
天下杂谈问量：15497
音乐访问量：12463
视频访问量：35454

===2018-04-05 09:26:00.002 [pool-2-thread-1] INFO  com.army.util.Count Line:141-刷新访问量:头条访问量：3213624
天下杂谈问量：15497
音乐访问量：12463
视频访问量：35454

===2018-04-05 09:27:00.002 [pool-2-thread-1] INFO  com.army.util.Count Line:141-刷新访问量:头条访问量：3213624
天下杂谈问量：15497
音乐访问量：12463
视频访问量：35454

===2018-04-05 09:28:00.002 [pool-2-thread-1] INFO  com.army.util.Count Line:141-刷新访问量:头条访问量：3213624
天下杂谈问量：15497
音乐访问量：12463
视频访问量：35454

===2018-04-05 09:29:00.002 [pool-2-thread-1] INFO  com.army.util.Count Line:141-刷新访问量:头条访问量：3213624
天下杂谈问量：15497
音乐访问量：12463
视频访问量：35454

===2018-04-05 09:30:00.001 [pool-2-thread-1] INFO  com.army.util.Count Line:141-刷新访问量:头条访问量：3213624
天下杂谈问量：15497
音乐访问量：12463
视频访问量：35454

===2018-04-05 09:31:00.002 [pool-2-thread-1] INFO  com.army.util.Count Line:141-刷新访问量:头条访问量：3213624
天下杂谈问量：15497
音乐访问量：12463
视频访问量：35454

===2018-04-05 09:32:00.001 [pool-2-thread-1] INFO  com.army.util.Count Line:141-刷新访问量:头条访问量：3213624
天下杂谈问量：15497
音乐访问量：12463
视频访问量：35454

===2018-04-05 09:33:00.001 [pool-2-thread-1] INFO  com.army.util.Count Line:141-刷新访问量:头条访问量：3213624
天下杂谈问量：15497
音乐访问量：12463
视频访问量：35454

===2018-04-05 09:34:00.003 [pool-2-thread-1] INFO  com.army.util.Count Line:141-刷新访问量:头条访问量：3213624
天下杂谈问量：15497
音乐访问量：12463
视频访问量：35454

===2018-04-05 09:35:00.001 [pool-2-thread-1] INFO  com.army.util.Count Line:141-刷新访问量:头条访问量：3213624
天下杂谈问量：15497
音乐访问量：12463
视频访问量：35454

===2018-04-05 09:36:00.003 [pool-2-thread-1] INFO  com.army.util.Count Line:141-刷新访问量:头条访问量：3213624
天下杂谈问量：15497
音乐访问量：12463
视频访问量：35454

===2018-04-05 09:37:00.001 [pool-2-thread-1] INFO  com.army.util.Count Line:141-刷新访问量:头条访问量：3213624
天下杂谈问量：15497
音乐访问量：12463
视频访问量：35454

===2018-04-05 09:38:00.003 [pool-2-thread-1] INFO  com.army.util.Count Line:141-刷新访问量:头条访问量：3213624
天下杂谈问量：15497
音乐访问量：12463
视频访问量：35454

===2018-04-05 09:39:00.001 [pool-2-thread-1] INFO  com.army.util.Count Line:141-刷新访问量:头条访问量：3213624
天下杂谈问量：15497
音乐访问量：12463
视频访问量：35454

===2018-04-05 09:40:00.001 [pool-2-thread-1] INFO  com.army.util.Count Line:141-刷新访问量:头条访问量：3213624
天下杂谈问量：15497
音乐访问量：12463
视频访问量：35454

===2018-04-05 09:41:00.003 [pool-2-thread-1] INFO  com.army.util.Count Line:141-刷新访问量:头条访问量：3213624
天下杂谈问量：15497
音乐访问量：12463
视频访问量：35454

===2018-04-05 09:42:00.001 [pool-2-thread-1] INFO  com.army.util.Count Line:141-刷新访问量:头条访问量：3213624
天下杂谈问量：15497
音乐访问量：12463
视频访问量：35454

===2018-04-05 09:43:00.001 [pool-2-thread-1] INFO  com.army.util.Count Line:141-刷新访问量:头条访问量：3213624
天下杂谈问量：15497
音乐访问量：12463
视频访问量：35454

===2018-04-05 09:44:00.001 [pool-2-thread-1] INFO  com.army.util.Count Line:141-刷新访问量:头条访问量：3213624
天下杂谈问量：15497
音乐访问量：12463
视频访问量：35454

===2018-04-05 09:45:00.003 [pool-2-thread-1] INFO  com.army.util.Count Line:141-刷新访问量:头条访问量：3213624
天下杂谈问量：15497
音乐访问量：12463
视频访问量：35454

===2018-04-05 09:46:00.002 [pool-2-thread-1] INFO  com.army.util.Count Line:141-刷新访问量:头条访问量：3213624
天下杂谈问量：15497
音乐访问量：12463
视频访问量：35454

===2018-04-05 09:47:00.001 [pool-2-thread-1] INFO  com.army.util.Count Line:141-刷新访问量:头条访问量：3213624
天下杂谈问量：15497
音乐访问量：12463
视频访问量：35454

===2018-04-05 09:48:00.002 [pool-2-thread-1] INFO  com.army.util.Count Line:141-刷新访问量:头条访问量：3213624
天下杂谈问量：15497
音乐访问量：12463
视频访问量：35454

===2018-04-05 09:49:00.001 [pool-2-thread-1] INFO  com.army.util.Count Line:141-刷新访问量:头条访问量：3213624
天下杂谈问量：15497
音乐访问量：12463
视频访问量：35454

===2018-04-05 09:50:00.002 [pool-2-thread-1] INFO  com.army.util.Count Line:141-刷新访问量:头条访问量：3213624
天下杂谈问量：15497
音乐访问量：12463
视频访问量：35454

===2018-04-05 09:51:00.001 [pool-2-thread-1] INFO  com.army.util.Count Line:141-刷新访问量:头条访问量：3213624
天下杂谈问量：15497
音乐访问量：12463
视频访问量：35454

===2018-04-05 10:10:02.709 [main] INFO  com.army.util.TimerTask Line:34 -start.............
===2018-04-05 10:11:00.003 [pool-2-thread-1] INFO  com.army.util.Count Line:141-刷新访问量:头条访问量：3213624
天下杂谈问量：15497
音乐访问量：12463
视频访问量：35454

===2018-04-05 10:12:00.002 [pool-2-thread-1] INFO  com.army.util.Count Line:141-刷新访问量:头条访问量：3213624
天下杂谈问量：15497
音乐访问量：12463
视频访问量：35454

===2018-04-05 10:13:00.002 [pool-2-thread-1] INFO  com.army.util.Count Line:141-刷新访问量:头条访问量：3213624
天下杂谈问量：15497
音乐访问量：12463
视频访问量：35454

===2018-04-05 10:14:00.001 [pool-2-thread-1] INFO  com.army.util.Count Line:141-刷新访问量:头条访问量：3213624
天下杂谈问量：15497
音乐访问量：12463
视频访问量：35454

===2018-04-05 10:15:00.002 [pool-2-thread-1] INFO  com.army.util.Count Line:141-刷新访问量:头条访问量：3213624
天下杂谈问量：15497
音乐访问量：12463
视频访问量：35454

===2018-04-05 10:16:00.002 [pool-2-thread-1] INFO  com.army.util.Count Line:141-刷新访问量:头条访问量：3213624
天下杂谈问量：15497
音乐访问量：12463
视频访问量：35454

===2018-04-05 10:17:00.000 [pool-2-thread-1] INFO  com.army.util.Count Line:141-刷新访问量:头条访问量：3213624
天下杂谈问量：15497
音乐访问量：12463
视频访问量：35454

===2018-04-05 10:18:00.002 [pool-2-thread-1] INFO  com.army.util.Count Line:141-刷新访问量:头条访问量：3213624
天下杂谈问量：15497
音乐访问量：12463
视频访问量：35454

===2018-04-05 10:19:00.000 [pool-2-thread-1] INFO  com.army.util.Count Line:141-刷新访问量:头条访问量：3213624
天下杂谈问量：15497
音乐访问量：12463
视频访问量：35454

===2018-04-05 10:20:00.003 [pool-2-thread-1] INFO  com.army.util.Count Line:141-刷新访问量:头条访问量：3213624
天下杂谈问量：15497
音乐访问量：12463
视频访问量：35454

===2018-04-05 10:21:00.002 [pool-2-thread-1] INFO  com.army.util.Count Line:141-刷新访问量:头条访问量：3213624
天下杂谈问量：15497
音乐访问量：12463
视频访问量：35454

===2018-04-05 10:22:00.002 [pool-2-thread-1] INFO  com.army.util.Count Line:141-刷新访问量:头条访问量：3213624
天下杂谈问量：15497
音乐访问量：12463
视频访问量：35454

===2018-04-05 10:23:00.001 [pool-2-thread-1] INFO  com.army.util.Count Line:141-刷新访问量:头条访问量：3213624
天下杂谈问量：15497
音乐访问量：12463
视频访问量：35454

===2018-04-05 10:24:00.001 [pool-2-thread-1] INFO  com.army.util.Count Line:141-刷新访问量:头条访问量：3213624
天下杂谈问量：15497
音乐访问量：12463
视频访问量：35454

===2018-04-05 10:25:00.003 [pool-2-thread-1] INFO  com.army.util.Count Line:141-刷新访问量:头条访问量：3213624
天下杂谈问量：15497
音乐访问量：12463
视频访问量：35454

===2018-04-05 10:26:00.003 [pool-2-thread-1] INFO  com.army.util.Count Line:141-刷新访问量:头条访问量：3213624
天下杂谈问量：15497
音乐访问量：12463
视频访问量：35454

===2018-04-05 10:27:00.002 [pool-2-thread-1] INFO  com.army.util.Count Line:141-刷新访问量:头条访问量：3213624
天下杂谈问量：15497
音乐访问量：12463
视频访问量：35454

===2018-04-05 10:28:00.001 [pool-2-thread-1] INFO  com.army.util.Count Line:141-刷新访问量:头条访问量：3213624
天下杂谈问量：15497
音乐访问量：12463
视频访问量：35454

===2018-04-05 10:29:00.002 [pool-2-thread-1] INFO  com.army.util.Count Line:141-刷新访问量:头条访问量：3213624
天下杂谈问量：15497
音乐访问量：12463
视频访问量：35454

===2018-04-05 10:30:00.001 [pool-2-thread-1] INFO  com.army.util.Count Line:141-刷新访问量:头条访问量：3213624
天下杂谈问量：15497
音乐访问量：12463
视频访问量：35454

===2018-04-05 10:31:00.000 [pool-2-thread-1] INFO  com.army.util.Count Line:141-刷新访问量:头条访问量：3213624
天下杂谈问量：15497
音乐访问量：12463
视频访问量：35454

===2018-04-05 10:32:00.002 [pool-2-thread-1] INFO  com.army.util.Count Line:141-刷新访问量:头条访问量：3213624
天下杂谈问量：15497
音乐访问量：12463
视频访问量：35454

===2018-04-05 10:33:00.001 [pool-2-thread-1] INFO  com.army.util.Count Line:141-刷新访问量:头条访问量：3213624
天下杂谈问量：15497
音乐访问量：12463
视频访问量：35454

===2018-04-05 10:34:00.003 [pool-2-thread-1] INFO  com.army.util.Count Line:141-刷新访问量:头条访问量：3213624
天下杂谈问量：15497
音乐访问量：12463
视频访问量：35454

===2018-04-05 10:35:00.002 [pool-2-thread-1] INFO  com.army.util.Count Line:141-刷新访问量:头条访问量：3213624
天下杂谈问量：15497
音乐访问量：12463
视频访问量：35454

===2018-04-05 10:36:00.002 [pool-2-thread-1] INFO  com.army.util.Count Line:141-刷新访问量:头条访问量：3213624
天下杂谈问量：15497
音乐访问量：12463
视频访问量：35454

===2018-04-05 10:37:00.002 [pool-2-thread-1] INFO  com.army.util.Count Line:141-刷新访问量:头条访问量：3213624
天下杂谈问量：15497
音乐访问量：12463
视频访问量：35454

===2018-04-05 10:38:00.001 [pool-2-thread-1] INFO  com.army.util.Count Line:141-刷新访问量:头条访问量：3213624
天下杂谈问量：15497
音乐访问量：12463
视频访问量：35454

===2018-04-05 10:39:00.002 [pool-2-thread-1] INFO  com.army.util.Count Line:141-刷新访问量:头条访问量：3213624
天下杂谈问量：15497
音乐访问量：12463
视频访问量：35454

===2018-04-05 10:40:00.001 [pool-2-thread-1] INFO  com.army.util.Count Line:141-刷新访问量:头条访问量：3213624
天下杂谈问量：15497
音乐访问量：12463
视频访问量：35454

===2018-04-05 10:41:00.001 [pool-2-thread-1] INFO  com.army.util.Count Line:141-刷新访问量:头条访问量：3213624
天下杂谈问量：15497
音乐访问量：12463
视频访问量：35454

===2018-04-05 10:42:00.002 [pool-2-thread-1] INFO  com.army.util.Count Line:141-刷新访问量:头条访问量：3213624
天下杂谈问量：15497
音乐访问量：12463
视频访问量：35454

===2018-04-05 10:43:00.002 [pool-2-thread-1] INFO  com.army.util.Count Line:141-刷新访问量:头条访问量：3213624
天下杂谈问量：15497
音乐访问量：12463
视频访问量：35454

===2018-04-05 10:44:00.001 [pool-2-thread-1] INFO  com.army.util.Count Line:141-刷新访问量:头条访问量：3213624
天下杂谈问量：15497
音乐访问量：12463
视频访问量：35454

===2018-04-05 10:45:00.003 [pool-2-thread-1] INFO  com.army.util.Count Line:141-刷新访问量:头条访问量：3213624
天下杂谈问量：15497
音乐访问量：12463
视频访问量：35454

===2018-04-05 10:46:00.001 [pool-2-thread-1] INFO  com.army.util.Count Line:141-刷新访问量:头条访问量：3213624
天下杂谈问量：15497
音乐访问量：12463
视频访问量：35454

===2018-04-05 10:47:00.002 [pool-2-thread-1] INFO  com.army.util.Count Line:141-刷新访问量:头条访问量：3213624
天下杂谈问量：15497
音乐访问量：12463
视频访问量：35454

===2018-04-05 10:48:00.003 [pool-2-thread-1] INFO  com.army.util.Count Line:141-刷新访问量:头条访问量：3213624
天下杂谈问量：15497
音乐访问量：12463
视频访问量：35454

===2018-04-05 10:49:00.001 [pool-2-thread-1] INFO  com.army.util.Count Line:141-刷新访问量:头条访问量：3213624
天下杂谈问量：15497
音乐访问量：12463
视频访问量：35454

===2018-04-05 10:50:00.003 [pool-2-thread-1] INFO  com.army.util.Count Line:141-刷新访问量:头条访问量：3213624
天下杂谈问量：15497
音乐访问量：12463
视频访问量：35454

===2018-04-05 10:51:00.005 [pool-2-thread-1] INFO  com.army.util.Count Line:141-刷新访问量:头条访问量：3213624
天下杂谈问量：15497
音乐访问量：12463
视频访问量：35454

===2018-04-05 10:52:00.002 [pool-2-thread-1] INFO  com.army.util.Count Line:141-刷新访问量:头条访问量：3213624
天下杂谈问量：15497
音乐访问量：12463
视频访问量：35454

===2018-04-05 10:53:00.002 [pool-2-thread-1] INFO  com.army.util.Count Line:141-刷新访问量:头条访问量：3213624
天下杂谈问量：15497
音乐访问量：12463
视频访问量：35454

===2018-04-05 10:54:00.001 [pool-2-thread-1] INFO  com.army.util.Count Line:141-刷新访问量:头条访问量：3213624
天下杂谈问量：15497
音乐访问量：12463
视频访问量：35454

===2018-04-05 10:55:00.002 [pool-2-thread-1] INFO  com.army.util.Count Line:141-刷新访问量:头条访问量：3213624
天下杂谈问量：15497
音乐访问量：12463
视频访问量：35454

===2018-04-05 10:56:00.002 [pool-2-thread-1] INFO  com.army.util.Count Line:141-刷新访问量:头条访问量：3213624
天下杂谈问量：15497
音乐访问量：12463
视频访问量：35454

===2018-04-05 10:57:00.003 [pool-2-thread-1] INFO  com.army.util.Count Line:141-刷新访问量:头条访问量：3213624
天下杂谈问量：15497
音乐访问量：12463
视频访问量：35454

===2018-04-05 10:58:00.000 [pool-2-thread-1] INFO  com.army.util.Count Line:141-刷新访问量:头条访问量：3213624
天下杂谈问量：15497
音乐访问量：12463
视频访问量：35454

===2018-04-05 10:59:00.002 [pool-2-thread-1] INFO  com.army.util.Count Line:141-刷新访问量:头条访问量：3213624
天下杂谈问量：15497
音乐访问量：12463
视频访问量：35454

===2018-04-05 11:00:00.003 [pool-2-thread-1] INFO  com.army.util.Count Line:141-刷新访问量:头条访问量：3213624
天下杂谈问量：15497
音乐访问量：12463
视频访问量：35454

===2018-04-05 11:02:21.242 [http-nio-8080-exec-2] INFO  com.army.util.Count Line:60 -音乐访问量 : 12464
===2018-04-05 11:04:08.002 [http-nio-8080-exec-7] INFO  com.army.util.Count Line:60 -音乐访问量 : 12465
===2018-04-05 11:04:25.580 [http-nio-8080-exec-4] INFO  com.army.util.Count Line:60 -音乐访问量 : 12466
===2018-04-05 11:04:33.476 [pool-2-thread-1] INFO  com.army.util.Count Line:141-刷新访问量:头条访问量：3213624
天下杂谈问量：15497
音乐访问量：12466
视频访问量：35454

===2018-04-05 11:04:46.886 [http-nio-8080-exec-4] INFO  com.army.util.Count Line:60 -音乐访问量 : 12467
===2018-04-05 11:05:00.000 [pool-2-thread-1] INFO  com.army.util.Count Line:141-刷新访问量:头条访问量：3213624
天下杂谈问量：15497
音乐访问量：12467
视频访问量：35454

===2018-04-05 11:05:52.422 [http-nio-8080-exec-10] INFO  com.army.util.Count Line:60 -音乐访问量 : 12468
===2018-04-05 11:06:00.003 [pool-2-thread-1] INFO  com.army.util.Count Line:141-刷新访问量:头条访问量：3213624
天下杂谈问量：15497
音乐访问量：12468
视频访问量：35454

===2018-04-05 11:07:00.002 [pool-2-thread-1] INFO  com.army.util.Count Line:141-刷新访问量:头条访问量：3213624
天下杂谈问量：15497
音乐访问量：12468
视频访问量：35454

===2018-04-05 11:08:00.002 [pool-2-thread-1] INFO  com.army.util.Count Line:141-刷新访问量:头条访问量：3213624
天下杂谈问量：15497
音乐访问量：12468
视频访问量：35454

===2018-04-05 11:09:00.003 [pool-2-thread-1] INFO  com.army.util.Count Line:141-刷新访问量:头条访问量：3213624
天下杂谈问量：15497
音乐访问量：12468
视频访问量：35454

===2018-04-05 11:10:00.002 [pool-2-thread-1] INFO  com.army.util.Count Line:141-刷新访问量:头条访问量：3213624
天下杂谈问量：15497
音乐访问量：12468
视频访问量：35454

===2018-04-05 11:11:00.003 [pool-2-thread-1] INFO  com.army.util.Count Line:141-刷新访问量:头条访问量：3213624
天下杂谈问量：15497
音乐访问量：12468
视频访问量：35454

===2018-04-05 11:12:00.002 [pool-2-thread-1] INFO  com.army.util.Count Line:141-刷新访问量:头条访问量：3213624
天下杂谈问量：15497
音乐访问量：12468
视频访问量：35454

===2018-04-05 11:13:00.003 [pool-2-thread-1] INFO  com.army.util.Count Line:141-刷新访问量:头条访问量：3213624
天下杂谈问量：15497
音乐访问量：12468
视频访问量：35454

===2018-04-05 11:14:00.001 [pool-2-thread-1] INFO  com.army.util.Count Line:141-刷新访问量:头条访问量：3213624
天下杂谈问量：15497
音乐访问量：12468
视频访问量：35454

===2018-04-05 11:15:00.002 [pool-2-thread-1] INFO  com.army.util.Count Line:141-刷新访问量:头条访问量：3213624
天下杂谈问量：15497
音乐访问量：12468
视频访问量：35454

===2018-04-05 11:16:00.003 [pool-2-thread-1] INFO  com.army.util.Count Line:141-刷新访问量:头条访问量：3213624
天下杂谈问量：15497
音乐访问量：12468
视频访问量：35454

===2018-04-05 11:17:00.003 [pool-2-thread-1] INFO  com.army.util.Count Line:141-刷新访问量:头条访问量：3213624
天下杂谈问量：15497
音乐访问量：12468
视频访问量：35454

===2018-04-05 11:18:00.002 [pool-2-thread-1] INFO  com.army.util.Count Line:141-刷新访问量:头条访问量：3213624
天下杂谈问量：15497
音乐访问量：12468
视频访问量：35454

===2018-04-05 11:19:00.001 [pool-2-thread-1] INFO  com.army.util.Count Line:141-刷新访问量:头条访问量：3213624
天下杂谈问量：15497
音乐访问量：12468
视频访问量：35454

===2018-04-05 11:20:00.002 [pool-2-thread-1] INFO  com.army.util.Count Line:141-刷新访问量:头条访问量：3213624
天下杂谈问量：15497
音乐访问量：12468
视频访问量：35454

===2018-04-05 11:21:00.002 [pool-2-thread-1] INFO  com.army.util.Count Line:141-刷新访问量:头条访问量：3213624
天下杂谈问量：15497
音乐访问量：12468
视频访问量：35454

===2018-04-05 11:22:00.002 [pool-2-thread-1] INFO  com.army.util.Count Line:141-刷新访问量:头条访问量：3213624
天下杂谈问量：15497
音乐访问量：12468
视频访问量：35454

===2018-04-05 11:23:00.001 [pool-2-thread-1] INFO  com.army.util.Count Line:141-刷新访问量:头条访问量：3213624
天下杂谈问量：15497
音乐访问量：12468
视频访问量：35454

===2018-04-05 11:24:00.002 [pool-2-thread-1] INFO  com.army.util.Count Line:141-刷新访问量:头条访问量：3213624
天下杂谈问量：15497
音乐访问量：12468
视频访问量：35454

===2018-04-05 11:25:00.003 [pool-2-thread-1] INFO  com.army.util.Count Line:141-刷新访问量:头条访问量：3213624
天下杂谈问量：15497
音乐访问量：12468
视频访问量：35454

===2018-04-05 11:26:00.001 [pool-2-thread-1] INFO  com.army.util.Count Line:141-刷新访问量:头条访问量：3213624
天下杂谈问量：15497
音乐访问量：12468
视频访问量：35454

===2018-04-05 11:27:00.003 [pool-2-thread-1] INFO  com.army.util.Count Line:141-刷新访问量:头条访问量：3213624
天下杂谈问量：15497
音乐访问量：12468
视频访问量：35454

===2018-04-05 11:28:00.000 [pool-2-thread-1] INFO  com.army.util.Count Line:141-刷新访问量:头条访问量：3213624
天下杂谈问量：15497
音乐访问量：12468
视频访问量：35454

===2018-04-05 11:29:00.001 [pool-2-thread-1] INFO  com.army.util.Count Line:141-刷新访问量:头条访问量：3213624
天下杂谈问量：15497
音乐访问量：12468
视频访问量：35454

===2018-04-05 11:30:00.001 [pool-2-thread-1] INFO  com.army.util.Count Line:141-刷新访问量:头条访问量：3213624
天下杂谈问量：15497
音乐访问量：12468
视频访问量：35454

===2018-04-05 11:31:00.002 [pool-2-thread-1] INFO  com.army.util.Count Line:141-刷新访问量:头条访问量：3213624
天下杂谈问量：15497
音乐访问量：12468
视频访问量：35454

===2018-04-05 11:32:00.001 [pool-2-thread-1] INFO  com.army.util.Count Line:141-刷新访问量:头条访问量：3213624
天下杂谈问量：15497
音乐访问量：12468
视频访问量：35454

===2018-04-05 11:33:00.002 [pool-2-thread-1] INFO  com.army.util.Count Line:141-刷新访问量:头条访问量：3213624
天下杂谈问量：15497
音乐访问量：12468
视频访问量：35454

===2018-04-05 11:34:00.003 [pool-2-thread-1] INFO  com.army.util.Count Line:141-刷新访问量:头条访问量：3213624
天下杂谈问量：15497
音乐访问量：12468
视频访问量：35454

===2018-04-05 11:35:00.002 [pool-2-thread-1] INFO  com.army.util.Count Line:141-刷新访问量:头条访问量：3213624
天下杂谈问量：15497
音乐访问量：12468
视频访问量：35454

===2018-04-05 11:36:00.003 [pool-2-thread-1] INFO  com.army.util.Count Line:141-刷新访问量:头条访问量：3213624
天下杂谈问量：15497
音乐访问量：12468
视频访问量：35454

===2018-04-05 11:37:00.002 [pool-2-thread-1] INFO  com.army.util.Count Line:141-刷新访问量:头条访问量：3213624
天下杂谈问量：15497
音乐访问量：12468
视频访问量：35454

===2018-04-05 11:38:00.002 [pool-2-thread-1] INFO  com.army.util.Count Line:141-刷新访问量:头条访问量：3213624
天下杂谈问量：15497
音乐访问量：12468
视频访问量：35454

===2018-04-05 11:39:00.002 [pool-2-thread-1] INFO  com.army.util.Count Line:141-刷新访问量:头条访问量：3213624
天下杂谈问量：15497
音乐访问量：12468
视频访问量：35454

===2018-04-05 11:39:54.123 [http-nio-8080-exec-8] INFO  com.army.util.Count Line:48 -头条访问量 : 3213625
===2018-04-05 11:39:54.151 [http-nio-8080-exec-9] INFO  com.army.util.Count Line:54 -天下杂谈访问量 : 15498
===2018-04-05 11:40:00.001 [pool-2-thread-1] INFO  com.army.util.Count Line:141-刷新访问量:头条访问量：3213625
天下杂谈问量：15498
音乐访问量：12468
视频访问量：35454

===2018-04-05 11:41:00.003 [pool-2-thread-1] INFO  com.army.util.Count Line:141-刷新访问量:头条访问量：3213625
天下杂谈问量：15498
音乐访问量：12468
视频访问量：35454

===2018-04-05 11:42:00.000 [pool-2-thread-1] INFO  com.army.util.Count Line:141-刷新访问量:头条访问量：3213625
天下杂谈问量：15498
音乐访问量：12468
视频访问量：35454

===2018-04-05 11:43:00.003 [pool-2-thread-1] INFO  com.army.util.Count Line:141-刷新访问量:头条访问量：3213625
天下杂谈问量：15498
音乐访问量：12468
视频访问量：35454

===2018-04-05 11:43:41.599 [http-nio-8080-exec-4] INFO  com.army.util.Count Line:54 -天下杂谈访问量 : 15499
===2018-04-05 11:43:45.941 [http-nio-8080-exec-1] INFO  com.army.util.Count Line:54 -天下杂谈访问量 : 15500
===2018-04-05 11:43:47.524 [http-nio-8080-exec-9] INFO  com.army.util.Count Line:54 -天下杂谈访问量 : 15501
===2018-04-05 11:43:49.313 [http-nio-8080-exec-6] INFO  com.army.util.Count Line:54 -天下杂谈访问量 : 15502
===2018-04-05 11:43:52.705 [http-nio-8080-exec-10] INFO  com.army.util.Count Line:48 -头条访问量 : 3213626
===2018-04-05 11:43:52.706 [http-nio-8080-exec-9] INFO  com.army.util.Count Line:54 -天下杂谈访问量 : 15503
===2018-04-05 11:43:56.828 [http-nio-8080-exec-10] INFO  com.army.util.Count Line:60 -音乐访问量 : 12469
===2018-04-05 11:44:00.002 [pool-2-thread-1] INFO  com.army.util.Count Line:141-刷新访问量:头条访问量：3213626
天下杂谈问量：15503
音乐访问量：12469
视频访问量：35454

===2018-04-05 11:45:00.001 [pool-2-thread-1] INFO  com.army.util.Count Line:141-刷新访问量:头条访问量：3213626
天下杂谈问量：15503
音乐访问量：12469
视频访问量：35454

===2018-04-05 11:46:00.004 [pool-2-thread-1] INFO  com.army.util.Count Line:141-刷新访问量:头条访问量：3213626
天下杂谈问量：15503
音乐访问量：12469
视频访问量：35454

===2018-04-05 11:47:00.001 [pool-2-thread-1] INFO  com.army.util.Count Line:141-刷新访问量:头条访问量：3213626
天下杂谈问量：15503
音乐访问量：12469
视频访问量：35454

===2018-04-05 11:47:10.871 [http-nio-8080-exec-3] INFO  com.army.util.Count Line:66 -视频访问量 : 35455
===2018-04-05 11:47:10.871 [http-nio-8080-exec-8] INFO  com.army.util.Count Line:66 -视频访问量 : 35456
===2018-04-05 11:48:00.003 [pool-2-thread-1] INFO  com.army.util.Count Line:141-刷新访问量:头条访问量：3213626
天下杂谈问量：15503
音乐访问量：12469
视频访问量：35456

===2018-04-05 11:48:42.332 [http-nio-8080-exec-7] INFO  com.army.util.Count Line:66 -视频访问量 : 35457
===2018-04-05 11:49:00.004 [pool-2-thread-1] INFO  com.army.util.Count Line:141-刷新访问量:头条访问量：3213626
天下杂谈问量：15503
音乐访问量：12469
视频访问量：35457

===2018-04-05 11:50:00.003 [pool-2-thread-1] INFO  com.army.util.Count Line:141-刷新访问量:头条访问量：3213626
天下杂谈问量：15503
音乐访问量：12469
视频访问量：35457

===2018-04-05 11:51:00.002 [pool-2-thread-1] INFO  com.army.util.Count Line:141-刷新访问量:头条访问量：3213626
天下杂谈问量：15503
音乐访问量：12469
视频访问量：35457

===2018-04-05 11:52:00.002 [pool-2-thread-1] INFO  com.army.util.Count Line:141-刷新访问量:头条访问量：3213626
天下杂谈问量：15503
音乐访问量：12469
视频访问量：35457

===2018-04-05 11:53:00.003 [pool-2-thread-1] INFO  com.army.util.Count Line:141-刷新访问量:头条访问量：3213626
天下杂谈问量：15503
音乐访问量：12469
视频访问量：35457

===2018-04-05 11:54:00.003 [pool-2-thread-1] INFO  com.army.util.Count Line:141-刷新访问量:头条访问量：3213626
天下杂谈问量：15503
音乐访问量：12469
视频访问量：35457

===2018-04-05 11:55:00.002 [pool-2-thread-1] INFO  com.army.util.Count Line:141-刷新访问量:头条访问量：3213626
天下杂谈问量：15503
音乐访问量：12469
视频访问量：35457

===2018-04-05 11:56:00.002 [pool-2-thread-1] INFO  com.army.util.Count Line:141-刷新访问量:头条访问量：3213626
天下杂谈问量：15503
音乐访问量：12469
视频访问量：35457

===2018-04-05 11:57:00.002 [pool-2-thread-1] INFO  com.army.util.Count Line:141-刷新访问量:头条访问量：3213626
天下杂谈问量：15503
音乐访问量：12469
视频访问量：35457

===2018-04-05 11:58:00.001 [pool-2-thread-1] INFO  com.army.util.Count Line:141-刷新访问量:头条访问量：3213626
天下杂谈问量：15503
音乐访问量：12469
视频访问量：35457

===2018-04-05 11:59:00.002 [pool-2-thread-1] INFO  com.army.util.Count Line:141-刷新访问量:头条访问量：3213626
天下杂谈问量：15503
音乐访问量：12469
视频访问量：35457

===2018-04-05 12:00:00.003 [pool-2-thread-1] INFO  com.army.util.Count Line:141-刷新访问量:头条访问量：3213626
天下杂谈问量：15503
音乐访问量：12469
视频访问量：35457

===2018-04-05 12:04:22.306 [pool-2-thread-1] INFO  com.army.util.Count Line:141-刷新访问量:头条访问量：3213626
天下杂谈问量：15503
音乐访问量：12469
视频访问量：35457

===2018-04-05 12:05:00.002 [pool-2-thread-1] INFO  com.army.util.Count Line:141-刷新访问量:头条访问量：3213626
天下杂谈问量：15503
音乐访问量：12469
视频访问量：35457

===2018-04-05 12:06:00.002 [pool-2-thread-1] INFO  com.army.util.Count Line:141-刷新访问量:头条访问量：3213626
天下杂谈问量：15503
音乐访问量：12469
视频访问量：35457

===2018-04-05 12:07:00.003 [pool-2-thread-1] INFO  com.army.util.Count Line:141-刷新访问量:头条访问量：3213626
天下杂谈问量：15503
音乐访问量：12469
视频访问量：35457

===2018-04-05 12:08:00.002 [pool-2-thread-1] INFO  com.army.util.Count Line:141-刷新访问量:头条访问量：3213626
天下杂谈问量：15503
音乐访问量：12469
视频访问量：35457

===2018-04-05 12:09:00.003 [pool-2-thread-1] INFO  com.army.util.Count Line:141-刷新访问量:头条访问量：3213626
天下杂谈问量：15503
音乐访问量：12469
视频访问量：35457

===2018-04-05 12:10:00.002 [pool-2-thread-1] INFO  com.army.util.Count Line:141-刷新访问量:头条访问量：3213626
天下杂谈问量：15503
音乐访问量：12469
视频访问量：35457

===2018-04-05 12:11:00.002 [pool-2-thread-1] INFO  com.army.util.Count Line:141-刷新访问量:头条访问量：3213626
天下杂谈问量：15503
音乐访问量：12469
视频访问量：35457

===2018-04-05 12:12:00.002 [pool-2-thread-1] INFO  com.army.util.Count Line:141-刷新访问量:头条访问量：3213626
天下杂谈问量：15503
音乐访问量：12469
视频访问量：35457

===2018-04-05 12:13:00.001 [pool-2-thread-1] INFO  com.army.util.Count Line:141-刷新访问量:头条访问量：3213626
天下杂谈问量：15503
音乐访问量：12469
视频访问量：35457

===2018-04-05 12:14:00.003 [pool-2-thread-1] INFO  com.army.util.Count Line:141-刷新访问量:头条访问量：3213626
天下杂谈问量：15503
音乐访问量：12469
视频访问量：35457

===2018-04-05 12:15:00.003 [pool-2-thread-1] INFO  com.army.util.Count Line:141-刷新访问量:头条访问量：3213626
天下杂谈问量：15503
音乐访问量：12469
视频访问量：35457

===2018-04-05 12:16:00.002 [pool-2-thread-1] INFO  com.army.util.Count Line:141-刷新访问量:头条访问量：3213626
天下杂谈问量：15503
音乐访问量：12469
视频访问量：35457

===2018-04-05 12:17:00.000 [pool-2-thread-1] INFO  com.army.util.Count Line:141-刷新访问量:头条访问量：3213626
天下杂谈问量：15503
音乐访问量：12469
视频访问量：35457

===2018-04-05 12:18:00.001 [pool-2-thread-1] INFO  com.army.util.Count Line:141-刷新访问量:头条访问量：3213626
天下杂谈问量：15503
音乐访问量：12469
视频访问量：35457

===2018-04-05 12:19:00.000 [pool-2-thread-1] INFO  com.army.util.Count Line:141-刷新访问量:头条访问量：3213626
天下杂谈问量：15503
音乐访问量：12469
视频访问量：35457

===2018-04-05 12:20:00.003 [pool-2-thread-1] INFO  com.army.util.Count Line:141-刷新访问量:头条访问量：3213626
天下杂谈问量：15503
音乐访问量：12469
视频访问量：35457

===2018-04-05 12:21:00.001 [pool-2-thread-1] INFO  com.army.util.Count Line:141-刷新访问量:头条访问量：3213626
天下杂谈问量：15503
音乐访问量：12469
视频访问量：35457

===2018-04-05 12:22:00.002 [pool-2-thread-1] INFO  com.army.util.Count Line:141-刷新访问量:头条访问量：3213626
天下杂谈问量：15503
音乐访问量：12469
视频访问量：35457

===2018-04-05 12:23:00.002 [pool-2-thread-1] INFO  com.army.util.Count Line:141-刷新访问量:头条访问量：3213626
天下杂谈问量：15503
音乐访问量：12469
视频访问量：35457

===2018-04-05 12:24:00.000 [pool-2-thread-1] INFO  com.army.util.Count Line:141-刷新访问量:头条访问量：3213626
天下杂谈问量：15503
音乐访问量：12469
视频访问量：35457

===2018-04-05 12:25:00.002 [pool-2-thread-1] INFO  com.army.util.Count Line:141-刷新访问量:头条访问量：3213626
天下杂谈问量：15503
音乐访问量：12469
视频访问量：35457

===2018-04-05 12:26:00.001 [pool-2-thread-1] INFO  com.army.util.Count Line:141-刷新访问量:头条访问量：3213626
天下杂谈问量：15503
音乐访问量：12469
视频访问量：35457

===2018-04-05 12:27:00.002 [pool-2-thread-1] INFO  com.army.util.Count Line:141-刷新访问量:头条访问量：3213626
天下杂谈问量：15503
音乐访问量：12469
视频访问量：35457

===2018-04-05 12:28:00.002 [pool-2-thread-1] INFO  com.army.util.Count Line:141-刷新访问量:头条访问量：3213626
天下杂谈问量：15503
音乐访问量：12469
视频访问量：35457

===2018-04-05 12:29:00.001 [pool-2-thread-1] INFO  com.army.util.Count Line:141-刷新访问量:头条访问量：3213626
天下杂谈问量：15503
音乐访问量：12469
视频访问量：35457

===2018-04-05 12:34:11.586 [pool-2-thread-1] INFO  com.army.util.Count Line:141-刷新访问量:头条访问量：3213626
天下杂谈问量：15503
音乐访问量：12469
视频访问量：35457

===2018-04-05 12:35:00.001 [pool-2-thread-1] INFO  com.army.util.Count Line:141-刷新访问量:头条访问量：3213626
天下杂谈问量：15503
音乐访问量：12469
视频访问量：35457

===2018-04-05 12:36:00.002 [pool-2-thread-1] INFO  com.army.util.Count Line:141-刷新访问量:头条访问量：3213626
天下杂谈问量：15503
音乐访问量：12469
视频访问量：35457

===2018-04-05 12:37:00.001 [pool-2-thread-1] INFO  com.army.util.Count Line:141-刷新访问量:头条访问量：3213626
天下杂谈问量：15503
音乐访问量：12469
视频访问量：35457

===2018-04-05 12:38:00.002 [pool-2-thread-1] INFO  com.army.util.Count Line:141-刷新访问量:头条访问量：3213626
天下杂谈问量：15503
音乐访问量：12469
视频访问量：35457

===2018-04-05 12:39:00.001 [pool-2-thread-1] INFO  com.army.util.Count Line:141-刷新访问量:头条访问量：3213626
天下杂谈问量：15503
音乐访问量：12469
视频访问量：35457

===2018-04-05 12:40:00.001 [pool-2-thread-1] INFO  com.army.util.Count Line:141-刷新访问量:头条访问量：3213626
天下杂谈问量：15503
音乐访问量：12469
视频访问量：35457

===2018-04-05 12:41:00.001 [pool-2-thread-1] INFO  com.army.util.Count Line:141-刷新访问量:头条访问量：3213626
天下杂谈问量：15503
音乐访问量：12469
视频访问量：35457

===2018-04-05 12:42:00.001 [pool-2-thread-1] INFO  com.army.util.Count Line:141-刷新访问量:头条访问量：3213626
天下杂谈问量：15503
音乐访问量：12469
视频访问量：35457

===2018-04-05 12:43:00.003 [pool-2-thread-1] INFO  com.army.util.Count Line:141-刷新访问量:头条访问量：3213626
天下杂谈问量：15503
音乐访问量：12469
视频访问量：35457

===2018-04-05 12:44:00.002 [pool-2-thread-1] INFO  com.army.util.Count Line:141-刷新访问量:头条访问量：3213626
天下杂谈问量：15503
音乐访问量：12469
视频访问量：35457

===2018-04-05 12:45:00.003 [pool-2-thread-1] INFO  com.army.util.Count Line:141-刷新访问量:头条访问量：3213626
天下杂谈问量：15503
音乐访问量：12469
视频访问量：35457

===2018-04-05 12:46:00.002 [pool-2-thread-1] INFO  com.army.util.Count Line:141-刷新访问量:头条访问量：3213626
天下杂谈问量：15503
音乐访问量：12469
视频访问量：35457

===2018-04-05 12:47:00.002 [pool-2-thread-1] INFO  com.army.util.Count Line:141-刷新访问量:头条访问量：3213626
天下杂谈问量：15503
音乐访问量：12469
视频访问量：35457

===2018-04-05 12:48:00.003 [pool-2-thread-1] INFO  com.army.util.Count Line:141-刷新访问量:头条访问量：3213626
天下杂谈问量：15503
音乐访问量：12469
视频访问量：35457

===2018-04-05 12:49:00.002 [pool-2-thread-1] INFO  com.army.util.Count Line:141-刷新访问量:头条访问量：3213626
天下杂谈问量：15503
音乐访问量：12469
视频访问量：35457

===2018-04-05 12:50:00.003 [pool-2-thread-1] INFO  com.army.util.Count Line:141-刷新访问量:头条访问量：3213626
天下杂谈问量：15503
音乐访问量：12469
视频访问量：35457

===2018-04-05 12:51:00.001 [pool-2-thread-1] INFO  com.army.util.Count Line:141-刷新访问量:头条访问量：3213626
天下杂谈问量：15503
音乐访问量：12469
视频访问量：35457

===2018-04-05 12:52:00.001 [pool-2-thread-1] INFO  com.army.util.Count Line:141-刷新访问量:头条访问量：3213626
天下杂谈问量：15503
音乐访问量：12469
视频访问量：35457

===2018-04-05 12:53:00.002 [pool-2-thread-1] INFO  com.army.util.Count Line:141-刷新访问量:头条访问量：3213626
天下杂谈问量：15503
音乐访问量：12469
视频访问量：35457

===2018-04-05 12:54:00.001 [pool-2-thread-1] INFO  com.army.util.Count Line:141-刷新访问量:头条访问量：3213626
天下杂谈问量：15503
音乐访问量：12469
视频访问量：35457

===2018-04-05 12:55:00.003 [pool-2-thread-1] INFO  com.army.util.Count Line:141-刷新访问量:头条访问量：3213626
天下杂谈问量：15503
音乐访问量：12469
视频访问量：35457

===2018-04-05 12:56:00.002 [pool-2-thread-1] INFO  com.army.util.Count Line:141-刷新访问量:头条访问量：3213626
天下杂谈问量：15503
音乐访问量：12469
视频访问量：35457

===2018-04-05 12:57:00.004 [pool-2-thread-1] INFO  com.army.util.Count Line:141-刷新访问量:头条访问量：3213626
天下杂谈问量：15503
音乐访问量：12469
视频访问量：35457

===2018-04-05 12:58:00.003 [pool-2-thread-1] INFO  com.army.util.Count Line:141-刷新访问量:头条访问量：3213626
天下杂谈问量：15503
音乐访问量：12469
视频访问量：35457

===2018-04-05 12:59:00.001 [pool-2-thread-1] INFO  com.army.util.Count Line:141-刷新访问量:头条访问量：3213626
天下杂谈问量：15503
音乐访问量：12469
视频访问量：35457

===2018-04-05 13:04:15.574 [pool-2-thread-1] INFO  com.army.util.Count Line:141-刷新访问量:头条访问量：3213626
天下杂谈问量：15503
音乐访问量：12469
视频访问量：35457

===2018-04-05 13:05:00.001 [pool-2-thread-1] INFO  com.army.util.Count Line:141-刷新访问量:头条访问量：3213626
天下杂谈问量：15503
音乐访问量：12469
视频访问量：35457

===2018-04-05 13:06:00.003 [pool-2-thread-1] INFO  com.army.util.Count Line:141-刷新访问量:头条访问量：3213626
天下杂谈问量：15503
音乐访问量：12469
视频访问量：35457

===2018-04-05 13:07:00.003 [pool-2-thread-1] INFO  com.army.util.Count Line:141-刷新访问量:头条访问量：3213626
天下杂谈问量：15503
音乐访问量：12469
视频访问量：35457

===2018-04-05 13:08:00.002 [pool-2-thread-1] INFO  com.army.util.Count Line:141-刷新访问量:头条访问量：3213626
天下杂谈问量：15503
音乐访问量：12469
视频访问量：35457

===2018-04-05 13:09:00.002 [pool-2-thread-1] INFO  com.army.util.Count Line:141-刷新访问量:头条访问量：3213626
天下杂谈问量：15503
音乐访问量：12469
视频访问量：35457

===2018-04-05 13:10:00.002 [pool-2-thread-1] INFO  com.army.util.Count Line:141-刷新访问量:头条访问量：3213626
天下杂谈问量：15503
音乐访问量：12469
视频访问量：35457

===2018-04-05 13:11:00.003 [pool-2-thread-1] INFO  com.army.util.Count Line:141-刷新访问量:头条访问量：3213626
天下杂谈问量：15503
音乐访问量：12469
视频访问量：35457

===2018-04-05 13:12:00.002 [pool-2-thread-1] INFO  com.army.util.Count Line:141-刷新访问量:头条访问量：3213626
天下杂谈问量：15503
音乐访问量：12469
视频访问量：35457

===2018-04-05 13:13:00.003 [pool-2-thread-1] INFO  com.army.util.Count Line:141-刷新访问量:头条访问量：3213626
天下杂谈问量：15503
音乐访问量：12469
视频访问量：35457

===2018-04-05 13:14:00.001 [pool-2-thread-1] INFO  com.army.util.Count Line:141-刷新访问量:头条访问量：3213626
天下杂谈问量：15503
音乐访问量：12469
视频访问量：35457

===2018-04-05 13:15:00.003 [pool-2-thread-1] INFO  com.army.util.Count Line:141-刷新访问量:头条访问量：3213626
天下杂谈问量：15503
音乐访问量：12469
视频访问量：35457

===2018-04-05 13:16:00.003 [pool-2-thread-1] INFO  com.army.util.Count Line:141-刷新访问量:头条访问量：3213626
天下杂谈问量：15503
音乐访问量：12469
视频访问量：35457

===2018-04-05 13:17:00.001 [pool-2-thread-1] INFO  com.army.util.Count Line:141-刷新访问量:头条访问量：3213626
天下杂谈问量：15503
音乐访问量：12469
视频访问量：35457

===2018-04-05 13:18:00.003 [pool-2-thread-1] INFO  com.army.util.Count Line:141-刷新访问量:头条访问量：3213626
天下杂谈问量：15503
音乐访问量：12469
视频访问量：35457

===2018-04-05 13:19:00.002 [pool-2-thread-1] INFO  com.army.util.Count Line:141-刷新访问量:头条访问量：3213626
天下杂谈问量：15503
音乐访问量：12469
视频访问量：35457

===2018-04-05 13:20:00.002 [pool-2-thread-1] INFO  com.army.util.Count Line:141-刷新访问量:头条访问量：3213626
天下杂谈问量：15503
音乐访问量：12469
视频访问量：35457

===2018-04-05 13:21:00.001 [pool-2-thread-1] INFO  com.army.util.Count Line:141-刷新访问量:头条访问量：3213626
天下杂谈问量：15503
音乐访问量：12469
视频访问量：35457

===2018-04-05 13:22:00.003 [pool-2-thread-1] INFO  com.army.util.Count Line:141-刷新访问量:头条访问量：3213626
天下杂谈问量：15503
音乐访问量：12469
视频访问量：35457

===2018-04-05 13:23:00.001 [pool-2-thread-1] INFO  com.army.util.Count Line:141-刷新访问量:头条访问量：3213626
天下杂谈问量：15503
音乐访问量：12469
视频访问量：35457

===2018-04-05 13:24:00.001 [pool-2-thread-1] INFO  com.army.util.Count Line:141-刷新访问量:头条访问量：3213626
天下杂谈问量：15503
音乐访问量：12469
视频访问量：35457

===2018-04-05 13:25:00.002 [pool-2-thread-1] INFO  com.army.util.Count Line:141-刷新访问量:头条访问量：3213626
天下杂谈问量：15503
音乐访问量：12469
视频访问量：35457

===2018-04-05 13:26:00.002 [pool-2-thread-1] INFO  com.army.util.Count Line:141-刷新访问量:头条访问量：3213626
天下杂谈问量：15503
音乐访问量：12469
视频访问量：35457

===2018-04-05 13:27:00.002 [pool-2-thread-1] INFO  com.army.util.Count Line:141-刷新访问量:头条访问量：3213626
天下杂谈问量：15503
音乐访问量：12469
视频访问量：35457

===2018-04-05 13:28:00.002 [pool-2-thread-1] INFO  com.army.util.Count Line:141-刷新访问量:头条访问量：3213626
天下杂谈问量：15503
音乐访问量：12469
视频访问量：35457

===2018-04-05 13:29:00.002 [pool-2-thread-1] INFO  com.army.util.Count Line:141-刷新访问量:头条访问量：3213626
天下杂谈问量：15503
音乐访问量：12469
视频访问量：35457

===2018-04-05 13:30:00.001 [pool-2-thread-1] INFO  com.army.util.Count Line:141-刷新访问量:头条访问量：3213626
天下杂谈问量：15503
音乐访问量：12469
视频访问量：35457

===2018-04-05 13:31:00.002 [pool-2-thread-1] INFO  com.army.util.Count Line:141-刷新访问量:头条访问量：3213626
天下杂谈问量：15503
音乐访问量：12469
视频访问量：35457

===2018-04-05 13:32:00.003 [pool-2-thread-1] INFO  com.army.util.Count Line:141-刷新访问量:头条访问量：3213626
天下杂谈问量：15503
音乐访问量：12469
视频访问量：35457

===2018-04-05 13:33:00.001 [pool-2-thread-1] INFO  com.army.util.Count Line:141-刷新访问量:头条访问量：3213626
天下杂谈问量：15503
音乐访问量：12469
视频访问量：35457

===2018-04-05 13:34:00.002 [pool-2-thread-1] INFO  com.army.util.Count Line:141-刷新访问量:头条访问量：3213626
天下杂谈问量：15503
音乐访问量：12469
视频访问量：35457

===2018-04-05 13:35:00.001 [pool-2-thread-1] INFO  com.army.util.Count Line:141-刷新访问量:头条访问量：3213626
天下杂谈问量：15503
音乐访问量：12469
视频访问量：35457

===2018-04-05 13:36:00.004 [pool-2-thread-1] INFO  com.army.util.Count Line:141-刷新访问量:头条访问量：3213626
天下杂谈问量：15503
音乐访问量：12469
视频访问量：35457

===2018-04-05 13:37:00.002 [pool-2-thread-1] INFO  com.army.util.Count Line:141-刷新访问量:头条访问量：3213626
天下杂谈问量：15503
音乐访问量：12469
视频访问量：35457

===2018-04-05 13:38:00.002 [pool-2-thread-1] INFO  com.army.util.Count Line:141-刷新访问量:头条访问量：3213626
天下杂谈问量：15503
音乐访问量：12469
视频访问量：35457

===2018-04-05 13:39:00.003 [pool-2-thread-1] INFO  com.army.util.Count Line:141-刷新访问量:头条访问量：3213626
天下杂谈问量：15503
音乐访问量：12469
视频访问量：35457

===2018-04-05 13:40:00.001 [pool-2-thread-1] INFO  com.army.util.Count Line:141-刷新访问量:头条访问量：3213626
天下杂谈问量：15503
音乐访问量：12469
视频访问量：35457

===2018-04-05 13:41:00.001 [pool-2-thread-1] INFO  com.army.util.Count Line:141-刷新访问量:头条访问量：3213626
天下杂谈问量：15503
音乐访问量：12469
视频访问量：35457

===2018-04-05 13:42:00.001 [pool-2-thread-1] INFO  com.army.util.Count Line:141-刷新访问量:头条访问量：3213626
天下杂谈问量：15503
音乐访问量：12469
视频访问量：35457

===2018-04-05 13:43:00.003 [pool-2-thread-1] INFO  com.army.util.Count Line:141-刷新访问量:头条访问量：3213626
天下杂谈问量：15503
音乐访问量：12469
视频访问量：35457

===2018-04-05 13:44:00.002 [pool-2-thread-1] INFO  com.army.util.Count Line:141-刷新访问量:头条访问量：3213626
天下杂谈问量：15503
音乐访问量：12469
视频访问量：35457

===2018-04-05 13:45:00.003 [pool-2-thread-1] INFO  com.army.util.Count Line:141-刷新访问量:头条访问量：3213626
天下杂谈问量：15503
音乐访问量：12469
视频访问量：35457

===2018-04-05 13:46:00.004 [pool-2-thread-1] INFO  com.army.util.Count Line:141-刷新访问量:头条访问量：3213626
天下杂谈问量：15503
音乐访问量：12469
视频访问量：35457

===2018-04-05 13:47:00.002 [pool-2-thread-1] INFO  com.army.util.Count Line:141-刷新访问量:头条访问量：3213626
天下杂谈问量：15503
音乐访问量：12469
视频访问量：35457

===2018-04-05 13:48:00.003 [pool-2-thread-1] INFO  com.army.util.Count Line:141-刷新访问量:头条访问量：3213626
天下杂谈问量：15503
音乐访问量：12469
视频访问量：35457

===2018-04-05 13:49:00.002 [pool-2-thread-1] INFO  com.army.util.Count Line:141-刷新访问量:头条访问量：3213626
天下杂谈问量：15503
音乐访问量：12469
视频访问量：35457

===2018-04-05 13:50:00.003 [pool-2-thread-1] INFO  com.army.util.Count Line:141-刷新访问量:头条访问量：3213626
天下杂谈问量：15503
音乐访问量：12469
视频访问量：35457

===2018-04-05 13:51:00.001 [pool-2-thread-1] INFO  com.army.util.Count Line:141-刷新访问量:头条访问量：3213626
天下杂谈问量：15503
音乐访问量：12469
视频访问量：35457

===2018-04-05 13:52:00.010 [pool-2-thread-1] INFO  com.army.util.Count Line:141-刷新访问量:头条访问量：3213626
天下杂谈问量：15503
音乐访问量：12469
视频访问量：35457

===2018-04-05 13:53:00.002 [pool-2-thread-1] INFO  com.army.util.Count Line:141-刷新访问量:头条访问量：3213626
天下杂谈问量：15503
音乐访问量：12469
视频访问量：35457

===2018-04-05 13:54:00.001 [pool-2-thread-1] INFO  com.army.util.Count Line:141-刷新访问量:头条访问量：3213626
天下杂谈问量：15503
音乐访问量：12469
视频访问量：35457

===2018-04-05 13:55:00.002 [pool-2-thread-1] INFO  com.army.util.Count Line:141-刷新访问量:头条访问量：3213626
天下杂谈问量：15503
音乐访问量：12469
视频访问量：35457

===2018-04-05 13:56:00.003 [pool-2-thread-1] INFO  com.army.util.Count Line:141-刷新访问量:头条访问量：3213626
天下杂谈问量：15503
音乐访问量：12469
视频访问量：35457

===2018-04-05 13:57:00.003 [pool-2-thread-1] INFO  com.army.util.Count Line:141-刷新访问量:头条访问量：3213626
天下杂谈问量：15503
音乐访问量：12469
视频访问量：35457

===2018-04-05 13:58:00.002 [pool-2-thread-1] INFO  com.army.util.Count Line:141-刷新访问量:头条访问量：3213626
天下杂谈问量：15503
音乐访问量：12469
视频访问量：35457

===2018-04-05 13:59:00.004 [pool-2-thread-1] INFO  com.army.util.Count Line:141-刷新访问量:头条访问量：3213626
天下杂谈问量：15503
音乐访问量：12469
视频访问量：35457

===2018-04-05 14:00:00.001 [pool-2-thread-1] INFO  com.army.util.Count Line:141-刷新访问量:头条访问量：3213626
天下杂谈问量：15503
音乐访问量：12469
视频访问量：35457

===2018-04-05 14:04:18.067 [pool-2-thread-1] INFO  com.army.util.Count Line:141-刷新访问量:头条访问量：3213626
天下杂谈问量：15503
音乐访问量：12469
视频访问量：35457

===2018-04-05 14:04:51.483 [http-nio-8080-exec-9] INFO  com.army.util.Count Line:66 -视频访问量 : 35458
===2018-04-05 14:05:00.000 [pool-2-thread-1] INFO  com.army.util.Count Line:141-刷新访问量:头条访问量：3213626
天下杂谈问量：15503
音乐访问量：12469
视频访问量：35458

===2018-04-05 14:05:56.383 [http-nio-8080-exec-1] INFO  com.army.util.UpLoadImageUtil Line:85 -vedio:上传{}{"tipStatusContent":"上传成功","error":0,"url":"/upload/vedio/20180405140556367_1.mp4"}
===2018-04-05 14:06:00.003 [pool-2-thread-1] INFO  com.army.util.Count Line:141-刷新访问量:头条访问量：3213626
天下杂谈问量：15503
音乐访问量：12469
视频访问量：35458

===2018-04-05 14:06:07.436 [http-nio-8080-exec-8] INFO  com.army.util.Count Line:66 -视频访问量 : 35459
===2018-04-05 14:07:00.002 [pool-2-thread-1] INFO  com.army.util.Count Line:141-刷新访问量:头条访问量：3213626
天下杂谈问量：15503
音乐访问量：12469
视频访问量：35459

===2018-04-05 14:08:00.002 [pool-2-thread-1] INFO  com.army.util.Count Line:141-刷新访问量:头条访问量：3213626
天下杂谈问量：15503
音乐访问量：12469
视频访问量：35459

===2018-04-05 14:08:48.272 [http-nio-8080-exec-4] INFO  com.army.util.Count Line:66 -视频访问量 : 35460
===2018-04-05 14:09:00.003 [pool-2-thread-1] INFO  com.army.util.Count Line:141-刷新访问量:头条访问量：3213626
天下杂谈问量：15503
音乐访问量：12469
视频访问量：35460

===2018-04-05 14:10:00.001 [pool-2-thread-1] INFO  com.army.util.Count Line:141-刷新访问量:头条访问量：3213626
天下杂谈问量：15503
音乐访问量：12469
视频访问量：35460

===2018-04-05 14:10:53.647 [http-nio-8080-exec-6] INFO  com.army.util.Count Line:66 -视频访问量 : 35461
===2018-04-05 14:11:00.002 [pool-2-thread-1] INFO  com.army.util.Count Line:141-刷新访问量:头条访问量：3213626
天下杂谈问量：15503
音乐访问量：12469
视频访问量：35461

===2018-04-05 14:11:51.116 [http-nio-8080-exec-4] INFO  com.army.util.Count Line:66 -视频访问量 : 35462
===2018-04-05 14:12:00.001 [pool-2-thread-1] INFO  com.army.util.Count Line:141-刷新访问量:头条访问量：3213626
天下杂谈问量：15503
音乐访问量：12469
视频访问量：35462

===2018-04-05 14:12:15.634 [http-nio-8080-exec-1] INFO  com.army.util.Count Line:66 -视频访问量 : 35463
===2018-04-05 14:13:00.006 [pool-2-thread-1] INFO  com.army.util.Count Line:141-刷新访问量:头条访问量：3213626
天下杂谈问量：15503
音乐访问量：12469
视频访问量：35463

===2018-04-05 14:13:11.362 [http-nio-8080-exec-3] INFO  com.army.util.UpLoadImageUtil Line:85 -vedio:上传{}{"tipStatusContent":"上传成功","error":0,"url":"/upload/vedio/20180405141311356_2.mp4"}
===2018-04-05 14:13:33.093 [http-nio-8080-exec-1] INFO  com.army.util.UpLoadImageUtil Line:85 -vedio:上传{}{"tipStatusContent":"上传成功","error":0,"url":"/upload/vedio/20180405141333087_3.mp4"}
===2018-04-05 14:13:41.095 [http-nio-8080-exec-8] INFO  com.army.util.Count Line:66 -视频访问量 : 35464
===2018-04-05 14:14:00.002 [pool-2-thread-1] INFO  com.army.util.Count Line:141-刷新访问量:头条访问量：3213626
天下杂谈问量：15503
音乐访问量：12469
视频访问量：35464

===2018-04-05 14:15:00.001 [pool-2-thread-1] INFO  com.army.util.Count Line:141-刷新访问量:头条访问量：3213626
天下杂谈问量：15503
音乐访问量：12469
视频访问量：35464

===2018-04-05 14:15:22.152 [http-nio-8080-exec-5] INFO  com.army.util.Count Line:66 -视频访问量 : 35465
===2018-04-05 14:16:00.002 [pool-2-thread-1] INFO  com.army.util.Count Line:141-刷新访问量:头条访问量：3213626
天下杂谈问量：15503
音乐访问量：12469
视频访问量：35465

===2018-04-05 14:16:04.168 [http-nio-8080-exec-8] INFO  com.army.util.Count Line:66 -视频访问量 : 35466
===2018-04-05 14:17:00.001 [pool-2-thread-1] INFO  com.army.util.Count Line:141-刷新访问量:头条访问量：3213626
天下杂谈问量：15503
音乐访问量：12469
视频访问量：35466

===2018-04-05 14:18:00.003 [pool-2-thread-1] INFO  com.army.util.Count Line:141-刷新访问量:头条访问量：3213626
天下杂谈问量：15503
音乐访问量：12469
视频访问量：35466

===2018-04-05 14:19:00.001 [pool-2-thread-1] INFO  com.army.util.Count Line:141-刷新访问量:头条访问量：3213626
天下杂谈问量：15503
音乐访问量：12469
视频访问量：35466

===2018-04-05 14:20:00.002 [pool-2-thread-1] INFO  com.army.util.Count Line:141-刷新访问量:头条访问量：3213626
天下杂谈问量：15503
音乐访问量：12469
视频访问量：35466

===2018-04-05 14:21:00.001 [pool-2-thread-1] INFO  com.army.util.Count Line:141-刷新访问量:头条访问量：3213626
天下杂谈问量：15503
音乐访问量：12469
视频访问量：35466

===2018-04-05 14:22:00.009 [pool-2-thread-1] INFO  com.army.util.Count Line:141-刷新访问量:头条访问量：3213626
天下杂谈问量：15503
音乐访问量：12469
视频访问量：35466

===2018-04-05 14:23:00.002 [pool-2-thread-1] INFO  com.army.util.Count Line:141-刷新访问量:头条访问量：3213626
天下杂谈问量：15503
音乐访问量：12469
视频访问量：35466

===2018-04-05 14:23:22.815 [http-nio-8080-exec-8] INFO  com.army.util.Count Line:66 -视频访问量 : 35467
===2018-04-05 14:24:00.002 [pool-2-thread-1] INFO  com.army.util.Count Line:141-刷新访问量:头条访问量：3213626
天下杂谈问量：15503
音乐访问量：12469
视频访问量：35467

===2018-04-05 14:25:00.003 [pool-2-thread-1] INFO  com.army.util.Count Line:141-刷新访问量:头条访问量：3213626
天下杂谈问量：15503
音乐访问量：12469
视频访问量：35467

===2018-04-05 14:26:00.001 [pool-2-thread-1] INFO  com.army.util.Count Line:141-刷新访问量:头条访问量：3213626
天下杂谈问量：15503
音乐访问量：12469
视频访问量：35467

===2018-04-05 14:27:00.021 [pool-2-thread-1] INFO  com.army.util.Count Line:141-刷新访问量:头条访问量：3213626
天下杂谈问量：15503
音乐访问量：12469
视频访问量：35467

===2018-04-05 14:28:00.002 [pool-2-thread-1] INFO  com.army.util.Count Line:141-刷新访问量:头条访问量：3213626
天下杂谈问量：15503
音乐访问量：12469
视频访问量：35467

===2018-04-05 14:29:00.001 [pool-2-thread-1] INFO  com.army.util.Count Line:141-刷新访问量:头条访问量：3213626
天下杂谈问量：15503
音乐访问量：12469
视频访问量：35467

===2018-04-05 14:29:03.140 [http-nio-8080-exec-9] INFO  com.army.util.Count Line:66 -视频访问量 : 35468
===2018-04-05 14:30:00.002 [pool-2-thread-1] INFO  com.army.util.Count Line:141-刷新访问量:头条访问量：3213626
天下杂谈问量：15503
音乐访问量：12469
视频访问量：35468

===2018-04-05 14:31:00.001 [pool-2-thread-1] INFO  com.army.util.Count Line:141-刷新访问量:头条访问量：3213626
天下杂谈问量：15503
音乐访问量：12469
视频访问量：35468

===2018-04-05 14:31:43.187 [http-nio-8080-exec-9] INFO  com.army.util.Count Line:66 -视频访问量 : 35469
===2018-04-05 14:32:00.003 [pool-2-thread-1] INFO  com.army.util.Count Line:141-刷新访问量:头条访问量：3213626
天下杂谈问量：15503
音乐访问量：12469
视频访问量：35469

===2018-04-05 14:33:00.003 [pool-2-thread-1] INFO  com.army.util.Count Line:141-刷新访问量:头条访问量：3213626
天下杂谈问量：15503
音乐访问量：12469
视频访问量：35469

===2018-04-05 14:33:22.230 [http-nio-8080-exec-10] INFO  com.army.util.Count Line:66 -视频访问量 : 35470
===2018-04-05 14:33:46.475 [http-nio-8080-exec-9] INFO  com.army.util.Count Line:66 -视频访问量 : 35471
===2018-04-05 14:34:00.002 [pool-2-thread-1] INFO  com.army.util.Count Line:141-刷新访问量:头条访问量：3213626
天下杂谈问量：15503
音乐访问量：12469
视频访问量：35471

===2018-04-05 14:34:09.568 [http-nio-8080-exec-1] INFO  com.army.util.Count Line:66 -视频访问量 : 35472
===2018-04-05 14:35:00.001 [pool-2-thread-1] INFO  com.army.util.Count Line:141-刷新访问量:头条访问量：3213626
天下杂谈问量：15503
音乐访问量：12469
视频访问量：35472

===2018-04-05 14:35:00.836 [http-nio-8080-exec-9] INFO  com.army.util.Count Line:66 -视频访问量 : 35473
===2018-04-05 14:35:03.154 [http-nio-8080-exec-5] INFO  com.army.util.Count Line:66 -视频访问量 : 35474
===2018-04-05 14:36:00.001 [pool-2-thread-1] INFO  com.army.util.Count Line:141-刷新访问量:头条访问量：3213626
天下杂谈问量：15503
音乐访问量：12469
视频访问量：35474

===2018-04-05 14:37:00.001 [pool-2-thread-1] INFO  com.army.util.Count Line:141-刷新访问量:头条访问量：3213626
天下杂谈问量：15503
音乐访问量：12469
视频访问量：35474

===2018-04-05 14:38:00.001 [pool-2-thread-1] INFO  com.army.util.Count Line:141-刷新访问量:头条访问量：3213626
天下杂谈问量：15503
音乐访问量：12469
视频访问量：35474

===2018-04-05 14:39:00.001 [pool-2-thread-1] INFO  com.army.util.Count Line:141-刷新访问量:头条访问量：3213626
天下杂谈问量：15503
音乐访问量：12469
视频访问量：35474

===2018-04-05 14:40:00.001 [pool-2-thread-1] INFO  com.army.util.Count Line:141-刷新访问量:头条访问量：3213626
天下杂谈问量：15503
音乐访问量：12469
视频访问量：35474

===2018-04-05 14:41:00.002 [pool-2-thread-1] INFO  com.army.util.Count Line:141-刷新访问量:头条访问量：3213626
天下杂谈问量：15503
音乐访问量：12469
视频访问量：35474

===2018-04-05 14:42:00.001 [pool-2-thread-1] INFO  com.army.util.Count Line:141-刷新访问量:头条访问量：3213626
天下杂谈问量：15503
音乐访问量：12469
视频访问量：35474

===2018-04-05 14:43:00.003 [pool-2-thread-1] INFO  com.army.util.Count Line:141-刷新访问量:头条访问量：3213626
天下杂谈问量：15503
音乐访问量：12469
视频访问量：35474

===2018-04-05 14:44:00.001 [pool-2-thread-1] INFO  com.army.util.Count Line:141-刷新访问量:头条访问量：3213626
天下杂谈问量：15503
音乐访问量：12469
视频访问量：35474

===2018-04-05 14:45:00.002 [pool-2-thread-1] INFO  com.army.util.Count Line:141-刷新访问量:头条访问量：3213626
天下杂谈问量：15503
音乐访问量：12469
视频访问量：35474

===2018-04-05 14:46:00.004 [pool-2-thread-1] INFO  com.army.util.Count Line:141-刷新访问量:头条访问量：3213626
天下杂谈问量：15503
音乐访问量：12469
视频访问量：35474

===2018-04-05 14:47:00.021 [pool-2-thread-1] INFO  com.army.util.Count Line:141-刷新访问量:头条访问量：3213626
天下杂谈问量：15503
音乐访问量：12469
视频访问量：35474

===2018-04-05 14:48:00.002 [pool-2-thread-1] INFO  com.army.util.Count Line:141-刷新访问量:头条访问量：3213626
天下杂谈问量：15503
音乐访问量：12469
视频访问量：35474

===2018-04-05 14:49:00.002 [pool-2-thread-1] INFO  com.army.util.Count Line:141-刷新访问量:头条访问量：3213626
天下杂谈问量：15503
音乐访问量：12469
视频访问量：35474

===2018-04-05 14:50:00.002 [pool-2-thread-1] INFO  com.army.util.Count Line:141-刷新访问量:头条访问量：3213626
天下杂谈问量：15503
音乐访问量：12469
视频访问量：35474

===2018-04-05 14:51:00.001 [pool-2-thread-1] INFO  com.army.util.Count Line:141-刷新访问量:头条访问量：3213626
天下杂谈问量：15503
音乐访问量：12469
视频访问量：35474

===2018-04-05 14:52:00.002 [pool-2-thread-1] INFO  com.army.util.Count Line:141-刷新访问量:头条访问量：3213626
天下杂谈问量：15503
音乐访问量：12469
视频访问量：35474

===2018-04-05 14:53:00.029 [pool-2-thread-1] INFO  com.army.util.Count Line:141-刷新访问量:头条访问量：3213626
天下杂谈问量：15503
音乐访问量：12469
视频访问量：35474

===2018-04-05 14:54:00.003 [pool-2-thread-1] INFO  com.army.util.Count Line:141-刷新访问量:头条访问量：3213626
天下杂谈问量：15503
音乐访问量：12469
视频访问量：35474

===2018-04-05 14:55:00.002 [pool-2-thread-1] INFO  com.army.util.Count Line:141-刷新访问量:头条访问量：3213626
天下杂谈问量：15503
音乐访问量：12469
视频访问量：35474

===2018-04-05 14:56:00.001 [pool-2-thread-1] INFO  com.army.util.Count Line:141-刷新访问量:头条访问量：3213626
天下杂谈问量：15503
音乐访问量：12469
视频访问量：35474

===2018-04-05 14:57:00.003 [pool-2-thread-1] INFO  com.army.util.Count Line:141-刷新访问量:头条访问量：3213626
天下杂谈问量：15503
音乐访问量：12469
视频访问量：35474

===2018-04-05 14:58:00.002 [pool-2-thread-1] INFO  com.army.util.Count Line:141-刷新访问量:头条访问量：3213626
天下杂谈问量：15503
音乐访问量：12469
视频访问量：35474

===2018-04-05 14:59:00.002 [pool-2-thread-1] INFO  com.army.util.Count Line:141-刷新访问量:头条访问量：3213626
天下杂谈问量：15503
音乐访问量：12469
视频访问量：35474

===2018-04-05 15:00:00.002 [pool-2-thread-1] INFO  com.army.util.Count Line:141-刷新访问量:头条访问量：3213626
天下杂谈问量：15503
音乐访问量：12469
视频访问量：35474

===2018-04-05 15:04:24.254 [pool-2-thread-1] INFO  com.army.util.Count Line:141-刷新访问量:头条访问量：3213626
天下杂谈问量：15503
音乐访问量：12469
视频访问量：35474

===2018-04-05 15:05:00.002 [pool-2-thread-1] INFO  com.army.util.Count Line:141-刷新访问量:头条访问量：3213626
天下杂谈问量：15503
音乐访问量：12469
视频访问量：35474

===2018-04-05 15:06:00.001 [pool-2-thread-1] INFO  com.army.util.Count Line:141-刷新访问量:头条访问量：3213626
天下杂谈问量：15503
音乐访问量：12469
视频访问量：35474

===2018-04-05 15:07:00.003 [pool-2-thread-1] INFO  com.army.util.Count Line:141-刷新访问量:头条访问量：3213626
天下杂谈问量：15503
音乐访问量：12469
视频访问量：35474

===2018-04-05 15:08:00.004 [pool-2-thread-1] INFO  com.army.util.Count Line:141-刷新访问量:头条访问量：3213626
天下杂谈问量：15503
音乐访问量：12469
视频访问量：35474

===2018-04-05 15:09:00.001 [pool-2-thread-1] INFO  com.army.util.Count Line:141-刷新访问量:头条访问量：3213626
天下杂谈问量：15503
音乐访问量：12469
视频访问量：35474

===2018-04-05 15:10:00.000 [pool-2-thread-1] INFO  com.army.util.Count Line:141-刷新访问量:头条访问量：3213626
天下杂谈问量：15503
音乐访问量：12469
视频访问量：35474

===2018-04-05 15:11:00.003 [pool-2-thread-1] INFO  com.army.util.Count Line:141-刷新访问量:头条访问量：3213626
天下杂谈问量：15503
音乐访问量：12469
视频访问量：35474

===2018-04-05 15:11:01.404 [http-nio-8080-exec-2] INFO  com.army.util.Count Line:48 -头条访问量 : 3213627
===2018-04-05 15:11:01.404 [http-nio-8080-exec-6] INFO  com.army.util.Count Line:54 -天下杂谈访问量 : 15504
===2018-04-05 15:12:00.002 [pool-2-thread-1] INFO  com.army.util.Count Line:141-刷新访问量:头条访问量：3213627
天下杂谈问量：15504
音乐访问量：12469
视频访问量：35474

===2018-04-05 15:13:00.001 [pool-2-thread-1] INFO  com.army.util.Count Line:141-刷新访问量:头条访问量：3213627
天下杂谈问量：15504
音乐访问量：12469
视频访问量：35474

===2018-04-05 15:14:00.002 [pool-2-thread-1] INFO  com.army.util.Count Line:141-刷新访问量:头条访问量：3213627
天下杂谈问量：15504
音乐访问量：12469
视频访问量：35474

===2018-04-05 15:14:17.909 [http-nio-8080-exec-9] INFO  com.army.util.Count Line:48 -头条访问量 : 3213628
===2018-04-05 15:14:17.916 [http-nio-8080-exec-2] INFO  com.army.util.Count Line:54 -天下杂谈访问量 : 15505
===2018-04-05 15:15:00.004 [pool-2-thread-1] INFO  com.army.util.Count Line:141-刷新访问量:头条访问量：3213628
天下杂谈问量：15505
音乐访问量：12469
视频访问量：35474

===2018-04-05 15:16:00.003 [pool-2-thread-1] INFO  com.army.util.Count Line:141-刷新访问量:头条访问量：3213628
天下杂谈问量：15505
音乐访问量：12469
视频访问量：35474

===2018-04-05 15:17:00.000 [pool-2-thread-1] INFO  com.army.util.Count Line:141-刷新访问量:头条访问量：3213628
天下杂谈问量：15505
音乐访问量：12469
视频访问量：35474

===2018-04-05 15:18:00.003 [pool-2-thread-1] INFO  com.army.util.Count Line:141-刷新访问量:头条访问量：3213628
天下杂谈问量：15505
音乐访问量：12469
视频访问量：35474

===2018-04-05 15:19:00.002 [pool-2-thread-1] INFO  com.army.util.Count Line:141-刷新访问量:头条访问量：3213628
天下杂谈问量：15505
音乐访问量：12469
视频访问量：35474

===2018-04-05 15:20:00.003 [pool-2-thread-1] INFO  com.army.util.Count Line:141-刷新访问量:头条访问量：3213628
天下杂谈问量：15505
音乐访问量：12469
视频访问量：35474

===2018-04-05 15:20:11.957 [http-nio-8080-exec-5] INFO  com.army.util.Count Line:54 -天下杂谈访问量 : 15506
===2018-04-05 15:20:11.967 [http-nio-8080-exec-4] INFO  com.army.util.Count Line:48 -头条访问量 : 3213629
===2018-04-05 15:21:00.001 [pool-2-thread-1] INFO  com.army.util.Count Line:141-刷新访问量:头条访问量：3213629
天下杂谈问量：15506
音乐访问量：12469
视频访问量：35474

===2018-04-05 15:22:00.001 [pool-2-thread-1] INFO  com.army.util.Count Line:141-刷新访问量:头条访问量：3213629
天下杂谈问量：15506
音乐访问量：12469
视频访问量：35474

===2018-04-05 15:23:00.002 [pool-2-thread-1] INFO  com.army.util.Count Line:141-刷新访问量:头条访问量：3213629
天下杂谈问量：15506
音乐访问量：12469
视频访问量：35474

===2018-04-05 15:24:00.003 [pool-2-thread-1] INFO  com.army.util.Count Line:141-刷新访问量:头条访问量：3213629
天下杂谈问量：15506
音乐访问量：12469
视频访问量：35474

===2018-04-05 15:25:00.003 [pool-2-thread-1] INFO  com.army.util.Count Line:141-刷新访问量:头条访问量：3213629
天下杂谈问量：15506
音乐访问量：12469
视频访问量：35474

===2018-04-05 15:26:00.002 [pool-2-thread-1] INFO  com.army.util.Count Line:141-刷新访问量:头条访问量：3213629
天下杂谈问量：15506
音乐访问量：12469
视频访问量：35474

===2018-04-05 15:27:00.003 [pool-2-thread-1] INFO  com.army.util.Count Line:141-刷新访问量:头条访问量：3213629
天下杂谈问量：15506
音乐访问量：12469
视频访问量：35474

===2018-04-05 15:28:00.001 [pool-2-thread-1] INFO  com.army.util.Count Line:141-刷新访问量:头条访问量：3213629
天下杂谈问量：15506
音乐访问量：12469
视频访问量：35474

===2018-04-05 15:29:00.001 [pool-2-thread-1] INFO  com.army.util.Count Line:141-刷新访问量:头条访问量：3213629
天下杂谈问量：15506
音乐访问量：12469
视频访问量：35474

===2018-04-05 15:30:00.002 [pool-2-thread-1] INFO  com.army.util.Count Line:141-刷新访问量:头条访问量：3213629
天下杂谈问量：15506
音乐访问量：12469
视频访问量：35474

===2018-04-05 15:31:00.001 [pool-2-thread-1] INFO  com.army.util.Count Line:141-刷新访问量:头条访问量：3213629
天下杂谈问量：15506
音乐访问量：12469
视频访问量：35474

===2018-04-05 15:31:56.643 [http-nio-8080-exec-7] INFO  com.army.util.Count Line:60 -音乐访问量 : 12470
===2018-04-05 15:32:00.002 [pool-2-thread-1] INFO  com.army.util.Count Line:141-刷新访问量:头条访问量：3213629
天下杂谈问量：15506
音乐访问量：12470
视频访问量：35474

===2018-04-05 15:33:00.002 [pool-2-thread-1] INFO  com.army.util.Count Line:141-刷新访问量:头条访问量：3213629
天下杂谈问量：15506
音乐访问量：12470
视频访问量：35474

===2018-04-05 15:34:00.002 [pool-2-thread-1] INFO  com.army.util.Count Line:141-刷新访问量:头条访问量：3213629
天下杂谈问量：15506
音乐访问量：12470
视频访问量：35474

===2018-04-05 15:35:00.002 [pool-2-thread-1] INFO  com.army.util.Count Line:141-刷新访问量:头条访问量：3213629
天下杂谈问量：15506
音乐访问量：12470
视频访问量：35474

===2018-04-05 15:36:00.001 [pool-2-thread-1] INFO  com.army.util.Count Line:141-刷新访问量:头条访问量：3213629
天下杂谈问量：15506
音乐访问量：12470
视频访问量：35474

===2018-04-05 15:37:00.003 [pool-2-thread-1] INFO  com.army.util.Count Line:141-刷新访问量:头条访问量：3213629
天下杂谈问量：15506
音乐访问量：12470
视频访问量：35474

===2018-04-05 15:38:00.001 [pool-2-thread-1] INFO  com.army.util.Count Line:141-刷新访问量:头条访问量：3213629
天下杂谈问量：15506
音乐访问量：12470
视频访问量：35474

===2018-04-05 15:39:00.003 [pool-2-thread-1] INFO  com.army.util.Count Line:141-刷新访问量:头条访问量：3213629
天下杂谈问量：15506
音乐访问量：12470
视频访问量：35474

===2018-04-05 15:39:33.994 [http-nio-8080-exec-2] INFO  com.army.util.Count Line:48 -头条访问量 : 3213630
===2018-04-05 15:40:00.002 [pool-2-thread-1] INFO  com.army.util.Count Line:141-刷新访问量:头条访问量：3213630
天下杂谈问量：15506
音乐访问量：12470
视频访问量：35474

===2018-04-05 15:40:04.586 [http-nio-8080-exec-1] INFO  com.army.util.Count Line:48 -头条访问量 : 3213631
===2018-04-05 15:41:00.002 [pool-2-thread-1] INFO  com.army.util.Count Line:141-刷新访问量:头条访问量：3213631
天下杂谈问量：15506
音乐访问量：12470
视频访问量：35474

===2018-04-05 15:41:13.172 [http-nio-8080-exec-3] INFO  com.army.util.Count Line:48 -头条访问量 : 3213632
===2018-04-05 15:42:00.002 [pool-2-thread-1] INFO  com.army.util.Count Line:141-刷新访问量:头条访问量：3213632
天下杂谈问量：15506
音乐访问量：12470
视频访问量：35474

===2018-04-05 15:43:00.002 [pool-2-thread-1] INFO  com.army.util.Count Line:141-刷新访问量:头条访问量：3213632
天下杂谈问量：15506
音乐访问量：12470
视频访问量：35474

===2018-04-05 15:44:00.003 [pool-2-thread-1] INFO  com.army.util.Count Line:141-刷新访问量:头条访问量：3213632
天下杂谈问量：15506
音乐访问量：12470
视频访问量：35474

===2018-04-05 15:44:11.881 [http-nio-8080-exec-3] INFO  com.army.util.Count Line:48 -头条访问量 : 3213633
===2018-04-05 15:45:00.002 [pool-2-thread-1] INFO  com.army.util.Count Line:141-刷新访问量:头条访问量：3213633
天下杂谈问量：15506
音乐访问量：12470
视频访问量：35474

===2018-04-05 15:45:23.971 [http-nio-8080-exec-6] INFO  com.army.util.Count Line:48 -头条访问量 : 3213634
===2018-04-05 15:46:00.003 [pool-2-thread-1] INFO  com.army.util.Count Line:141-刷新访问量:头条访问量：3213634
天下杂谈问量：15506
音乐访问量：12470
视频访问量：35474

===2018-04-05 15:47:00.002 [pool-2-thread-1] INFO  com.army.util.Count Line:141-刷新访问量:头条访问量：3213634
天下杂谈问量：15506
音乐访问量：12470
视频访问量：35474

===2018-04-05 15:47:22.293 [http-nio-8080-exec-8] INFO  com.army.util.Count Line:48 -头条访问量 : 3213635
===2018-04-05 15:48:00.003 [pool-2-thread-1] INFO  com.army.util.Count Line:141-刷新访问量:头条访问量：3213635
天下杂谈问量：15506
音乐访问量：12470
视频访问量：35474

===2018-04-05 15:48:38.987 [http-nio-8080-exec-1] INFO  com.army.util.Count Line:48 -头条访问量 : 3213636
===2018-04-05 15:49:00.001 [pool-2-thread-1] INFO  com.army.util.Count Line:141-刷新访问量:头条访问量：3213636
天下杂谈问量：15506
音乐访问量：12470
视频访问量：35474

===2018-04-05 15:49:46.958 [http-nio-8080-exec-8] INFO  com.army.util.Count Line:48 -头条访问量 : 3213637
===2018-04-05 15:49:48.320 [http-nio-8080-exec-6] INFO  com.army.util.Count Line:48 -头条访问量 : 3213638
===2018-04-05 15:49:49.796 [http-nio-8080-exec-5] INFO  com.army.util.Count Line:48 -头条访问量 : 3213639
===2018-04-05 15:50:00.002 [pool-2-thread-1] INFO  com.army.util.Count Line:141-刷新访问量:头条访问量：3213639
天下杂谈问量：15506
音乐访问量：12470
视频访问量：35474

===2018-04-05 15:50:12.347 [http-nio-8080-exec-3] INFO  com.army.util.Count Line:48 -头条访问量 : 3213640
===2018-04-05 15:51:00.003 [pool-2-thread-1] INFO  com.army.util.Count Line:141-刷新访问量:头条访问量：3213640
天下杂谈问量：15506
音乐访问量：12470
视频访问量：35474

===2018-04-05 15:52:00.000 [pool-2-thread-1] INFO  com.army.util.Count Line:141-刷新访问量:头条访问量：3213640
天下杂谈问量：15506
音乐访问量：12470
视频访问量：35474

===2018-04-05 15:52:01.969 [http-nio-8080-exec-10] INFO  com.army.util.Count Line:48 -头条访问量 : 3213641
===2018-04-05 15:52:01.975 [http-nio-8080-exec-1] INFO  com.army.util.Count Line:54 -天下杂谈访问量 : 15507
===2018-04-05 15:52:06.668 [http-nio-8080-exec-5] INFO  com.army.util.Count Line:48 -头条访问量 : 3213642
===2018-04-05 15:52:10.157 [http-nio-8080-exec-10] INFO  com.army.util.Count Line:48 -头条访问量 : 3213643
===2018-04-05 15:52:13.640 [http-nio-8080-exec-5] INFO  com.army.util.Count Line:54 -天下杂谈访问量 : 15508
===2018-04-05 15:52:15.183 [http-nio-8080-exec-7] INFO  com.army.util.Count Line:54 -天下杂谈访问量 : 15509
===2018-04-05 15:52:15.797 [http-nio-8080-exec-10] INFO  com.army.util.Count Line:54 -天下杂谈访问量 : 15510
===2018-04-05 15:52:17.714 [http-nio-8080-exec-8] INFO  com.army.util.Count Line:54 -天下杂谈访问量 : 15511
===2018-04-05 15:52:19.475 [http-nio-8080-exec-3] INFO  com.army.util.Count Line:54 -天下杂谈访问量 : 15512
===2018-04-05 15:53:00.002 [pool-2-thread-1] INFO  com.army.util.Count Line:141-刷新访问量:头条访问量：3213643
天下杂谈问量：15512
音乐访问量：12470
视频访问量：35474

===2018-04-05 15:54:00.002 [pool-2-thread-1] INFO  com.army.util.Count Line:141-刷新访问量:头条访问量：3213643
天下杂谈问量：15512
音乐访问量：12470
视频访问量：35474

===2018-04-05 15:55:00.013 [pool-2-thread-1] INFO  com.army.util.Count Line:141-刷新访问量:头条访问量：3213643
天下杂谈问量：15512
音乐访问量：12470
视频访问量：35474

===2018-04-05 15:56:00.002 [pool-2-thread-1] INFO  com.army.util.Count Line:141-刷新访问量:头条访问量：3213643
天下杂谈问量：15512
音乐访问量：12470
视频访问量：35474

===2018-04-05 15:57:00.001 [pool-2-thread-1] INFO  com.army.util.Count Line:141-刷新访问量:头条访问量：3213643
天下杂谈问量：15512
音乐访问量：12470
视频访问量：35474

===2018-04-05 15:58:00.002 [pool-2-thread-1] INFO  com.army.util.Count Line:141-刷新访问量:头条访问量：3213643
天下杂谈问量：15512
音乐访问量：12470
视频访问量：35474

===2018-04-05 15:59:00.001 [pool-2-thread-1] INFO  com.army.util.Count Line:141-刷新访问量:头条访问量：3213643
天下杂谈问量：15512
音乐访问量：12470
视频访问量：35474

===2018-04-05 16:00:00.003 [pool-2-thread-1] INFO  com.army.util.Count Line:141-刷新访问量:头条访问量：3213643
天下杂谈问量：15512
音乐访问量：12470
视频访问量：35474

===2018-04-05 16:42:12.324 [main] INFO  com.army.util.TimerTask Line:34 -start.............
===2018-04-05 16:43:00.003 [pool-2-thread-1] INFO  com.army.util.Count Line:141-刷新访问量:头条访问量：3213643
天下杂谈问量：15512
音乐访问量：12470
视频访问量：35474

===2018-04-05 16:44:00.003 [pool-2-thread-1] INFO  com.army.util.Count Line:141-刷新访问量:头条访问量：3213643
天下杂谈问量：15512
音乐访问量：12470
视频访问量：35474

===2018-04-05 16:45:00.002 [pool-2-thread-1] INFO  com.army.util.Count Line:141-刷新访问量:头条访问量：3213643
天下杂谈问量：15512
音乐访问量：12470
视频访问量：35474

===2018-04-05 16:46:00.003 [pool-2-thread-1] INFO  com.army.util.Count Line:141-刷新访问量:头条访问量：3213643
天下杂谈问量：15512
音乐访问量：12470
视频访问量：35474

===2018-04-05 16:47:00.002 [pool-2-thread-1] INFO  com.army.util.Count Line:141-刷新访问量:头条访问量：3213643
天下杂谈问量：15512
音乐访问量：12470
视频访问量：35474

===2018-04-05 16:48:00.002 [pool-2-thread-1] INFO  com.army.util.Count Line:141-刷新访问量:头条访问量：3213643
天下杂谈问量：15512
音乐访问量：12470
视频访问量：35474

===2018-04-05 16:49:00.002 [pool-2-thread-1] INFO  com.army.util.Count Line:141-刷新访问量:头条访问量：3213643
天下杂谈问量：15512
音乐访问量：12470
视频访问量：35474

